<?xml version="1.0" encoding="utf-8"?><testsuites name="pytest tests"><testsuite name="pytest" errors="0" failures="0" skipped="0" tests="11" time="4.550" timestamp="2026-04-10T21:49:20.379877+00:00" hostname="agent-env-1a5965f8-f66d-4ef9-8b83-1c6f1551fff6"><testcase classname="backend.tests.test_pdc_v2_garmin_map.TestPDCGarminMapBackend" name="test_get_pdc_with_carte_parcelle" time="0.692" /><testcase classname="backend.tests.test_pdc_v2_garmin_map.TestPDCGarminMapBackend" name="test_save_step1_with_carte_parcelle" time="0.324" /><testcase classname="backend.tests.test_pdc_v2_garmin_map.TestPDCGarminMapBackend" name="test_save_step1_with_map_snapshot" time="0.612" /><testcase classname="backend.tests.test_pdc_v2_garmin_map.TestPDCPDFGeneration" name="test_pdf_generation_returns_pdf" time="0.271" /><testcase classname="backend.tests.test_pdc_v2_garmin_map.TestPDCPDFGeneration" name="test_pdf_contains_page_numbers" time="0.263" /><testcase classname="backend.tests.test_pdc_v2_garmin_map.TestPDCPDFGeneration" name="test_pdf_contains_greenlink_header" time="0.255" /><testcase classname="backend.tests.test_pdc_v2_garmin_map.TestPDCPDFGeneration" name="test_pdf_contains_tree_list_section" time="0.270" /><testcase classname="backend.tests.test_pdc_v2_garmin_map.TestNewPDCCreation" name="test_new_pdc_has_carte_parcelle_schema" time="0.789" /><testcase classname="backend.tests.test_pdc_v2_garmin_map.TestExistingFeatures" name="test_pdc_list_works" time="0.317" /><testcase classname="backend.tests.test_pdc_v2_garmin_map.TestExistingFeatures" name="test_pdc_stats_works" time="0.381" /><testcase classname="backend.tests.test_pdc_v2_garmin_map.TestExistingFeatures" name="test_step_save_still_works" time="0.303" /></testsuite></testsuites>