<?xml version="1.0" encoding="utf-8"?><testsuites name="pytest tests"><testsuite name="pytest" errors="0" failures="0" skipped="0" tests="7" time="4.478" timestamp="2026-03-26T21:46:45.211310+00:00" hostname="agent-env-854c0f3e-e3e6-467b-8a49-59d89e3c876c"><testcase classname="tests.test_ssrte_dashboard_iteration76.TestSSRTEDashboardAPIs" name="test_health_check" time="0.244" /><testcase classname="tests.test_ssrte_dashboard_iteration76.TestSSRTEDashboardAPIs" name="test_ssrte_responses_endpoint" time="2.202" /><testcase classname="tests.test_ssrte_dashboard_iteration76.TestSSRTEDashboardAPIs" name="test_ssrte_alerts_endpoint" time="0.187" /><testcase classname="tests.test_ssrte_dashboard_iteration76.TestSSRTEDashboardAPIs" name="test_ssrte_responses_with_filter" time="0.409" /><testcase classname="tests.test_ssrte_dashboard_iteration76.TestAdminLogin" name="test_admin_login_with_identifier" time="0.512" /><testcase classname="tests.test_ssrte_dashboard_iteration76.TestAdminLogin" name="test_authenticated_ssrte_responses" time="0.680" /><testcase classname="tests.test_ssrte_dashboard_iteration76.TestSSRTEDataStructure" name="test_ssrte_response_fields" time="0.176" /></testsuite></testsuites>