<?xml version="1.0" encoding="utf-8"?><testsuites name="pytest tests"><testsuite name="pytest" errors="0" failures="0" skipped="0" tests="19" time="8.439" timestamp="2026-04-15T19:59:46.369609+00:00" hostname="agent-env-04fe1580-c704-4def-adda-b7a75e443d0d"><testcase classname="backend.tests.test_membres_ars_module.TestReferenceEndpoints" name="test_get_etapes_adhesion" time="0.975" /><testcase classname="backend.tests.test_membres_ars_module.TestReferenceEndpoints" name="test_get_champs_norme_4232" time="0.123" /><testcase classname="backend.tests.test_membres_ars_module.TestAdhesionWorkflow" name="test_create_adhesion_step1" time="0.224" /><testcase classname="backend.tests.test_membres_ars_module.TestAdhesionWorkflow" name="test_create_adhesion_full" time="0.221" /><testcase classname="backend.tests.test_membres_ars_module.TestAdhesionWorkflow" name="test_list_adhesions" time="0.226" /><testcase classname="backend.tests.test_membres_ars_module.TestAdhesionWorkflow" name="test_list_adhesions_filter_statut" time="0.264" /><testcase classname="backend.tests.test_membres_ars_module.TestAdhesionWorkflow" name="test_validate_adhesion" time="0.682" /><testcase classname="backend.tests.test_membres_ars_module.TestAdhesionWorkflow" name="test_retrait_membre" time="0.665" /><testcase classname="backend.tests.test_membres_ars_module.TestBulletinPDF" name="test_generate_bulletin_pdf" time="0.500" /><testcase classname="backend.tests.test_membres_ars_module.TestRegistre" name="test_get_registre" time="0.254" /><testcase classname="backend.tests.test_membres_ars_module.TestRegistre" name="test_get_registre_filter_statut" time="0.236" /><testcase classname="backend.tests.test_membres_ars_module.TestRegistre" name="test_get_registre_filter_sexe" time="0.251" /><testcase classname="backend.tests.test_membres_ars_module.TestRegistre" name="test_get_registre_search" time="0.245" /><testcase classname="backend.tests.test_membres_ars_module.TestRegistre" name="test_update_membre" time="0.519" /><testcase classname="backend.tests.test_membres_ars_module.TestPerimetreSM" name="test_create_perimetre" time="0.276" /><testcase classname="backend.tests.test_membres_ars_module.TestPerimetreSM" name="test_get_perimetres" time="0.203" /><testcase classname="backend.tests.test_membres_ars_module.TestDashboard" name="test_get_dashboard" time="0.487" /><testcase classname="backend.tests.test_membres_ars_module.TestExcelExport" name="test_export_excel" time="0.298" /><testcase classname="backend.tests.test_membres_ars_module.TestIntegration" name="test_full_adhesion_workflow" time="1.661" /></testsuite></testsuites>