<?xml version="1.0" encoding="utf-8"?><testsuites name="pytest tests"><testsuite name="pytest" errors="0" failures="0" skipped="0" tests="16" time="7.080" timestamp="2026-03-01T04:21:08.385592+00:00" hostname="agent-env-d3ca8f58-afeb-490b-8630-54a9a9f1b19d"><testcase classname="tests.test_greenlink_apis.TestAuthentication" name="test_admin_login" time="1.067" /><testcase classname="tests.test_greenlink_apis.TestAuthentication" name="test_cooperative_login" time="0.382" /><testcase classname="tests.test_greenlink_apis.TestAuthentication" name="test_carbon_auditor_login" time="0.388" /><testcase classname="tests.test_greenlink_apis.TestAuthentication" name="test_invalid_login" time="0.164" /><testcase classname="tests.test_greenlink_apis.TestCarbonAuditorAdminAPIs" name="test_list_auditors" time="0.585" /><testcase classname="tests.test_greenlink_apis.TestCarbonAuditorAdminAPIs" name="test_get_audit_stats_overview" time="0.647" /><testcase classname="tests.test_greenlink_apis.TestCarbonAuditorAdminAPIs" name="test_list_missions" time="0.160" /><testcase classname="tests.test_greenlink_apis.TestCarbonAuditorDashboard" name="test_auditor_dashboard" time="0.808" /><testcase classname="tests.test_greenlink_apis.TestCarbonAuditorDashboard" name="test_auditor_missions" time="0.159" /><testcase classname="tests.test_greenlink_apis.TestCooperativeAPIs" name="test_cooperative_dashboard" time="1.080" /><testcase classname="tests.test_greenlink_apis.TestCooperativeAPIs" name="test_list_cooperative_members" time="0.356" /><testcase classname="tests.test_greenlink_apis.TestCooperativeAPIs" name="test_list_field_agents" time="0.232" /><testcase classname="tests.test_greenlink_apis.TestCooperativeAPIs" name="test_list_cooperative_lots" time="0.227" /><testcase classname="tests.test_greenlink_apis.TestCooperativeList" name="test_list_all_cooperatives" time="0.160" /><testcase classname="tests.test_greenlink_apis.TestMemberActivation" name="test_check_member_phone_not_found" time="0.239" /><testcase classname="tests.test_greenlink_apis.TestMemberActivation" name="test_check_agent_phone_not_found" time="0.222" /></testsuite></testsuites>