<?xml version="1.0" encoding="utf-8"?><testsuites name="pytest tests"><testsuite name="pytest" errors="0" failures="2" skipped="0" tests="14" time="13.018" timestamp="2026-03-17T03:24:09.307891+00:00" hostname="agent-env-cf86c19e-479e-46c1-ab7b-cd004bc722a6"><testcase classname="backend.tests.test_carbon_price_premium_activation.TestAuthLogin" name="test_admin_login" time="1.284" /><testcase classname="backend.tests.test_carbon_price_premium_activation.TestAuthLogin" name="test_cooperative_login" time="0.543" /><testcase classname="backend.tests.test_carbon_price_premium_activation.TestCarbonListingNoPrice" name="test_submit_carbon_listing_without_price" time="0.827" /><testcase classname="backend.tests.test_carbon_price_premium_activation.TestAdminApprovalWithPrice" name="test_admin_approval_without_price_fails" time="1.599" /><testcase classname="backend.tests.test_carbon_price_premium_activation.TestAdminApprovalWithPrice" name="test_admin_approval_with_price_succeeds" time="0.821" /><testcase classname="backend.tests.test_carbon_price_premium_activation.TestPremiumDistribution" name="test_premium_distribution_calculation" time="0.156" /><testcase classname="backend.tests.test_carbon_price_premium_activation.TestPremiumDistribution" name="test_simulate_premium_uses_default_price" time="0.193" /><testcase classname="backend.tests.test_carbon_price_premium_activation.TestCarbonPriceManagement" name="test_get_carbon_price_public" time="0.199" /><testcase classname="backend.tests.test_carbon_price_premium_activation.TestCarbonPriceManagement" name="test_update_carbon_price_admin_only" time="1.193" /><testcase classname="backend.tests.test_carbon_price_premium_activation.TestMemberActivationFlow" name="test_check_member_phone_not_found" time="0.256" /><testcase classname="backend.tests.test_carbon_price_premium_activation.TestMemberActivationFlow" name="test_member_activation_full_flow" time="2.558"><failure message="assert 500 == 200&#10; +  where 500 = &lt;Response [500]&gt;.status_code">backend/tests/test_carbon_price_premium_activation.py:400: in test_member_activation_full_flow
    assert login_resp.status_code == 200
E   assert 500 == 200
E    +  where 500 = &lt;Response [500]&gt;.status_code</failure></testcase><testcase classname="backend.tests.test_carbon_price_premium_activation.TestAgentActivationFlow" name="test_check_agent_phone_not_found" time="0.304" /><testcase classname="backend.tests.test_carbon_price_premium_activation.TestAgentActivationFlow" name="test_agent_activation_full_flow" time="2.528"><failure message="assert 500 == 200&#10; +  where 500 = &lt;Response [500]&gt;.status_code">backend/tests/test_carbon_price_premium_activation.py:497: in test_agent_activation_full_flow
    assert login_resp.status_code == 200
E   assert 500 == 200
E    +  where 500 = &lt;Response [500]&gt;.status_code</failure></testcase><testcase classname="backend.tests.test_carbon_price_premium_activation.TestCarbonListingStats" name="test_carbon_stats_includes_distribution_model" time="0.455" /></testsuite></testsuites>