<?xml version="1.0" encoding="utf-8"?><testsuites name="pytest tests"><testsuite name="pytest" errors="0" failures="0" skipped="0" tests="15" time="4.796" timestamp="2026-04-05T01:38:08.538289+00:00" hostname="agent-env-56a42db3-9ca9-4619-be92-36565d5f47c2"><testcase classname="backend.tests.test_cooperative_network_admin_iteration90.TestCooperativeNetworkAdmin" name="test_admin_network_full_returns_200" time="1.592" /><testcase classname="backend.tests.test_cooperative_network_admin_iteration90.TestCooperativeNetworkAdmin" name="test_admin_network_full_returns_stats" time="0.285" /><testcase classname="backend.tests.test_cooperative_network_admin_iteration90.TestCooperativeNetworkAdmin" name="test_admin_network_full_returns_nodes" time="0.235" /><testcase classname="backend.tests.test_cooperative_network_admin_iteration90.TestCooperativeNetworkAdmin" name="test_admin_network_full_returns_edges" time="0.255" /><testcase classname="backend.tests.test_cooperative_network_admin_iteration90.TestCooperativeNetworkAdmin" name="test_admin_network_full_returns_top_sponsors" time="0.253" /><testcase classname="backend.tests.test_cooperative_network_admin_iteration90.TestCooperativeNetworkAdmin" name="test_admin_network_full_returns_recent_affiliations" time="0.272" /><testcase classname="backend.tests.test_cooperative_network_admin_iteration90.TestCooperativeNetworkAdmin" name="test_admin_network_full_returns_region_distribution" time="0.234" /><testcase classname="backend.tests.test_cooperative_network_admin_iteration90.TestCooperativeNetworkAdmin" name="test_admin_network_full_returns_growth_timeline" time="0.239" /><testcase classname="backend.tests.test_cooperative_network_admin_iteration90.TestCooperativeNetworkAdmin" name="test_non_admin_network_full_returns_403" time="0.550" /><testcase classname="backend.tests.test_cooperative_network_admin_iteration90.TestCooperativeNetworkAdmin" name="test_non_admin_generate_code_returns_403" time="0.153" /><testcase classname="backend.tests.test_cooperative_network_admin_iteration90.TestCooperativeNetworkAdmin" name="test_non_admin_remove_affiliation_returns_403" time="0.145" /><testcase classname="backend.tests.test_cooperative_network_admin_iteration90.TestCooperativeNetworkAdmin" name="test_unauthenticated_network_full_returns_401" time="0.099" /><testcase classname="backend.tests.test_cooperative_network_admin_iteration90.TestCooperativeNetworkAdmin" name="test_admin_generate_code_invalid_coop_returns_404" time="0.211" /><testcase classname="backend.tests.test_cooperative_network_admin_iteration90.TestCooperativeNetworkAdmin" name="test_admin_remove_affiliation_invalid_coop_returns_404" time="0.190" /><testcase classname="backend.tests.test_cooperative_network_admin_iteration90.TestCooperativeReferralPageShareMessage" name="test_share_message_includes_url" time="0.006" /></testsuite></testsuites>