<?xml version="1.0" encoding="utf-8"?><testsuites name="pytest tests"><testsuite name="pytest" errors="0" failures="0" skipped="0" tests="7" time="5.063" timestamp="2026-03-19T14:50:28.987198+00:00" hostname="agent-env-de39e374-916e-4141-9dd8-924edc1c4943"><testcase classname="backend.tests.test_auth_login_activation_iteration42.TestPhoneBasedLogin" name="test_login_with_phone_number_returns_200" time="1.343" /><testcase classname="backend.tests.test_auth_login_activation_iteration42.TestEmailBasedLogin" name="test_login_with_email_returns_200" time="0.500" /><testcase classname="backend.tests.test_auth_login_activation_iteration42.TestCheckMemberPhone" name="test_check_unactivated_member_phone_can_activate" time="0.308" /><testcase classname="backend.tests.test_auth_login_activation_iteration42.TestCheckAgentPhone" name="test_check_activated_agent_phone_returns_has_account" time="0.189" /><testcase classname="backend.tests.test_auth_login_activation_iteration42.TestMemberActivationFlow" name="test_activate_member_and_login" time="1.936" /><testcase classname="backend.tests.test_auth_login_activation_iteration42.TestLoginWithInvalidCredentials" name="test_login_with_wrong_password_returns_401" time="0.431" /><testcase classname="backend.tests.test_auth_login_activation_iteration42.TestLoginWithInvalidCredentials" name="test_login_with_nonexistent_user_returns_401" time="0.174" /></testsuite></testsuites>