<?xml version="1.0" encoding="utf-8"?><testsuites name="pytest tests"><testsuite name="pytest" errors="0" failures="0" skipped="0" tests="22" time="13.205" timestamp="2026-04-05T14:42:58.273405+00:00" hostname="agent-env-d26bd957-7f51-478d-9cf1-8f2bfb38fa35"><testcase classname="backend.tests.test_iteration_96.TestAuthEndpoints" name="test_login_field_agent_success" time="0.936" /><testcase classname="backend.tests.test_iteration_96.TestAuthEndpoints" name="test_login_farmer_success" time="0.416" /><testcase classname="backend.tests.test_iteration_96.TestAuthEndpoints" name="test_login_invalid_credentials" time="0.138" /><testcase classname="backend.tests.test_iteration_96.TestUSSDRegisterWeb" name="test_register_farmer_success" time="0.697" /><testcase classname="backend.tests.test_iteration_96.TestUSSDRegisterWeb" name="test_register_farmer_missing_name" time="0.510" /><testcase classname="backend.tests.test_iteration_96.TestUSSDRegisterWeb" name="test_register_farmer_missing_phone" time="0.512" /><testcase classname="backend.tests.test_iteration_96.TestUSSDRegisterWeb" name="test_register_farmer_invalid_pin" time="0.546" /><testcase classname="backend.tests.test_iteration_96.TestUSSDRegisterWeb" name="test_register_farmer_duplicate_phone" time="0.871" /><testcase classname="backend.tests.test_iteration_96.TestSSRTEVisit" name="test_ssrte_visit_success" time="0.897" /><testcase classname="backend.tests.test_iteration_96.TestSSRTEVisit" name="test_ssrte_visit_missing_farmer_id" time="0.564" /><testcase classname="backend.tests.test_iteration_96.TestREDDTrackingVisit" name="test_redd_visit_success" time="0.612" /><testcase classname="backend.tests.test_iteration_96.TestREDDTrackingVisit" name="test_redd_visit_missing_farmer_id" time="0.544" /><testcase classname="backend.tests.test_iteration_96.TestFarmerHistory" name="test_farmer_history_success" time="0.645" /><testcase classname="backend.tests.test_iteration_96.TestFarmerHistory" name="test_farmer_history_unauthorized" time="0.100" /><testcase classname="backend.tests.test_iteration_96.TestFieldAgentDashboard" name="test_field_agent_dashboard" time="0.671" /><testcase classname="backend.tests.test_iteration_96.TestFieldAgentDashboard" name="test_field_agent_my_farmers" time="0.614" /><testcase classname="backend.tests.test_iteration_96.TestFarmerDashboard" name="test_farmer_dashboard" time="0.733" /><testcase classname="backend.tests.test_iteration_96.TestUSSDRegistrations" name="test_get_registrations" time="0.610" /><testcase classname="backend.tests.test_iteration_96.TestAgentSearch" name="test_search_farmer_by_phone" time="0.729" /><testcase classname="backend.tests.test_iteration_96.TestAgentSearch" name="test_search_invalid_phone" time="0.592" /><testcase classname="backend.tests.test_iteration_96.TestREDDTrackingStats" name="test_redd_tracking_stats" time="0.570" /><testcase classname="backend.tests.test_iteration_96.TestREDDTrackingVisits" name="test_redd_tracking_visits_list" time="0.607" /></testsuite></testsuites>