<?xml version="1.0" encoding="utf-8"?><testsuites name="pytest tests"><testsuite name="pytest" errors="0" failures="0" skipped="0" tests="14" time="7.869" timestamp="2026-03-24T11:44:44.210329+00:00" hostname="agent-env-0cd91f1e-76cc-4bc6-b738-43f5dea1ca39"><testcase classname="backend.tests.test_iteration66_fixes.TestAuthRegisterPhoneOnly" name="test_register_acheteur_phone_only" time="1.411" /><testcase classname="backend.tests.test_iteration66_fixes.TestAuthRegisterPhoneOnly" name="test_register_cooperative_phone_only" time="0.599" /><testcase classname="backend.tests.test_iteration66_fixes.TestAuthRegisterPhoneOnly" name="test_register_fournisseur_phone_only" time="0.591" /><testcase classname="backend.tests.test_iteration66_fixes.TestAuthRegisterPhoneOnly" name="test_register_producteur_phone_only" time="0.596" /><testcase classname="backend.tests.test_iteration66_fixes.TestAuthRegisterPhoneOnly" name="test_register_entreprise_rse_phone_only" time="0.607" /><testcase classname="backend.tests.test_iteration66_fixes.TestAuthRegisterPhoneOnly" name="test_register_with_empty_email_string" time="0.585" /><testcase classname="backend.tests.test_iteration66_fixes.TestUSSDWebRegisterCodePlanteur" name="test_register_web_generates_code_planteur" time="0.409" /><testcase classname="backend.tests.test_iteration66_fixes.TestUSSDWebRegisterCodePlanteur" name="test_register_web_with_cooperative_code" time="0.445" /><testcase classname="backend.tests.test_iteration66_fixes.TestUSSDWebRegisterCodePlanteur" name="test_register_web_without_coop_uses_village" time="0.423" /><testcase classname="backend.tests.test_iteration66_fixes.TestUSSDCallbackRegistration" name="test_ussd_registration_flow_shows_code" time="0.863" /><testcase classname="backend.tests.test_iteration66_fixes.TestUSSDRegistrationsEndpoint" name="test_registrations_include_code_planteur" time="0.235" /><testcase classname="backend.tests.test_iteration66_fixes.TestHealthAndLogin" name="test_health_check" time="0.095" /><testcase classname="backend.tests.test_iteration66_fixes.TestHealthAndLogin" name="test_admin_login" time="0.465" /><testcase classname="backend.tests.test_iteration66_fixes.TestHealthAndLogin" name="test_coop_login" time="0.461" /></testsuite></testsuites>