<?xml version="1.0" encoding="utf-8"?><testsuites name="pytest tests"><testsuite name="pytest" errors="0" failures="0" skipped="4" tests="17" time="10.796" timestamp="2026-03-22T15:10:25.153927+00:00" hostname="agent-env-e58c04ac-04da-4b12-976d-54e0ff71c022"><testcase classname="backend.tests.test_carbon_premium_verification_iteration57.TestAuthentication" name="test_field_agent_login" time="1.263" /><testcase classname="backend.tests.test_carbon_premium_verification_iteration57.TestCarbonPremiumVerification" name="test_verify_parcel_with_all_carbon_fields" time="0.785" /><testcase classname="backend.tests.test_carbon_premium_verification_iteration57.TestCarbonPremiumVerification" name="test_verify_parcel_with_partial_carbon_fields" time="0.787" /><testcase classname="backend.tests.test_carbon_premium_verification_iteration57.TestCarbonPremiumVerification" name="test_verify_parcel_backward_compatibility" time="0.794" /><testcase classname="backend.tests.test_carbon_premium_verification_iteration57.TestCarbonPremiumVerification" name="test_verify_parcel_max_score_capped_at_10" time="0.777" /><testcase classname="backend.tests.test_carbon_premium_verification_iteration57.TestCarbonPremiumVerification" name="test_verify_parcel_tree_density_thresholds" time="0.808" /><testcase classname="backend.tests.test_carbon_premium_verification_iteration57.TestCarbonPremiumVerification" name="test_verify_parcel_shade_cover_thresholds" time="0.783" /><testcase classname="backend.tests.test_carbon_premium_verification_iteration57.TestCarbonPremiumVerification" name="test_verify_parcel_area_bonus" time="0.968" /><testcase classname="backend.tests.test_carbon_premium_verification_iteration57.TestMyParcelsReturnsCarbonFields" name="test_my_parcels_returns_carbon_fields" time="0.802" /><testcase classname="backend.tests.test_carbon_premium_verification_iteration57.TestCarbonScoreCalculationEdgeCases" name="test_zero_trees_no_bonus" time="0.769" /><testcase classname="backend.tests.test_carbon_premium_verification_iteration57.TestCarbonScoreCalculationEdgeCases" name="test_zero_shade_no_bonus" time="0.809" /><testcase classname="backend.tests.test_carbon_premium_verification_iteration57.TestCarbonScoreCalculationEdgeCases" name="test_empty_practices_no_bonus" time="0.809" /><testcase classname="backend.tests.test_carbon_premium_verification_iteration57.TestCarbonScoreCalculationEdgeCases" name="test_invalid_practice_ignored" time="0.104"><skipped type="pytest.skip" message="Authentication failed: {&quot;detail&quot;:&quot;Trop de tentatives. Patientez une minute avant de réessayer.&quot;}">/app/backend/tests/test_carbon_premium_verification_iteration57.py:421: Authentication failed: {"detail":"Trop de tentatives. Patientez une minute avant de réessayer."}</skipped></testcase><testcase classname="backend.tests.test_carbon_premium_verification_iteration57.TestVerificationStatusValidation" name="test_invalid_verification_status_rejected" time="0.129"><skipped type="pytest.skip" message="Authentication failed: {&quot;detail&quot;:&quot;Trop de tentatives. Patientez une minute avant de réessayer.&quot;}">/app/backend/tests/test_carbon_premium_verification_iteration57.py:461: Authentication failed: {"detail":"Trop de tentatives. Patientez une minute avant de réessayer."}</skipped></testcase><testcase classname="backend.tests.test_carbon_premium_verification_iteration57.TestVerificationStatusValidation" name="test_valid_status_needs_correction" time="0.100"><skipped type="pytest.skip" message="Authentication failed: {&quot;detail&quot;:&quot;Trop de tentatives. Patientez une minute avant de réessayer.&quot;}">/app/backend/tests/test_carbon_premium_verification_iteration57.py:480: Authentication failed: {"detail":"Trop de tentatives. Patientez une minute avant de réessayer."}</skipped></testcase><testcase classname="backend.tests.test_carbon_premium_verification_iteration57.TestVerificationStatusValidation" name="test_valid_status_rejected" time="0.123"><skipped type="pytest.skip" message="Authentication failed: {&quot;detail&quot;:&quot;Trop de tentatives. Patientez une minute avant de réessayer.&quot;}">/app/backend/tests/test_carbon_premium_verification_iteration57.py:500: Authentication failed: {"detail":"Trop de tentatives. Patientez une minute avant de réessayer."}</skipped></testcase><testcase classname="backend.tests.test_carbon_premium_verification_iteration57.TestUnauthorizedAccess" name="test_verify_without_token_returns_401_or_403" time="0.109" /></testsuite></testsuites>