<?xml version="1.0" encoding="utf-8"?><testsuites name="pytest tests"><testsuite name="pytest" errors="0" failures="0" skipped="0" tests="9" time="4.549" timestamp="2026-04-12T16:55:57.261515+00:00" hostname="agent-env-d0ac6cac-d43a-444e-86c5-5724eaeb78fc"><testcase classname="tests.test_pdc_v2_step1_predefined_fields.TestPDCv2Step1PredefinedFields" name="test_01_get_existing_pdc_structure" time="1.096" /><testcase classname="tests.test_pdc_v2_step1_predefined_fields.TestPDCv2Step1PredefinedFields" name="test_02_backend_accepts_carres_comptage" time="0.806" /><testcase classname="tests.test_pdc_v2_step1_predefined_fields.TestPDCv2Step1PredefinedFields" name="test_03_backend_accepts_sol_elements" time="0.372" /><testcase classname="tests.test_pdc_v2_step1_predefined_fields.TestPDCv2Step1PredefinedFields" name="test_04_backend_accepts_new_maladies_structure" time="0.364" /><testcase classname="tests.test_pdc_v2_step1_predefined_fields.TestPDCv2Step1PredefinedFields" name="test_05_fiche2_materiels_16_types" time="0.357" /><testcase classname="tests.test_pdc_v2_step1_predefined_fields.TestPDCv2Step1PredefinedFields" name="test_06_fiche4_epargne_4_types" time="0.363" /><testcase classname="tests.test_pdc_v2_step1_predefined_fields.TestPDCv2Step1PredefinedFields" name="test_07_fiche4_production_cacao_3_years" time="0.357" /><testcase classname="tests.test_pdc_v2_step1_predefined_fields.TestPDCv2Step1PredefinedFields" name="test_08_fiche4_depenses_7_types" time="0.357" /><testcase classname="tests.test_pdc_v2_step1_predefined_fields.TestPDCv2Step1PredefinedFields" name="test_09_fiche3_ombrage_canopee_position_options" time="0.393" /></testsuite></testsuites>