<?xml version="1.0" encoding="utf-8"?><testsuites name="pytest tests"><testsuite name="pytest" errors="0" failures="0" skipped="0" tests="10" time="7.909" timestamp="2026-03-01T04:47:38.370358+00:00" hostname="agent-env-d3ca8f58-afeb-490b-8630-54a9a9f1b19d"><testcase classname="backend.tests.test_badge_audit_system.TestBadgeSystem" name="test_auditor_login" time="1.004" /><testcase classname="backend.tests.test_badge_audit_system.TestBadgeSystem" name="test_dashboard_returns_badge_info" time="1.121" /><testcase classname="backend.tests.test_badge_audit_system.TestBadgeSystem" name="test_badge_levels_calculation" time="0.831" /><testcase classname="backend.tests.test_badge_audit_system.TestBadgeSystem" name="test_badge_progress_audits_needed" time="0.798" /><testcase classname="backend.tests.test_badge_audit_system.TestAuditSubmissionAPI" name="test_auditor_has_missions" time="0.501" /><testcase classname="backend.tests.test_badge_audit_system.TestAuditSubmissionAPI" name="test_get_mission_parcels" time="1.172" /><testcase classname="backend.tests.test_badge_audit_system.TestAuditSubmissionAPI" name="test_audit_submission_endpoint_exists" time="0.733" /><testcase classname="backend.tests.test_badge_audit_system.TestAuditStatsOverview" name="test_admin_audit_stats" time="0.716" /><testcase classname="backend.tests.test_badge_audit_system.TestAuditStatsOverview" name="test_admin_list_auditors" time="0.281" /><testcase classname="backend.tests.test_badge_audit_system.TestPushNotificationLogic" name="test_notification_service_import" time="0.682" /></testsuite></testsuites>