<?xml version="1.0" encoding="utf-8"?><testsuites name="pytest tests"><testsuite name="pytest" errors="0" failures="0" skipped="0" tests="15" time="6.404" timestamp="2026-04-09T04:05:00.085800+00:00" hostname="agent-env-c2007288-346b-4b80-96b9-4209479c8ce2"><testcase classname="backend.tests.test_ars1000_analytics_widget_farmer_iteration120.TestARS1000AnalyticsWidgetFarmer" name="test_01_analytics_endpoint_returns_expected_structure" time="1.788" /><testcase classname="backend.tests.test_ars1000_analytics_widget_farmer_iteration120.TestARS1000AnalyticsWidgetFarmer" name="test_02_analytics_volume_par_campagne_structure" time="0.380" /><testcase classname="backend.tests.test_ars1000_analytics_widget_farmer_iteration120.TestARS1000AnalyticsWidgetFarmer" name="test_03_analytics_distribution_grades_structure" time="0.337" /><testcase classname="backend.tests.test_ars1000_analytics_widget_farmer_iteration120.TestARS1000AnalyticsWidgetFarmer" name="test_04_certification_dashboard_returns_widget_data" time="0.458" /><testcase classname="backend.tests.test_ars1000_analytics_widget_farmer_iteration120.TestARS1000AnalyticsWidgetFarmer" name="test_05_certification_dashboard_stats_structure" time="0.476" /><testcase classname="backend.tests.test_ars1000_analytics_widget_farmer_iteration120.TestARS1000AnalyticsWidgetFarmer" name="test_06_farmer_can_submit_reclamation" time="0.277" /><testcase classname="backend.tests.test_ars1000_analytics_widget_farmer_iteration120.TestARS1000AnalyticsWidgetFarmer" name="test_07_farmer_can_get_own_reclamations" time="0.293" /><testcase classname="backend.tests.test_ars1000_analytics_widget_farmer_iteration120.TestARS1000AnalyticsWidgetFarmer" name="test_08_farmer_can_add_protection_env" time="0.263" /><testcase classname="backend.tests.test_ars1000_analytics_widget_farmer_iteration120.TestARS1000AnalyticsWidgetFarmer" name="test_09_farmer_can_get_own_protection_env" time="0.204" /><testcase classname="backend.tests.test_ars1000_analytics_widget_farmer_iteration120.TestARS1000AnalyticsWidgetFarmer" name="test_10_protection_env_non_conforme_distance" time="0.245" /><testcase classname="backend.tests.test_ars1000_analytics_widget_farmer_iteration120.TestARS1000AnalyticsWidgetFarmer" name="test_11_protection_env_reforestation_type" time="0.251" /><testcase classname="backend.tests.test_ars1000_analytics_widget_farmer_iteration120.TestARS1000AnalyticsWidgetFarmer" name="test_12_cooperative_can_access_analytics" time="0.330" /><testcase classname="backend.tests.test_ars1000_analytics_widget_farmer_iteration120.TestARS1000AnalyticsWidgetFarmer" name="test_13_farmer_can_access_analytics" time="0.316" /><testcase classname="backend.tests.test_ars1000_analytics_widget_farmer_iteration120.TestARS1000AnalyticsWidgetFarmer" name="test_14_analytics_evolution_mensuelle_structure" time="0.336" /><testcase classname="backend.tests.test_ars1000_analytics_widget_farmer_iteration120.TestARS1000AnalyticsWidgetFarmer" name="test_15_analytics_top_planteurs_structure" time="0.362" /></testsuite></testsuites>