<?xml version="1.0" encoding="utf-8"?><testsuites name="pytest tests"><testsuite name="pytest" errors="0" failures="0" skipped="1" tests="17" time="14.290" timestamp="2026-03-31T13:00:47.285793+00:00" hostname="agent-env-2c25da70-c5a3-42f9-8858-0b0639a3bb15"><testcase classname="backend.tests.test_free_plan_iteration87.TestDashboardKPIs" name="test_dashboard_kpis_returns_200" time="2.384" /><testcase classname="backend.tests.test_free_plan_iteration87.TestDashboardKPIs" name="test_dashboard_kpis_plan_is_gratuit" time="1.116" /><testcase classname="backend.tests.test_free_plan_iteration87.TestDashboardKPIs" name="test_dashboard_kpis_all_features_enabled" time="0.871" /><testcase classname="backend.tests.test_free_plan_iteration87.TestDashboardKPIs" name="test_dashboard_kpis_redd_data_not_null" time="0.829" /><testcase classname="backend.tests.test_free_plan_iteration87.TestDashboardKPIs" name="test_dashboard_kpis_ssrte_data_not_null" time="0.893" /><testcase classname="backend.tests.test_free_plan_iteration87.TestDashboardKPIs" name="test_dashboard_kpis_ici_data_not_null" time="0.854" /><testcase classname="backend.tests.test_free_plan_iteration87.TestDashboardCharts" name="test_dashboard_charts_returns_200" time="1.027" /><testcase classname="backend.tests.test_free_plan_iteration87.TestDashboardCharts" name="test_dashboard_charts_has_redd_monthly" time="1.025" /><testcase classname="backend.tests.test_free_plan_iteration87.TestDashboardCharts" name="test_dashboard_charts_has_ssrte_monthly" time="1.041" /><testcase classname="backend.tests.test_free_plan_iteration87.TestDashboardCharts" name="test_dashboard_charts_has_risk_by_zone" time="1.045" /><testcase classname="backend.tests.test_free_plan_iteration87.TestPDFExport" name="test_pdf_export_returns_200" time="0.548" /><testcase classname="backend.tests.test_free_plan_iteration87.TestPDFExport" name="test_pdf_export_returns_pdf_content_type" time="0.554" /><testcase classname="backend.tests.test_free_plan_iteration87.TestPDFExport" name="test_pdf_export_has_content" time="0.540" /><testcase classname="backend.tests.test_free_plan_iteration87.TestNoSubscriptionPrices" name="test_kpis_no_price_fields" time="0.834" /><testcase classname="backend.tests.test_free_plan_iteration87.TestCoopSubscriptionsEndpoint" name="test_my_subscription_returns_free_features" time="0.221"><skipped type="pytest.skip" message="my-subscription endpoint returns 403 for admin user (expected)">/app/backend/tests/test_free_plan_iteration87.py:180: my-subscription endpoint returns 403 for admin user (expected)</skipped></testcase><testcase classname="backend.tests.test_free_plan_iteration87.TestMRVEndpoints" name="test_mrv_summary_returns_200" time="0.197" /><testcase classname="backend.tests.test_free_plan_iteration87.TestMRVEndpoints" name="test_mrv_farmers_returns_200" time="0.238" /></testsuite></testsuites>