<?xml version="1.0" encoding="utf-8"?><testsuites name="pytest tests"><testsuite name="pytest" errors="0" failures="1" skipped="2" tests="9" time="4.856" timestamp="2026-04-09T04:56:59.748883+00:00" hostname="agent-env-773e7adb-7e53-49d1-b2e3-07e0afb02cec"><testcase classname="backend.tests.test_ars1000_analytics_iteration122.TestARS1000Analytics" name="test_01_login_cooperative" time="0.902" /><testcase classname="backend.tests.test_ars1000_analytics_iteration122.TestARS1000Analytics" name="test_02_ars1000_stats_endpoint" time="1.459" /><testcase classname="backend.tests.test_ars1000_analytics_iteration122.TestARS1000Analytics" name="test_03_ars1000_stats_unauthorized" time="0.101" /><testcase classname="backend.tests.test_ars1000_analytics_iteration122.TestARS1000Analytics" name="test_04_get_pdc_for_excel_export" time="0.580" /><testcase classname="backend.tests.test_ars1000_analytics_iteration122.TestARS1000Analytics" name="test_05_excel_export_endpoint" time="0.833" /><testcase classname="backend.tests.test_ars1000_analytics_iteration122.TestARS1000Analytics" name="test_06_excel_export_invalid_pdc" time="0.519" /><testcase classname="backend.tests.test_ars1000_analytics_iteration122.TestARS1000Analytics" name="test_07_excel_export_unauthorized" time="0.161"><skipped type="pytest.skip" message="Could not get PDCs">/app/backend/tests/test_ars1000_analytics_iteration122.py:231: Could not get PDCs</skipped></testcase><testcase classname="backend.tests.test_ars1000_analytics_iteration122.TestARS1000Analytics" name="test_08_stats_data_types" time="0.106"><failure message="AssertionError: Failed to get auth token&#10;assert None">backend/tests/test_ars1000_analytics_iteration122.py:236: in test_08_stats_data_types
    assert token, "Failed to get auth token"
E   AssertionError: Failed to get auth token
E   assert None</failure></testcase><testcase classname="backend.tests.test_ars1000_analytics_iteration122.TestARS1000Analytics" name="test_09_admin_login_and_stats" time="0.094"><skipped type="pytest.skip" message="Admin login failed - may be rate limited">/app/backend/tests/test_ars1000_analytics_iteration122.py:267: Admin login failed - may be rate limited</skipped></testcase></testsuite></testsuites>