<?xml version="1.0" encoding="utf-8"?><testsuites name="pytest tests"><testsuite name="pytest" errors="0" failures="0" skipped="1" tests="17" time="7.166" timestamp="2026-03-23T22:01:02.265531+00:00" hostname="agent-env-269cdcf0-211b-4d2c-bb1a-31d2fa0cc8c0"><testcase classname="backend.tests.test_distribution_notifications_iteration59.TestAuthentication" name="test_cooperative_login" time="1.284" /><testcase classname="backend.tests.test_distribution_notifications_iteration59.TestAuthentication" name="test_farmer_login" time="0.476" /><testcase classname="backend.tests.test_distribution_notifications_iteration59.TestDistributionEndpoints" name="test_get_distributions_list" time="0.775" /><testcase classname="backend.tests.test_distribution_notifications_iteration59.TestDistributionEndpoints" name="test_get_distribution_detail" time="0.513" /><testcase classname="backend.tests.test_distribution_notifications_iteration59.TestDistributionEndpoints" name="test_distribution_proportional_calculation" time="0.468" /><testcase classname="backend.tests.test_distribution_notifications_iteration59.TestDistributionEndpoints" name="test_get_lot_contributors" time="0.367" /><testcase classname="backend.tests.test_distribution_notifications_iteration59.TestDistributionEndpoints" name="test_distribute_already_distributed_lot" time="0.305" /><testcase classname="backend.tests.test_distribution_notifications_iteration59.TestWebNotificationEndpoints" name="test_get_web_notifications_coop" time="0.259" /><testcase classname="backend.tests.test_distribution_notifications_iteration59.TestWebNotificationEndpoints" name="test_get_web_notifications_farmer" time="0.781" /><testcase classname="backend.tests.test_distribution_notifications_iteration59.TestWebNotificationEndpoints" name="test_get_web_unread_count_coop" time="0.263" /><testcase classname="backend.tests.test_distribution_notifications_iteration59.TestWebNotificationEndpoints" name="test_get_web_unread_count_farmer" time="0.251" /><testcase classname="backend.tests.test_distribution_notifications_iteration59.TestWebNotificationEndpoints" name="test_mark_notification_read" time="0.233"><skipped type="pytest.skip" message="No notifications to mark as read">/app/backend/tests/test_distribution_notifications_iteration59.py:312: No notifications to mark as read</skipped></testcase><testcase classname="backend.tests.test_distribution_notifications_iteration59.TestWebNotificationEndpoints" name="test_mark_all_notifications_read" time="0.283" /><testcase classname="backend.tests.test_distribution_notifications_iteration59.TestWebNotificationEndpoints" name="test_notifications_unauthorized" time="0.107" /><testcase classname="backend.tests.test_distribution_notifications_iteration59.TestSSEEndpoint" name="test_sse_stream_endpoint_exists" time="0.175" /><testcase classname="backend.tests.test_distribution_notifications_iteration59.TestLotsEndpoints" name="test_get_lots_list" time="0.264" /><testcase classname="backend.tests.test_distribution_notifications_iteration59.TestLotsEndpoints" name="test_get_lots_filtered_by_status" time="0.270" /></testsuite></testsuites>