<?xml version="1.0" encoding="utf-8"?><testsuites name="pytest tests"><testsuite name="pytest" errors="0" failures="0" skipped="1" tests="14" time="9.160" timestamp="2026-03-24T01:22:26.294084+00:00" hostname="agent-env-38cdf65b-6bdd-4d7e-8970-617763dc37f0"><testcase classname="backend.tests.test_carbon_premiums_admin_iteration62.TestCarbonPremiumsAdminWorkflow" name="test_get_carbon_premium_config" time="1.428" /><testcase classname="backend.tests.test_carbon_premiums_admin_iteration62.TestCarbonPremiumsAdminWorkflow" name="test_get_carbon_premium_stats" time="0.531" /><testcase classname="backend.tests.test_carbon_premiums_admin_iteration62.TestCarbonPremiumsAdminWorkflow" name="test_get_payment_requests_all" time="0.289" /><testcase classname="backend.tests.test_carbon_premiums_admin_iteration62.TestCarbonPremiumsAdminWorkflow" name="test_get_payment_requests_filtered_by_status" time="1.169" /><testcase classname="backend.tests.test_carbon_premiums_admin_iteration62.TestCarbonPremiumsAdminWorkflow" name="test_get_payment_request_detail" time="0.520" /><testcase classname="backend.tests.test_carbon_premiums_admin_iteration62.TestCarbonPremiumsAdminWorkflow" name="test_get_payment_request_detail_not_found" time="0.256" /><testcase classname="backend.tests.test_carbon_premiums_admin_iteration62.TestCarbonPremiumsAdminWorkflow" name="test_ussd_callback_payment_request" time="0.529" /><testcase classname="backend.tests.test_carbon_premiums_admin_iteration62.TestCarbonPremiumsAdminWorkflow" name="test_validate_request_approve" time="0.861" /><testcase classname="backend.tests.test_carbon_premiums_admin_iteration62.TestCarbonPremiumsAdminWorkflow" name="test_validate_request_reject_with_reason" time="0.280"><skipped type="pytest.skip" message="No pending requests to test reject">/app/backend/tests/test_carbon_premiums_admin_iteration62.py:243: No pending requests to test reject</skipped></testcase><testcase classname="backend.tests.test_carbon_premiums_admin_iteration62.TestCarbonPremiumsAdminWorkflow" name="test_validate_request_invalid_action" time="0.512" /><testcase classname="backend.tests.test_carbon_premiums_admin_iteration62.TestCarbonPremiumsAdminWorkflow" name="test_pay_request" time="0.750" /><testcase classname="backend.tests.test_carbon_premiums_admin_iteration62.TestCarbonPremiumsAdminWorkflow" name="test_pay_request_not_approved" time="0.799" /><testcase classname="backend.tests.test_carbon_premiums_admin_iteration62.TestCarbonPremiumsAdminWorkflow" name="test_endpoints_require_auth" time="0.502" /><testcase classname="backend.tests.test_carbon_premiums_admin_iteration62.TestCarbonPremiumsAdminWorkflow" name="test_endpoints_require_admin_role" time="0.664" /></testsuite></testsuites>