<?xml version="1.0" encoding="utf-8"?><testsuites name="pytest tests"><testsuite name="pytest" errors="0" failures="0" skipped="0" tests="24" time="7.811" timestamp="2026-04-15T18:51:53.543270+00:00" hostname="agent-env-04fe1580-c704-4def-adda-b7a75e443d0d"><testcase classname="tests.test_traceability_module.TestTraceabilityDashboard" name="test_dashboard_returns_kpis" time="1.452" /><testcase classname="tests.test_traceability_module.TestLotCRUD" name="test_create_lot" time="0.277" /><testcase classname="tests.test_traceability_module.TestLotCRUD" name="test_list_lots" time="0.273" /><testcase classname="tests.test_traceability_module.TestLotCRUD" name="test_list_lots_with_search_filter" time="0.284" /><testcase classname="tests.test_traceability_module.TestLotCRUD" name="test_list_lots_with_etape_filter" time="0.303" /><testcase classname="tests.test_traceability_module.TestLotCRUD" name="test_list_lots_with_certifie_filter" time="0.270" /><testcase classname="tests.test_traceability_module.TestLotCRUD" name="test_get_lot_detail" time="0.260" /><testcase classname="tests.test_traceability_module.TestLotCRUD" name="test_get_lot_detail_not_found" time="0.223" /><testcase classname="tests.test_traceability_module.TestLotEvents" name="test_add_event_to_lot" time="0.277" /><testcase classname="tests.test_traceability_module.TestLotEvents" name="test_add_event_invalid_etape" time="0.255" /><testcase classname="tests.test_traceability_module.TestLotEvents" name="test_get_lot_timeline" time="0.245" /><testcase classname="tests.test_traceability_module.TestSegregation" name="test_get_segregation_status" time="0.277" /><testcase classname="tests.test_traceability_module.TestSegregation" name="test_segregation_check_allowed" time="0.234" /><testcase classname="tests.test_traceability_module.TestSegregation" name="test_segregation_check_blocked" time="0.283" /><testcase classname="tests.test_traceability_module.TestQRCode" name="test_get_qrcode_base64" time="0.440" /><testcase classname="tests.test_traceability_module.TestObjectives" name="test_get_objectives" time="0.395" /><testcase classname="tests.test_traceability_module.TestReports" name="test_get_audit_data" time="0.227" /><testcase classname="tests.test_traceability_module.TestReports" name="test_export_excel" time="0.344" /><testcase classname="tests.test_traceability_module.TestReports" name="test_export_pdf" time="0.303" /><testcase classname="tests.test_traceability_module.TestUSSDTrace" name="test_ussd_trace_lot" time="0.215" /><testcase classname="tests.test_traceability_module.TestUSSDTrace" name="test_ussd_trace_not_found" time="0.198" /><testcase classname="tests.test_traceability_module.TestUSSDTrace" name="test_ussd_trace_empty_code" time="0.139" /><testcase classname="tests.test_traceability_module.TestExistingLots" name="test_existing_lot_certifie" time="0.246" /><testcase classname="tests.test_traceability_module.TestExistingLots" name="test_existing_lot_non_certifie" time="0.278" /></testsuite></testsuites>