<?xml version="1.0" encoding="utf-8"?><testsuites name="pytest tests"><testsuite name="pytest" errors="0" failures="0" skipped="0" tests="17" time="19.678" timestamp="2026-03-29T23:17:42.871689+00:00" hostname="agent-env-ca6a0f1a-9073-4a2b-aedf-c8806bb97b8d"><testcase classname="backend.tests.test_dashboard_kpis_iteration83.TestDashboardKPIsWithSeedData" name="test_redd_total_visits_is_16" time="2.275" /><testcase classname="backend.tests.test_dashboard_kpis_iteration83.TestDashboardKPIsWithSeedData" name="test_redd_avg_score_greater_than_zero" time="0.795" /><testcase classname="backend.tests.test_dashboard_kpis_iteration83.TestDashboardKPIsWithSeedData" name="test_redd_level_distribution_has_entries" time="0.788" /><testcase classname="backend.tests.test_dashboard_kpis_iteration83.TestDashboardKPIsWithSeedData" name="test_redd_practices_adoption_has_percentages" time="0.806" /><testcase classname="backend.tests.test_dashboard_kpis_iteration83.TestDashboardKPIsWithSeedData" name="test_redd_farmers_assessed_is_18" time="0.791" /><testcase classname="backend.tests.test_dashboard_kpis_iteration83.TestDashboardKPIsWithSeedData" name="test_ssrte_total_visits_is_17" time="0.787" /><testcase classname="backend.tests.test_dashboard_kpis_iteration83.TestDashboardKPIsWithSeedData" name="test_ssrte_children_identified_greater_than_zero" time="0.788" /><testcase classname="backend.tests.test_dashboard_kpis_iteration83.TestDashboardKPIsWithSeedData" name="test_ssrte_risk_distribution_has_nonzero_values" time="0.795" /><testcase classname="backend.tests.test_dashboard_kpis_iteration83.TestDashboardKPIsWithSeedData" name="test_ssrte_coverage_rate_greater_than_zero" time="0.797" /><testcase classname="backend.tests.test_dashboard_kpis_iteration83.TestDashboardKPIsWithSeedData" name="test_ici_total_cases_is_7" time="0.788" /><testcase classname="backend.tests.test_dashboard_kpis_iteration83.TestDashboardKPIsWithSeedData" name="test_ici_resolved_is_3" time="0.788" /><testcase classname="backend.tests.test_dashboard_kpis_iteration83.TestDashboardKPIsWithSeedData" name="test_ici_in_progress_is_2" time="0.787" /><testcase classname="backend.tests.test_dashboard_kpis_iteration83.TestDashboardKPIsWithSeedData" name="test_ici_resolution_rate_greater_than_zero" time="0.789" /><testcase classname="backend.tests.test_dashboard_kpis_iteration83.TestDashboardKPIsWithSeedData" name="test_subscription_is_trial" time="0.794" /><testcase classname="backend.tests.test_dashboard_kpis_iteration83.TestSyncREDDVisit" name="test_create_redd_visit_increments_dashboard_count" time="2.689" /><testcase classname="backend.tests.test_dashboard_kpis_iteration83.TestSyncSSRTEVisit" name="test_create_ssrte_visit_increments_dashboard_count" time="2.870" /><testcase classname="backend.tests.test_dashboard_kpis_iteration83.TestMembersEndpoint" name="test_members_endpoint_returns_active_members" time="1.470" /></testsuite></testsuites>