<?xml version="1.0" encoding="utf-8"?><testsuites name="pytest tests"><testsuite name="pytest" errors="0" failures="0" skipped="0" tests="10" time="4.707" timestamp="2026-04-10T21:58:40.269678+00:00" hostname="agent-env-1a5965f8-f66d-4ef9-8b83-1c6f1551fff6"><testcase classname="backend.tests.test_pdc_v2_gps_tracking" name="test_01_login_cooperative" time="0.954" /><testcase classname="backend.tests.test_pdc_v2_gps_tracking" name="test_02_get_pdc_with_carte_parcelle" time="0.566" /><testcase classname="backend.tests.test_pdc_v2_gps_tracking" name="test_03_carte_parcelle_polygon_structure" time="0.152" /><testcase classname="backend.tests.test_pdc_v2_gps_tracking" name="test_04_carte_parcelle_arbres_structure" time="0.152" /><testcase classname="backend.tests.test_pdc_v2_gps_tracking" name="test_05_save_step1_with_polygon_data" time="0.747" /><testcase classname="backend.tests.test_pdc_v2_gps_tracking" name="test_06_save_step1_with_arbres_data" time="0.733" /><testcase classname="backend.tests.test_pdc_v2_gps_tracking" name="test_07_pdf_generation" time="0.205" /><testcase classname="backend.tests.test_pdc_v2_gps_tracking" name="test_08_pdc_list_endpoint" time="0.185" /><testcase classname="backend.tests.test_pdc_v2_gps_tracking" name="test_09_pdc_stats_endpoint" time="0.313" /><testcase classname="backend.tests.test_pdc_v2_gps_tracking" name="test_10_new_pdc_has_carte_parcelle_schema" time="0.631" /></testsuite></testsuites>