<?xml version="1.0" encoding="utf-8"?><testsuites name="pytest tests"><testsuite name="pytest" errors="0" failures="0" skipped="0" tests="11" time="2.694" timestamp="2026-04-18T20:07:27.023511+00:00" hostname="agent-env-ccaffe88-bce9-4d04-b717-b7ff4be6c887"><testcase classname="backend.tests.test_membres_ars1000.TestMembresAdhesion" name="test_create_adhesion_with_all_5_sections" time="0.708" /><testcase classname="backend.tests.test_membres_ars1000.TestMembresAdhesion" name="test_create_adhesion_minimal_fields" time="0.155" /><testcase classname="backend.tests.test_membres_ars1000.TestMembresRegistre" name="test_get_registre_returns_all_fields" time="0.233" /><testcase classname="backend.tests.test_membres_ars1000.TestMembresRegistre" name="test_registre_search_filter" time="0.197" /><testcase classname="backend.tests.test_membres_ars1000.TestCoopInfoARS" name="test_get_coop_info" time="0.157" /><testcase classname="backend.tests.test_membres_ars1000.TestCoopInfoARS" name="test_update_coop_info" time="0.191" /><testcase classname="backend.tests.test_membres_ars1000.TestCoopInfoARS" name="test_get_coop_info_after_update" time="0.154" /><testcase classname="backend.tests.test_membres_ars1000.TestExportExcel" name="test_export_excel_returns_file" time="0.178" /><testcase classname="backend.tests.test_membres_ars1000.TestReferenceSections" name="test_get_sections_structure" time="0.071" /><testcase classname="backend.tests.test_membres_ars1000.TestAdhesionsList" name="test_list_adhesions" time="0.182" /><testcase classname="backend.tests.test_membres_ars1000.TestDashboard" name="test_get_dashboard" time="0.413" /></testsuite></testsuites>