<?xml version="1.0" encoding="utf-8"?><testsuites name="pytest tests"><testsuite name="pytest" errors="14" failures="0" skipped="0" tests="14" time="1.923" timestamp="2026-02-28T19:08:34.764966+00:00" hostname="agent-env-72ca76ca-20e4-4d90-bc8d-2c3c83487f6d"><testcase classname="tests.test_pdf_websocket.TestPDFReports" name="test_pdf_ici_complete_generates" time="0.250"><error message="failed on setup with &quot;AssertionError: Login failed: {&quot;detail&quot;:[{&quot;type&quot;:&quot;missing&quot;,&quot;loc&quot;:[&quot;body&quot;,&quot;identifier&quot;],&quot;msg&quot;:&quot;Field required&quot;,&quot;input&quot;:{&quot;email&quot;:&quot;klenakan.eric@gmail.com&quot;,&quot;password&quot;:&quot;474Treckadzo&quot;},&quot;url&quot;:&quot;https://errors.pydantic.dev/2.12/v/missing&quot;}]}&#10;assert 422 == 200&#10; +  where 422 = &lt;Response [422]&gt;.status_code&quot;">tests/test_pdf_websocket.py:22: in setup
    assert login_response.status_code == 200, f"Login failed: {login_response.text}"
E   AssertionError: Login failed: {"detail":[{"type":"missing","loc":["body","identifier"],"msg":"Field required","input":{"email":"klenakan.eric@gmail.com","password":"474Treckadzo"},"url":"https://errors.pydantic.dev/2.12/v/missing"}]}
E   assert 422 == 200
E    +  where 422 = &lt;Response [422]&gt;.status_code</error></testcase><testcase classname="tests.test_pdf_websocket.TestPDFReports" name="test_pdf_ici_alerts_generates" time="0.104"><error message="failed on setup with &quot;AssertionError: Login failed: {&quot;detail&quot;:[{&quot;type&quot;:&quot;missing&quot;,&quot;loc&quot;:[&quot;body&quot;,&quot;identifier&quot;],&quot;msg&quot;:&quot;Field required&quot;,&quot;input&quot;:{&quot;email&quot;:&quot;klenakan.eric@gmail.com&quot;,&quot;password&quot;:&quot;474Treckadzo&quot;},&quot;url&quot;:&quot;https://errors.pydantic.dev/2.12/v/missing&quot;}]}&#10;assert 422 == 200&#10; +  where 422 = &lt;Response [422]&gt;.status_code&quot;">tests/test_pdf_websocket.py:22: in setup
    assert login_response.status_code == 200, f"Login failed: {login_response.text}"
E   AssertionError: Login failed: {"detail":[{"type":"missing","loc":["body","identifier"],"msg":"Field required","input":{"email":"klenakan.eric@gmail.com","password":"474Treckadzo"},"url":"https://errors.pydantic.dev/2.12/v/missing"}]}
E   assert 422 == 200
E    +  where 422 = &lt;Response [422]&gt;.status_code</error></testcase><testcase classname="tests.test_pdf_websocket.TestPDFReports" name="test_pdf_ici_ssrte_generates" time="0.126"><error message="failed on setup with &quot;AssertionError: Login failed: {&quot;detail&quot;:[{&quot;type&quot;:&quot;missing&quot;,&quot;loc&quot;:[&quot;body&quot;,&quot;identifier&quot;],&quot;msg&quot;:&quot;Field required&quot;,&quot;input&quot;:{&quot;email&quot;:&quot;klenakan.eric@gmail.com&quot;,&quot;password&quot;:&quot;474Treckadzo&quot;},&quot;url&quot;:&quot;https://errors.pydantic.dev/2.12/v/missing&quot;}]}&#10;assert 422 == 200&#10; +  where 422 = &lt;Response [422]&gt;.status_code&quot;">tests/test_pdf_websocket.py:22: in setup
    assert login_response.status_code == 200, f"Login failed: {login_response.text}"
E   AssertionError: Login failed: {"detail":[{"type":"missing","loc":["body","identifier"],"msg":"Field required","input":{"email":"klenakan.eric@gmail.com","password":"474Treckadzo"},"url":"https://errors.pydantic.dev/2.12/v/missing"}]}
E   assert 422 == 200
E    +  where 422 = &lt;Response [422]&gt;.status_code</error></testcase><testcase classname="tests.test_pdf_websocket.TestPDFReports" name="test_pdf_alerts_with_severity_filter" time="0.151"><error message="failed on setup with &quot;AssertionError: Login failed: {&quot;detail&quot;:[{&quot;type&quot;:&quot;missing&quot;,&quot;loc&quot;:[&quot;body&quot;,&quot;identifier&quot;],&quot;msg&quot;:&quot;Field required&quot;,&quot;input&quot;:{&quot;email&quot;:&quot;klenakan.eric@gmail.com&quot;,&quot;password&quot;:&quot;474Treckadzo&quot;},&quot;url&quot;:&quot;https://errors.pydantic.dev/2.12/v/missing&quot;}]}&#10;assert 422 == 200&#10; +  where 422 = &lt;Response [422]&gt;.status_code&quot;">tests/test_pdf_websocket.py:22: in setup
    assert login_response.status_code == 200, f"Login failed: {login_response.text}"
E   AssertionError: Login failed: {"detail":[{"type":"missing","loc":["body","identifier"],"msg":"Field required","input":{"email":"klenakan.eric@gmail.com","password":"474Treckadzo"},"url":"https://errors.pydantic.dev/2.12/v/missing"}]}
E   assert 422 == 200
E    +  where 422 = &lt;Response [422]&gt;.status_code</error></testcase><testcase classname="tests.test_pdf_websocket.TestPDFReports" name="test_pdf_alerts_with_status_filter" time="0.112"><error message="failed on setup with &quot;AssertionError: Login failed: {&quot;detail&quot;:[{&quot;type&quot;:&quot;missing&quot;,&quot;loc&quot;:[&quot;body&quot;,&quot;identifier&quot;],&quot;msg&quot;:&quot;Field required&quot;,&quot;input&quot;:{&quot;email&quot;:&quot;klenakan.eric@gmail.com&quot;,&quot;password&quot;:&quot;474Treckadzo&quot;},&quot;url&quot;:&quot;https://errors.pydantic.dev/2.12/v/missing&quot;}]}&#10;assert 422 == 200&#10; +  where 422 = &lt;Response [422]&gt;.status_code&quot;">tests/test_pdf_websocket.py:22: in setup
    assert login_response.status_code == 200, f"Login failed: {login_response.text}"
E   AssertionError: Login failed: {"detail":[{"type":"missing","loc":["body","identifier"],"msg":"Field required","input":{"email":"klenakan.eric@gmail.com","password":"474Treckadzo"},"url":"https://errors.pydantic.dev/2.12/v/missing"}]}
E   assert 422 == 200
E    +  where 422 = &lt;Response [422]&gt;.status_code</error></testcase><testcase classname="tests.test_pdf_websocket.TestPDFReports" name="test_pdf_unauthorized_access" time="0.120"><error message="failed on setup with &quot;AssertionError: Login failed: {&quot;detail&quot;:[{&quot;type&quot;:&quot;missing&quot;,&quot;loc&quot;:[&quot;body&quot;,&quot;identifier&quot;],&quot;msg&quot;:&quot;Field required&quot;,&quot;input&quot;:{&quot;email&quot;:&quot;klenakan.eric@gmail.com&quot;,&quot;password&quot;:&quot;474Treckadzo&quot;},&quot;url&quot;:&quot;https://errors.pydantic.dev/2.12/v/missing&quot;}]}&#10;assert 422 == 200&#10; +  where 422 = &lt;Response [422]&gt;.status_code&quot;">tests/test_pdf_websocket.py:22: in setup
    assert login_response.status_code == 200, f"Login failed: {login_response.text}"
E   AssertionError: Login failed: {"detail":[{"type":"missing","loc":["body","identifier"],"msg":"Field required","input":{"email":"klenakan.eric@gmail.com","password":"474Treckadzo"},"url":"https://errors.pydantic.dev/2.12/v/missing"}]}
E   assert 422 == 200
E    +  where 422 = &lt;Response [422]&gt;.status_code</error></testcase><testcase classname="tests.test_pdf_websocket.TestWebSocketEndpoints" name="test_ws_connections_endpoint" time="0.108"><error message="failed on setup with &quot;AssertionError: Login failed: {&quot;detail&quot;:[{&quot;type&quot;:&quot;missing&quot;,&quot;loc&quot;:[&quot;body&quot;,&quot;identifier&quot;],&quot;msg&quot;:&quot;Field required&quot;,&quot;input&quot;:{&quot;email&quot;:&quot;klenakan.eric@gmail.com&quot;,&quot;password&quot;:&quot;474Treckadzo&quot;},&quot;url&quot;:&quot;https://errors.pydantic.dev/2.12/v/missing&quot;}]}&#10;assert 422 == 200&#10; +  where 422 = &lt;Response [422]&gt;.status_code&quot;">tests/test_pdf_websocket.py:95: in setup
    assert login_response.status_code == 200, f"Login failed: {login_response.text}"
E   AssertionError: Login failed: {"detail":[{"type":"missing","loc":["body","identifier"],"msg":"Field required","input":{"email":"klenakan.eric@gmail.com","password":"474Treckadzo"},"url":"https://errors.pydantic.dev/2.12/v/missing"}]}
E   assert 422 == 200
E    +  where 422 = &lt;Response [422]&gt;.status_code</error></testcase><testcase classname="tests.test_pdf_websocket.TestWebSocketEndpoints" name="test_ws_broadcast_stats_endpoint" time="0.122"><error message="failed on setup with &quot;AssertionError: Login failed: {&quot;detail&quot;:[{&quot;type&quot;:&quot;missing&quot;,&quot;loc&quot;:[&quot;body&quot;,&quot;identifier&quot;],&quot;msg&quot;:&quot;Field required&quot;,&quot;input&quot;:{&quot;email&quot;:&quot;klenakan.eric@gmail.com&quot;,&quot;password&quot;:&quot;474Treckadzo&quot;},&quot;url&quot;:&quot;https://errors.pydantic.dev/2.12/v/missing&quot;}]}&#10;assert 422 == 200&#10; +  where 422 = &lt;Response [422]&gt;.status_code&quot;">tests/test_pdf_websocket.py:95: in setup
    assert login_response.status_code == 200, f"Login failed: {login_response.text}"
E   AssertionError: Login failed: {"detail":[{"type":"missing","loc":["body","identifier"],"msg":"Field required","input":{"email":"klenakan.eric@gmail.com","password":"474Treckadzo"},"url":"https://errors.pydantic.dev/2.12/v/missing"}]}
E   assert 422 == 200
E    +  where 422 = &lt;Response [422]&gt;.status_code</error></testcase><testcase classname="tests.test_pdf_websocket.TestWebSocketEndpoints" name="test_ws_broadcast_stats_overview_fields" time="0.113"><error message="failed on setup with &quot;AssertionError: Login failed: {&quot;detail&quot;:[{&quot;type&quot;:&quot;missing&quot;,&quot;loc&quot;:[&quot;body&quot;,&quot;identifier&quot;],&quot;msg&quot;:&quot;Field required&quot;,&quot;input&quot;:{&quot;email&quot;:&quot;klenakan.eric@gmail.com&quot;,&quot;password&quot;:&quot;474Treckadzo&quot;},&quot;url&quot;:&quot;https://errors.pydantic.dev/2.12/v/missing&quot;}]}&#10;assert 422 == 200&#10; +  where 422 = &lt;Response [422]&gt;.status_code&quot;">tests/test_pdf_websocket.py:95: in setup
    assert login_response.status_code == 200, f"Login failed: {login_response.text}"
E   AssertionError: Login failed: {"detail":[{"type":"missing","loc":["body","identifier"],"msg":"Field required","input":{"email":"klenakan.eric@gmail.com","password":"474Treckadzo"},"url":"https://errors.pydantic.dev/2.12/v/missing"}]}
E   assert 422 == 200
E    +  where 422 = &lt;Response [422]&gt;.status_code</error></testcase><testcase classname="tests.test_pdf_websocket.TestWebSocketEndpoints" name="test_ws_broadcast_stats_alerts_fields" time="0.099"><error message="failed on setup with &quot;AssertionError: Login failed: {&quot;detail&quot;:[{&quot;type&quot;:&quot;missing&quot;,&quot;loc&quot;:[&quot;body&quot;,&quot;identifier&quot;],&quot;msg&quot;:&quot;Field required&quot;,&quot;input&quot;:{&quot;email&quot;:&quot;klenakan.eric@gmail.com&quot;,&quot;password&quot;:&quot;474Treckadzo&quot;},&quot;url&quot;:&quot;https://errors.pydantic.dev/2.12/v/missing&quot;}]}&#10;assert 422 == 200&#10; +  where 422 = &lt;Response [422]&gt;.status_code&quot;">tests/test_pdf_websocket.py:95: in setup
    assert login_response.status_code == 200, f"Login failed: {login_response.text}"
E   AssertionError: Login failed: {"detail":[{"type":"missing","loc":["body","identifier"],"msg":"Field required","input":{"email":"klenakan.eric@gmail.com","password":"474Treckadzo"},"url":"https://errors.pydantic.dev/2.12/v/missing"}]}
E   assert 422 == 200
E    +  where 422 = &lt;Response [422]&gt;.status_code</error></testcase><testcase classname="tests.test_pdf_websocket.TestWebSocketEndpoints" name="test_ws_broadcast_stats_risk_distribution" time="0.108"><error message="failed on setup with &quot;AssertionError: Login failed: {&quot;detail&quot;:[{&quot;type&quot;:&quot;missing&quot;,&quot;loc&quot;:[&quot;body&quot;,&quot;identifier&quot;],&quot;msg&quot;:&quot;Field required&quot;,&quot;input&quot;:{&quot;email&quot;:&quot;klenakan.eric@gmail.com&quot;,&quot;password&quot;:&quot;474Treckadzo&quot;},&quot;url&quot;:&quot;https://errors.pydantic.dev/2.12/v/missing&quot;}]}&#10;assert 422 == 200&#10; +  where 422 = &lt;Response [422]&gt;.status_code&quot;">tests/test_pdf_websocket.py:95: in setup
    assert login_response.status_code == 200, f"Login failed: {login_response.text}"
E   AssertionError: Login failed: {"detail":[{"type":"missing","loc":["body","identifier"],"msg":"Field required","input":{"email":"klenakan.eric@gmail.com","password":"474Treckadzo"},"url":"https://errors.pydantic.dev/2.12/v/missing"}]}
E   assert 422 == 200
E    +  where 422 = &lt;Response [422]&gt;.status_code</error></testcase><testcase classname="tests.test_pdf_websocket.TestWebSocketEndpoints" name="test_ws_notify_alert" time="0.103"><error message="failed on setup with &quot;AssertionError: Login failed: {&quot;detail&quot;:[{&quot;type&quot;:&quot;missing&quot;,&quot;loc&quot;:[&quot;body&quot;,&quot;identifier&quot;],&quot;msg&quot;:&quot;Field required&quot;,&quot;input&quot;:{&quot;email&quot;:&quot;klenakan.eric@gmail.com&quot;,&quot;password&quot;:&quot;474Treckadzo&quot;},&quot;url&quot;:&quot;https://errors.pydantic.dev/2.12/v/missing&quot;}]}&#10;assert 422 == 200&#10; +  where 422 = &lt;Response [422]&gt;.status_code&quot;">tests/test_pdf_websocket.py:95: in setup
    assert login_response.status_code == 200, f"Login failed: {login_response.text}"
E   AssertionError: Login failed: {"detail":[{"type":"missing","loc":["body","identifier"],"msg":"Field required","input":{"email":"klenakan.eric@gmail.com","password":"474Treckadzo"},"url":"https://errors.pydantic.dev/2.12/v/missing"}]}
E   assert 422 == 200
E    +  where 422 = &lt;Response [422]&gt;.status_code</error></testcase><testcase classname="tests.test_pdf_websocket.TestRealTimeDashboardData" name="test_stats_data_matches_ici_metrics" time="0.105"><error message="failed on setup with &quot;AssertionError: Login failed: {&quot;detail&quot;:[{&quot;type&quot;:&quot;missing&quot;,&quot;loc&quot;:[&quot;body&quot;,&quot;identifier&quot;],&quot;msg&quot;:&quot;Field required&quot;,&quot;input&quot;:{&quot;email&quot;:&quot;klenakan.eric@gmail.com&quot;,&quot;password&quot;:&quot;474Treckadzo&quot;},&quot;url&quot;:&quot;https://errors.pydantic.dev/2.12/v/missing&quot;}]}&#10;assert 422 == 200&#10; +  where 422 = &lt;Response [422]&gt;.status_code&quot;">tests/test_pdf_websocket.py:213: in setup
    assert login_response.status_code == 200, f"Login failed: {login_response.text}"
E   AssertionError: Login failed: {"detail":[{"type":"missing","loc":["body","identifier"],"msg":"Field required","input":{"email":"klenakan.eric@gmail.com","password":"474Treckadzo"},"url":"https://errors.pydantic.dev/2.12/v/missing"}]}
E   assert 422 == 200
E    +  where 422 = &lt;Response [422]&gt;.status_code</error></testcase><testcase classname="tests.test_pdf_websocket.TestRealTimeDashboardData" name="test_alerts_data_matches_ici_alerts" time="0.105"><error message="failed on setup with &quot;AssertionError: Login failed: {&quot;detail&quot;:[{&quot;type&quot;:&quot;missing&quot;,&quot;loc&quot;:[&quot;body&quot;,&quot;identifier&quot;],&quot;msg&quot;:&quot;Field required&quot;,&quot;input&quot;:{&quot;email&quot;:&quot;klenakan.eric@gmail.com&quot;,&quot;password&quot;:&quot;474Treckadzo&quot;},&quot;url&quot;:&quot;https://errors.pydantic.dev/2.12/v/missing&quot;}]}&#10;assert 422 == 200&#10; +  where 422 = &lt;Response [422]&gt;.status_code&quot;">tests/test_pdf_websocket.py:213: in setup
    assert login_response.status_code == 200, f"Login failed: {login_response.text}"
E   AssertionError: Login failed: {"detail":[{"type":"missing","loc":["body","identifier"],"msg":"Field required","input":{"email":"klenakan.eric@gmail.com","password":"474Treckadzo"},"url":"https://errors.pydantic.dev/2.12/v/missing"}]}
E   assert 422 == 200
E    +  where 422 = &lt;Response [422]&gt;.status_code</error></testcase></testsuite></testsuites>