<?xml version="1.0" encoding="utf-8"?><testsuites name="pytest tests"><testsuite name="pytest" errors="0" failures="0" skipped="2" tests="18" time="16.224" timestamp="2026-03-21T10:14:05.967000+00:00" hostname="agent-env-ff7c9f37-8394-462f-98a8-4ea619d5317c"><testcase classname="backend.tests.test_parcel_verification_iteration51.TestAuthentication" name="test_field_agent_login" time="0.481" /><testcase classname="backend.tests.test_parcel_verification_iteration51.TestAuthentication" name="test_cooperative_login" time="0.472" /><testcase classname="backend.tests.test_parcel_verification_iteration51.TestAuthentication" name="test_admin_login" time="0.455" /><testcase classname="backend.tests.test_parcel_verification_iteration51.TestParcelsToVerify" name="test_parcels_to_verify_default" time="0.914" /><testcase classname="backend.tests.test_parcel_verification_iteration51.TestParcelsToVerify" name="test_parcels_to_verify_all_filter" time="0.935" /><testcase classname="backend.tests.test_parcel_verification_iteration51.TestParcelsToVerify" name="test_parcels_to_verify_verified_filter" time="0.919" /><testcase classname="backend.tests.test_parcel_verification_iteration51.TestParcelsToVerify" name="test_parcels_to_verify_pending_filter" time="0.961" /><testcase classname="backend.tests.test_parcel_verification_iteration51.TestParcelVerification" name="test_verify_parcel_verified_status" time="1.230" /><testcase classname="backend.tests.test_parcel_verification_iteration51.TestParcelVerification" name="test_verify_parcel_needs_correction_status" time="1.219" /><testcase classname="backend.tests.test_parcel_verification_iteration51.TestParcelVerification" name="test_verify_parcel_rejected_status" time="1.203" /><testcase classname="backend.tests.test_parcel_verification_iteration51.TestParcelVerification" name="test_verify_parcel_invalid_status" time="1.163" /><testcase classname="backend.tests.test_parcel_verification_iteration51.TestParcelVerification" name="test_verify_parcel_invalid_id" time="1.096" /><testcase classname="backend.tests.test_parcel_verification_iteration51.TestParcelVerification" name="test_verify_parcel_nonexistent_id" time="1.141" /><testcase classname="backend.tests.test_parcel_verification_iteration51.TestExistingDashboardEndpoints" name="test_field_agent_dashboard" time="0.874" /><testcase classname="backend.tests.test_parcel_verification_iteration51.TestExistingDashboardEndpoints" name="test_cooperative_dashboard" time="0.949" /><testcase classname="backend.tests.test_parcel_verification_iteration51.TestExistingDashboardEndpoints" name="test_admin_stats" time="0.919" /><testcase classname="backend.tests.test_parcel_verification_iteration51.TestCooperativeParcelsVerificationStatus" name="test_cooperative_parcels_all_shows_verification_status" time="0.110"><skipped type="pytest.skip" message="Cooperative login failed">/app/backend/tests/test_parcel_verification_iteration51.py:344: Cooperative login failed</skipped></testcase><testcase classname="backend.tests.test_parcel_verification_iteration51.TestFieldAgentMyFarmers" name="test_my_farmers_endpoint" time="1.114"><skipped type="pytest.skip" message="Field agent login failed: 429">/app/backend/tests/test_parcel_verification_iteration51.py:382: Field agent login failed: 429</skipped></testcase></testsuite></testsuites>