<?xml version="1.0" encoding="utf-8"?><testsuites name="pytest tests"><testsuite name="pytest" errors="0" failures="0" skipped="0" tests="19" time="9.837" timestamp="2026-04-11T18:03:39.206677+00:00" hostname="agent-env-d0ac6cac-d43a-444e-86c5-5724eaeb78fc"><testcase classname="backend.tests.test_ars1000_pdc_v2_migration.TestAuth" name="test_cooperative_login" time="0.912" /><testcase classname="backend.tests.test_ars1000_pdc_v2_migration.TestCertificationDashboard" name="test_dashboard_endpoint_exists" time="0.679" /><testcase classname="backend.tests.test_ars1000_pdc_v2_migration.TestCertificationDashboard" name="test_dashboard_returns_certification_object" time="0.317" /><testcase classname="backend.tests.test_ars1000_pdc_v2_migration.TestCertificationDashboard" name="test_dashboard_returns_stats" time="0.322" /><testcase classname="backend.tests.test_ars1000_pdc_v2_migration.TestCertificationDashboard" name="test_dashboard_returns_score_ombrage_moyen" time="0.317" /><testcase classname="backend.tests.test_ars1000_pdc_v2_migration.TestCertificationDashboard" name="test_dashboard_returns_pdc_conformes_ombrage" time="0.314" /><testcase classname="backend.tests.test_ars1000_pdc_v2_migration.TestCertificationDashboard" name="test_dashboard_returns_niveau_suggere" time="0.316" /><testcase classname="backend.tests.test_ars1000_pdc_v2_migration.TestARS1000Analytics" name="test_analytics_endpoint_exists" time="0.982" /><testcase classname="backend.tests.test_ars1000_pdc_v2_migration.TestARS1000Analytics" name="test_analytics_returns_pdc_stats" time="0.983" /><testcase classname="backend.tests.test_ars1000_pdc_v2_migration.TestARS1000Analytics" name="test_analytics_pdc_by_status" time="0.975" /><testcase classname="backend.tests.test_ars1000_pdc_v2_migration.TestARS1000Analytics" name="test_analytics_fiches_completion_pct" time="0.985" /><testcase classname="backend.tests.test_ars1000_pdc_v2_migration.TestARS1000Analytics" name="test_analytics_returns_agroforesterie" time="1.201" /><testcase classname="backend.tests.test_ars1000_pdc_v2_migration.TestPDCV2List" name="test_pdc_v2_list_endpoint_exists" time="0.279" /><testcase classname="backend.tests.test_ars1000_pdc_v2_migration.TestPDCV2List" name="test_pdc_v2_list_returns_pdcs_array" time="0.185" /><testcase classname="backend.tests.test_ars1000_pdc_v2_migration.TestPDCV2List" name="test_pdc_v2_list_item_structure" time="0.183" /><testcase classname="backend.tests.test_ars1000_pdc_v2_migration.TestPDCV2List" name="test_pdc_v2_list_has_step_data" time="0.188" /><testcase classname="backend.tests.test_ars1000_pdc_v2_migration.TestPDCV2StatsOverview" name="test_pdc_v2_stats_endpoint_exists" time="0.313" /><testcase classname="backend.tests.test_ars1000_pdc_v2_migration.TestPDCV2StatsOverview" name="test_pdc_v2_stats_returns_counts" time="0.313" /><testcase classname="backend.tests.test_ars1000_pdc_v2_migration.TestDiagnosticFicheLabels" name="test_fiche_labels_mapping" time="0.000" /></testsuite></testsuites>