<?xml version="1.0" encoding="utf-8"?><testsuites name="pytest tests"><testsuite name="pytest" errors="0" failures="0" skipped="0" tests="19" time="5.597" timestamp="2026-04-15T19:28:49.527371+00:00" hostname="agent-env-04fe1580-c704-4def-adda-b7a75e443d0d"><testcase classname="backend.tests.test_formation_module.TestFormationThemes" name="test_get_themes_returns_12_mandatory_themes" time="0.648" /><testcase classname="backend.tests.test_formation_module.TestFormationThemes" name="test_themes_have_required_fields" time="0.065" /><testcase classname="backend.tests.test_formation_module.TestFormationProgrammes" name="test_create_programme_with_12_themes" time="0.158" /><testcase classname="backend.tests.test_formation_module.TestFormationProgrammes" name="test_list_programmes" time="0.153" /><testcase classname="backend.tests.test_formation_module.TestFormationSessions" name="test_create_session_with_theme_prefill" time="0.337" /><testcase classname="backend.tests.test_formation_module.TestFormationSessions" name="test_list_sessions_with_stats" time="0.154" /><testcase classname="backend.tests.test_formation_module.TestFormationSessions" name="test_filter_sessions_by_statut" time="0.149" /><testcase classname="backend.tests.test_formation_module.TestFormationSessions" name="test_filter_sessions_by_theme" time="0.148" /><testcase classname="backend.tests.test_formation_module.TestFormationSessions" name="test_update_session_status_to_completee" time="0.559" /><testcase classname="backend.tests.test_formation_module.TestFormationParticipants" name="test_add_participants_to_session" time="0.330" /><testcase classname="backend.tests.test_formation_module.TestFormationParticipants" name="test_get_participants_list" time="0.148" /><testcase classname="backend.tests.test_formation_module.TestFormationPVPDF" name="test_generate_pv_pdf" time="0.347" /><testcase classname="backend.tests.test_formation_module.TestFormationAttestations" name="test_generate_attestation_pdf" time="0.330" /><testcase classname="backend.tests.test_formation_module.TestFormationDashboard" name="test_dashboard_returns_kpis" time="0.226" /><testcase classname="backend.tests.test_formation_module.TestFormationDashboard" name="test_dashboard_returns_theme_coverage" time="0.186" /><testcase classname="backend.tests.test_formation_module.TestFormationDashboard" name="test_dashboard_returns_alerts" time="0.182" /><testcase classname="backend.tests.test_formation_module.TestFormationMemberHistory" name="test_get_member_history" time="0.156" /><testcase classname="backend.tests.test_formation_module.TestFormationExcelExport" name="test_export_excel" time="0.212" /><testcase classname="backend.tests.test_formation_module.TestFormationIntegration" name="test_complete_formation_workflow" time="1.002" /></testsuite></testsuites>