<?xml version="1.0" encoding="utf-8"?><testsuites name="pytest tests"><testsuite name="pytest" errors="0" failures="0" skipped="0" tests="16" time="5.666" timestamp="2026-04-06T16:39:43.534314+00:00" hostname="agent-env-ba7e477a-ff4e-4d8b-afe2-08bbe755d25f"><testcase classname="backend.tests.test_discrepancy_management.TestDiscrepancyCooperativeEndpoint" name="test_get_cooperative_discrepancies_success" time="1.113" /><testcase classname="backend.tests.test_discrepancy_management.TestDiscrepancyCooperativeEndpoint" name="test_filter_by_classification_important" time="0.245" /><testcase classname="backend.tests.test_discrepancy_management.TestDiscrepancyCooperativeEndpoint" name="test_filter_by_classification_faible" time="0.242" /><testcase classname="backend.tests.test_discrepancy_management.TestDiscrepancyCooperativeEndpoint" name="test_filter_by_classification_moyen" time="0.244" /><testcase classname="backend.tests.test_discrepancy_management.TestDiscrepancyCooperativeEndpoint" name="test_pagination" time="0.243" /><testcase classname="backend.tests.test_discrepancy_management.TestDiscrepancyCooperativeEndpoint" name="test_admin_can_access_all_discrepancies" time="0.597" /><testcase classname="backend.tests.test_discrepancy_management.TestDiscrepancyCooperativeEndpoint" name="test_unauthorized_access_denied" time="0.466" /><testcase classname="backend.tests.test_discrepancy_management.TestDiscrepancyFarmerEndpoint" name="test_get_farmer_discrepancy_history" time="0.425" /><testcase classname="backend.tests.test_discrepancy_management.TestDiscrepancyParcelEndpoint" name="test_get_parcel_discrepancy" time="0.406" /><testcase classname="backend.tests.test_discrepancy_management.TestDiscrepancyParcelEndpoint" name="test_parcel_without_discrepancy" time="0.146" /><testcase classname="backend.tests.test_discrepancy_management.TestDiscrepancyValidation" name="test_validate_discrepancy_accept" time="0.440" /><testcase classname="backend.tests.test_discrepancy_management.TestDiscrepancyValidation" name="test_validate_invalid_id" time="0.116" /><testcase classname="backend.tests.test_discrepancy_management.TestDiscrepancyValidation" name="test_validate_nonexistent_id" time="0.159" /><testcase classname="backend.tests.test_discrepancy_management.TestDiscrepancyClassificationEngine" name="test_ecart_structure_in_response" time="0.242" /><testcase classname="backend.tests.test_discrepancy_management.TestDiscrepancyClassificationEngine" name="test_premium_impact_calculation" time="0.248" /><testcase classname="backend.tests.test_discrepancy_management.TestDiscrepancyNotifications" name="test_ecart_has_notification_flag" time="0.243" /></testsuite></testsuites>