<?xml version="1.0" encoding="utf-8"?><testsuites name="pytest tests"><testsuite name="pytest" errors="0" failures="0" skipped="0" tests="9" time="9.201" timestamp="2026-03-21T14:17:23.392072+00:00" hostname="agent-env-5674eac0-6888-4b35-8d83-c2c0b21589fd"><testcase classname="backend.tests.test_extended_notifications_iteration54.TestExtendedNotifications" name="test_01_get_initial_unread_count" time="1.488" /><testcase classname="backend.tests.test_extended_notifications_iteration54.TestExtendedNotifications" name="test_02_get_notification_history" time="0.663" /><testcase classname="backend.tests.test_extended_notifications_iteration54.TestExtendedNotifications" name="test_03_create_parcel_triggers_notification" time="1.452" /><testcase classname="backend.tests.test_extended_notifications_iteration54.TestExtendedNotifications" name="test_04_verify_parcel_triggers_notification" time="1.558" /><testcase classname="backend.tests.test_extended_notifications_iteration54.TestExtendedNotifications" name="test_05_notification_types_in_history" time="0.690" /><testcase classname="backend.tests.test_extended_notifications_iteration54.TestExtendedNotifications" name="test_06_mark_all_notifications_read" time="0.955" /><testcase classname="backend.tests.test_extended_notifications_iteration54.TestExtendedNotifications" name="test_07_notifications_sorted_by_date" time="0.640" /><testcase classname="backend.tests.test_extended_notifications_iteration54.TestSSRTECriticalAlertNotification" name="test_ssrte_visit_with_children_at_risk" time="1.050" /><testcase classname="backend.tests.test_extended_notifications_iteration54.TestPaymentReceivedNotification" name="test_carbon_premium_payment_notification" time="0.640" /></testsuite></testsuites>