<?xml version="1.0" encoding="utf-8"?><testsuites name="pytest tests"><testsuite name="pytest" errors="4" failures="0" skipped="0" tests="14" time="8.960" timestamp="2026-02-28T19:08:50.501337+00:00" hostname="agent-env-72ca76ca-20e4-4d90-bc8d-2c3c83487f6d"><testcase classname="tests.test_pdf_websocket.TestPDFReports" name="test_pdf_ici_complete_generates" time="1.847" /><testcase classname="tests.test_pdf_websocket.TestPDFReports" name="test_pdf_ici_alerts_generates" time="0.578" /><testcase classname="tests.test_pdf_websocket.TestPDFReports" name="test_pdf_ici_ssrte_generates" time="0.547" /><testcase classname="tests.test_pdf_websocket.TestPDFReports" name="test_pdf_alerts_with_severity_filter" time="0.580" /><testcase classname="tests.test_pdf_websocket.TestPDFReports" name="test_pdf_alerts_with_status_filter" time="0.626" /><testcase classname="tests.test_pdf_websocket.TestPDFReports" name="test_pdf_unauthorized_access" time="0.502" /><testcase classname="tests.test_pdf_websocket.TestWebSocketEndpoints" name="test_ws_connections_endpoint" time="0.449" /><testcase classname="tests.test_pdf_websocket.TestWebSocketEndpoints" name="test_ws_broadcast_stats_endpoint" time="1.104" /><testcase classname="tests.test_pdf_websocket.TestWebSocketEndpoints" name="test_ws_broadcast_stats_overview_fields" time="0.107"><error message="failed on setup with &quot;AssertionError: Login failed: {&quot;error&quot;:&quot;Rate limit exceeded: 5 per 1 minute&quot;}&#10;assert 429 == 200&#10; +  where 429 = &lt;Response [429]&gt;.status_code&quot;">tests/test_pdf_websocket.py:95: in setup
    assert login_response.status_code == 200, f"Login failed: {login_response.text}"
E   AssertionError: Login failed: {"error":"Rate limit exceeded: 5 per 1 minute"}
E   assert 429 == 200
E    +  where 429 = &lt;Response [429]&gt;.status_code</error></testcase><testcase classname="tests.test_pdf_websocket.TestWebSocketEndpoints" name="test_ws_broadcast_stats_alerts_fields" time="1.043" /><testcase classname="tests.test_pdf_websocket.TestWebSocketEndpoints" name="test_ws_broadcast_stats_risk_distribution" time="1.105" /><testcase classname="tests.test_pdf_websocket.TestWebSocketEndpoints" name="test_ws_notify_alert" time="0.119"><error message="failed on setup with &quot;AssertionError: Login failed: {&quot;error&quot;:&quot;Rate limit exceeded: 5 per 1 minute&quot;}&#10;assert 429 == 200&#10; +  where 429 = &lt;Response [429]&gt;.status_code&quot;">tests/test_pdf_websocket.py:95: in setup
    assert login_response.status_code == 200, f"Login failed: {login_response.text}"
E   AssertionError: Login failed: {"error":"Rate limit exceeded: 5 per 1 minute"}
E   assert 429 == 200
E    +  where 429 = &lt;Response [429]&gt;.status_code</error></testcase><testcase classname="tests.test_pdf_websocket.TestRealTimeDashboardData" name="test_stats_data_matches_ici_metrics" time="0.135"><error message="failed on setup with &quot;AssertionError: Login failed: {&quot;error&quot;:&quot;Rate limit exceeded: 5 per 1 minute&quot;}&#10;assert 429 == 200&#10; +  where 429 = &lt;Response [429]&gt;.status_code&quot;">tests/test_pdf_websocket.py:213: in setup
    assert login_response.status_code == 200, f"Login failed: {login_response.text}"
E   AssertionError: Login failed: {"error":"Rate limit exceeded: 5 per 1 minute"}
E   assert 429 == 200
E    +  where 429 = &lt;Response [429]&gt;.status_code</error></testcase><testcase classname="tests.test_pdf_websocket.TestRealTimeDashboardData" name="test_alerts_data_matches_ici_alerts" time="0.114"><error message="failed on setup with &quot;AssertionError: Login failed: {&quot;error&quot;:&quot;Rate limit exceeded: 5 per 1 minute&quot;}&#10;assert 429 == 200&#10; +  where 429 = &lt;Response [429]&gt;.status_code&quot;">tests/test_pdf_websocket.py:213: in setup
    assert login_response.status_code == 200, f"Login failed: {login_response.text}"
E   AssertionError: Login failed: {"error":"Rate limit exceeded: 5 per 1 minute"}
E   assert 429 == 200
E    +  where 429 = &lt;Response [429]&gt;.status_code</error></testcase></testsuite></testsuites>