<?xml version="1.0" encoding="utf-8"?><testsuites name="pytest tests"><testsuite name="pytest" errors="0" failures="0" skipped="0" tests="18" time="6.163" timestamp="2026-03-17T02:04:23.615776+00:00" hostname="agent-env-3a97fef3-cf88-40d7-bad2-730d86e5128f"><testcase classname="backend.tests.test_coop_routes_iteration20.TestCooperativeAuth" name="test_login_returns_cooperative_user" time="1.237" /><testcase classname="backend.tests.test_coop_routes_iteration20.TestCooperativeDashboardAPI" name="test_dashboard_returns_200" time="1.307" /><testcase classname="backend.tests.test_coop_routes_iteration20.TestCooperativeMembersAPI" name="test_members_returns_200" time="0.815" /><testcase classname="backend.tests.test_coop_routes_iteration20.TestCooperativeMembersAPI" name="test_members_have_required_fields" time="0.326" /><testcase classname="backend.tests.test_coop_routes_iteration20.TestCooperativeAgentsAPI" name="test_agents_returns_200" time="0.714" /><testcase classname="backend.tests.test_coop_routes_iteration20.TestFrontendRoutes" name="test_add_parcel_alias_route" time="0.127" /><testcase classname="backend.tests.test_coop_routes_iteration20.TestFrontendRoutes" name="test_field_agents_alias_route" time="0.114" /><testcase classname="backend.tests.test_coop_routes_iteration20.TestFrontendRoutes" name="test_parcels_new_route" time="0.116" /><testcase classname="backend.tests.test_coop_routes_iteration20.TestFrontendRoutes" name="test_agents_route" time="0.115" /><testcase classname="backend.tests.test_coop_routes_iteration20.TestFrontendRoutes" name="test_cooperative_dashboard_route" time="0.147" /><testcase classname="backend.tests.test_coop_routes_iteration20.TestFrontendRoutes" name="test_cooperative_members_route" time="0.162" /><testcase classname="backend.tests.test_coop_routes_iteration20.TestFrontendRoutes" name="test_cooperative_lots_route" time="0.127" /><testcase classname="backend.tests.test_coop_routes_iteration20.TestFrontendRoutes" name="test_cooperative_distributions_route" time="0.129" /><testcase classname="backend.tests.test_coop_routes_iteration20.TestFrontendRoutes" name="test_cooperative_reports_route" time="0.118" /><testcase classname="backend.tests.test_coop_routes_iteration20.TestFrontendRoutes" name="test_cooperative_carbon_premiums_route" time="0.144" /><testcase classname="backend.tests.test_coop_routes_iteration20.TestFrontendRoutes" name="test_cooperative_ssrte_route" time="0.122" /><testcase classname="backend.tests.test_coop_routes_iteration20.TestFrontendRoutes" name="test_cooperative_qrcodes_route" time="0.115" /><testcase classname="backend.tests.test_coop_routes_iteration20.TestFrontendRoutes" name="test_cooperative_notifications_route" time="0.125" /></testsuite></testsuites>