<?xml version="1.0" encoding="utf-8"?><testsuites name="pytest tests"><testsuite name="pytest" errors="0" failures="1" skipped="0" tests="10" time="7.891" timestamp="2026-03-01T04:47:10.460859+00:00" hostname="agent-env-d3ca8f58-afeb-490b-8630-54a9a9f1b19d"><testcase classname="backend.tests.test_badge_audit_system.TestBadgeSystem" name="test_auditor_login" time="1.050" /><testcase classname="backend.tests.test_badge_audit_system.TestBadgeSystem" name="test_dashboard_returns_badge_info" time="1.121" /><testcase classname="backend.tests.test_badge_audit_system.TestBadgeSystem" name="test_badge_levels_calculation" time="0.812" /><testcase classname="backend.tests.test_badge_audit_system.TestBadgeSystem" name="test_badge_progress_audits_needed" time="0.832" /><testcase classname="backend.tests.test_badge_audit_system.TestAuditSubmissionAPI" name="test_auditor_has_missions" time="0.495" /><testcase classname="backend.tests.test_badge_audit_system.TestAuditSubmissionAPI" name="test_get_mission_parcels" time="1.167" /><testcase classname="backend.tests.test_badge_audit_system.TestAuditSubmissionAPI" name="test_audit_submission_endpoint_exists" time="0.631"><failure message="AssertionError: Unexpected response: 500 - Internal Server Error&#10;assert 500 in [404, 422, 400]&#10; +  where 500 = &lt;Response [500]&gt;.status_code">backend/tests/test_badge_audit_system.py:240: in test_audit_submission_endpoint_exists
    assert response.status_code in [404, 422, 400], \
E   AssertionError: Unexpected response: 500 - Internal Server Error
E   assert 500 in [404, 422, 400]
E    +  where 500 = &lt;Response [500]&gt;.status_code</failure></testcase><testcase classname="backend.tests.test_badge_audit_system.TestAuditStatsOverview" name="test_admin_audit_stats" time="0.657" /><testcase classname="backend.tests.test_badge_audit_system.TestAuditStatsOverview" name="test_admin_list_auditors" time="0.275" /><testcase classname="backend.tests.test_badge_audit_system.TestPushNotificationLogic" name="test_notification_service_import" time="0.669" /></testsuite></testsuites>