<?xml version="1.0" encoding="utf-8"?><testsuites name="pytest tests"><testsuite name="pytest" errors="0" failures="0" skipped="0" tests="13" time="14.290" timestamp="2026-03-19T15:26:04.872994+00:00" hostname="agent-env-de39e374-916e-4141-9dd8-924edc1c4943"><testcase classname="tests.test_notification_email_hooks_iteration44.TestLoginRegression" name="test_login_admin_email" time="1.304" /><testcase classname="tests.test_notification_email_hooks_iteration44.TestLoginRegression" name="test_login_agent_phone" time="0.542" /><testcase classname="tests.test_notification_email_hooks_iteration44.TestForgotPasswordResend" name="test_forgot_password_email_resend_verified" time="2.491" /><testcase classname="tests.test_notification_email_hooks_iteration44.TestForgotPasswordResend" name="test_forgot_password_phone_sms_mock" time="2.283" /><testcase classname="tests.test_notification_email_hooks_iteration44.TestNotificationHooksImport" name="test_health_check" time="0.152" /><testcase classname="tests.test_notification_email_hooks_iteration44.TestNotificationHooksImport" name="test_auth_module_loads" time="0.554" /><testcase classname="tests.test_notification_email_hooks_iteration44.TestNotificationHooksImport" name="test_greenlink_module_loads" time="0.817" /><testcase classname="tests.test_notification_email_hooks_iteration44.TestNotificationHooksImport" name="test_ici_data_collection_module_loads" time="0.659" /><testcase classname="tests.test_notification_email_hooks_iteration44.TestNotificationHooksImport" name="test_admin_module_loads" time="0.971" /><testcase classname="tests.test_notification_email_hooks_iteration44.TestNotificationHooksImport" name="test_cooperative_module_loads" time="0.678" /><testcase classname="tests.test_notification_email_hooks_iteration44.TestActivateMemberAccountNotification" name="test_check_member_phone_for_activation" time="0.292" /><testcase classname="tests.test_notification_email_hooks_iteration44.TestActivateMemberAccountNotification" name="test_activate_member_triggers_notification" time="1.288" /><testcase classname="tests.test_notification_email_hooks_iteration44.TestEmailServiceModule" name="test_email_service_import_via_forgot_password" time="2.188" /></testsuite></testsuites>