<?xml version="1.0" encoding="utf-8"?><testsuites name="pytest tests"><testsuite name="pytest" errors="0" failures="0" skipped="0" tests="16" time="2.018" timestamp="2026-04-07T03:33:22.853469+00:00" hostname="agent-env-154a663e-880e-4cf2-92c9-122a35e7d9c3"><testcase classname="backend.tests.test_shade_cover_calculation.TestEstimateCouvertureEndpoint" name="test_basic_calculation_1ha" time="0.178" /><testcase classname="backend.tests.test_shade_cover_calculation.TestEstimateCouvertureEndpoint" name="test_only_large_trees" time="0.133" /><testcase classname="backend.tests.test_shade_cover_calculation.TestEstimateCouvertureEndpoint" name="test_only_medium_trees" time="0.108" /><testcase classname="backend.tests.test_shade_cover_calculation.TestEstimateCouvertureEndpoint" name="test_only_small_trees" time="0.121" /><testcase classname="backend.tests.test_shade_cover_calculation.TestEstimateCouvertureEndpoint" name="test_larger_area_2ha" time="0.115" /><testcase classname="backend.tests.test_shade_cover_calculation.TestEstimateCouvertureEndpoint" name="test_cap_at_100_percent" time="0.105" /><testcase classname="backend.tests.test_shade_cover_calculation.TestEstimateCouvertureEndpoint" name="test_zero_trees" time="0.108" /><testcase classname="backend.tests.test_shade_cover_calculation.TestEstimateCouvertureEndpoint" name="test_small_area_0_5ha" time="0.116" /><testcase classname="backend.tests.test_shade_cover_calculation.TestEstimateCouvertureEndpoint" name="test_default_area_1ha" time="0.108" /><testcase classname="backend.tests.test_shade_cover_calculation.TestEstimateCouvertureEndpoint" name="test_formula_in_response" time="0.099" /><testcase classname="backend.tests.test_shade_cover_calculation.TestCarbonScoreSimulateWithCouverture" name="test_simulate_with_high_couverture" time="0.114" /><testcase classname="backend.tests.test_shade_cover_calculation.TestCarbonScoreSimulateWithCouverture" name="test_simulate_with_medium_couverture" time="0.126" /><testcase classname="backend.tests.test_shade_cover_calculation.TestCarbonScoreSimulateWithCouverture" name="test_simulate_with_low_couverture" time="0.146" /><testcase classname="backend.tests.test_shade_cover_calculation.TestCarbonScoreSimulateWithCouverture" name="test_simulate_with_zero_couverture" time="0.116" /><testcase classname="backend.tests.test_shade_cover_calculation.TestCarbonScoreSimulateWithCouverture" name="test_simulate_returns_recommendations" time="0.124" /><testcase classname="backend.tests.test_shade_cover_calculation.TestDecompositionEndpoint" name="test_decomposition_returns_criteria" time="0.125" /></testsuite></testsuites>