<?xml version="1.0" encoding="utf-8"?><testsuites name="pytest tests"><testsuite name="pytest" errors="0" failures="0" skipped="0" tests="15" time="17.172" timestamp="2026-03-31T14:45:52.099147+00:00" hostname="agent-env-e1469440-f795-4069-8507-3d433a5a4472"><testcase classname="backend.tests.test_redd_impact_iteration88.TestReddImpactAuthentication" name="test_redd_impact_requires_auth" time="0.141" /><testcase classname="backend.tests.test_redd_impact_iteration88.TestReddImpactAuthentication" name="test_redd_impact_requires_admin_role" time="2.318" /><testcase classname="backend.tests.test_redd_impact_iteration88.TestReddImpactNationalMetrics" name="test_redd_impact_returns_valid_json" time="1.121" /><testcase classname="backend.tests.test_redd_impact_iteration88.TestReddImpactNationalMetrics" name="test_redd_impact_has_all_six_sections" time="1.125" /><testcase classname="backend.tests.test_redd_impact_iteration88.TestReddImpactNationalMetrics" name="test_carbon_impact_structure" time="1.128" /><testcase classname="backend.tests.test_redd_impact_iteration88.TestReddImpactNationalMetrics" name="test_conformite_structure" time="1.128" /><testcase classname="backend.tests.test_redd_impact_iteration88.TestReddImpactNationalMetrics" name="test_social_impact_structure" time="1.127" /><testcase classname="backend.tests.test_redd_impact_iteration88.TestReddImpactNationalMetrics" name="test_mrv_national_structure" time="1.128" /><testcase classname="backend.tests.test_redd_impact_iteration88.TestReddImpactNationalMetrics" name="test_cooperatives_structure" time="1.128" /><testcase classname="backend.tests.test_redd_impact_iteration88.TestReddImpactNationalMetrics" name="test_investor_metrics_structure" time="1.125" /><testcase classname="backend.tests.test_redd_impact_iteration88.TestReddImpactNationalMetrics" name="test_all_monetary_values_in_xof" time="1.133" /><testcase classname="backend.tests.test_redd_impact_iteration88.TestReddImpactNationalMetrics" name="test_generated_at_timestamp" time="1.127" /><testcase classname="backend.tests.test_redd_impact_iteration88.TestReddImpactDataIntegrity" name="test_five_year_projection_has_five_years" time="1.125" /><testcase classname="backend.tests.test_redd_impact_iteration88.TestReddImpactDataIntegrity" name="test_eudr_compliance_rate_is_percentage" time="1.121" /><testcase classname="backend.tests.test_redd_impact_iteration88.TestReddImpactDataIntegrity" name="test_ici_resolution_rate_is_percentage" time="1.121" /></testsuite></testsuites>