<?xml version="1.0" encoding="utf-8"?><testsuites name="pytest tests"><testsuite name="pytest" errors="0" failures="0" skipped="0" tests="17" time="8.403" timestamp="2026-03-22T01:26:16.400750+00:00" hostname="agent-env-ca92a787-1060-48e7-8d7d-f7d60df8f83b"><testcase classname="backend.tests.test_my_harvests_iteration56.TestAuthentication" name="test_my_harvests_requires_auth" time="0.152" /><testcase classname="backend.tests.test_my_harvests_iteration56.TestAuthentication" name="test_farmer_login" time="1.130" /><testcase classname="backend.tests.test_my_harvests_iteration56.TestAuthentication" name="test_coop_login" time="0.472" /><testcase classname="backend.tests.test_my_harvests_iteration56.TestMyHarvestsEndpoint" name="test_get_my_harvests_basic" time="0.846" /><testcase classname="backend.tests.test_my_harvests_iteration56.TestMyHarvestsEndpoint" name="test_stats_structure" time="0.356" /><testcase classname="backend.tests.test_my_harvests_iteration56.TestMyHarvestsEndpoint" name="test_harvest_item_structure" time="0.365" /><testcase classname="backend.tests.test_my_harvests_iteration56.TestMyHarvestsFiltering" name="test_filter_by_en_attente" time="0.346" /><testcase classname="backend.tests.test_my_harvests_iteration56.TestMyHarvestsFiltering" name="test_filter_by_validee" time="0.396" /><testcase classname="backend.tests.test_my_harvests_iteration56.TestMyHarvestsFiltering" name="test_filter_by_rejetee" time="0.372" /><testcase classname="backend.tests.test_my_harvests_iteration56.TestHarvestDeclarationUnitConversion" name="test_declare_harvest_tonnes_conversion" time="0.663" /><testcase classname="backend.tests.test_my_harvests_iteration56.TestHarvestDeclarationUnitConversion" name="test_declare_harvest_sacs_conversion" time="0.684" /><testcase classname="backend.tests.test_my_harvests_iteration56.TestHarvestDeclarationUnitConversion" name="test_declare_harvest_kg_no_conversion" time="0.657" /><testcase classname="backend.tests.test_my_harvests_iteration56.TestQuantityDisplayInMyHarvests" name="test_quantity_display_format" time="0.341" /><testcase classname="backend.tests.test_my_harvests_iteration56.TestStatsCalculation" name="test_stats_match_harvests_count" time="0.361" /><testcase classname="backend.tests.test_my_harvests_iteration56.TestStatsCalculation" name="test_total_kg_calculation" time="0.359" /><testcase classname="backend.tests.test_my_harvests_iteration56.TestCooperativeHarvestValidation" name="test_coop_harvests_list" time="0.819" /><testcase classname="backend.tests.test_my_harvests_iteration56.TestCleanup" name="test_cleanup_test_harvests" time="0.000" /></testsuite></testsuites>