<?xml version="1.0" encoding="utf-8"?><testsuites name="pytest tests"><testsuite name="pytest" errors="5" failures="0" skipped="0" tests="25" time="14.590" timestamp="2026-04-15T19:09:27.129076+00:00" hostname="agent-env-04fe1580-c704-4def-adda-b7a75e443d0d"><testcase classname="backend.tests.test_audit_internal_module.TestAuditSessions" name="test_list_audit_sessions" time="1.175" /><testcase classname="backend.tests.test_audit_internal_module.TestAuditSessions" name="test_create_audit_session" time="0.466" /><testcase classname="backend.tests.test_audit_internal_module.TestAuditSessions" name="test_get_session_detail" time="0.480" /><testcase classname="backend.tests.test_audit_internal_module.TestAuditSessions" name="test_close_audit_session" time="0.556" /><testcase classname="backend.tests.test_audit_internal_module.TestAuditChecklist" name="test_get_checklist_ars1000_1" time="0.999" /><testcase classname="backend.tests.test_audit_internal_module.TestAuditChecklist" name="test_get_checklist_ars1000_2" time="0.279" /><testcase classname="backend.tests.test_audit_internal_module.TestAuditChecklist" name="test_checklist_filter_by_niveau" time="0.225" /><testcase classname="backend.tests.test_audit_internal_module.TestAuditChecklist" name="test_checklist_filter_by_conformite" time="0.786" /><testcase classname="backend.tests.test_audit_internal_module.TestAuditChecklist" name="test_update_checklist_item_conformite" time="0.506" /><testcase classname="backend.tests.test_audit_internal_module.TestAuditChecklist" name="test_update_checklist_item_preuves" time="0.495" /><testcase classname="backend.tests.test_audit_internal_module.TestAuditChecklist" name="test_update_checklist_item_history" time="1.381" /><testcase classname="backend.tests.test_audit_internal_module.TestNonConformites" name="test_create_non_conformite" time="0.988" /><testcase classname="backend.tests.test_audit_internal_module.TestNonConformites" name="test_list_non_conformites" time="0.413" /><testcase classname="backend.tests.test_audit_internal_module.TestNonConformites" name="test_filter_nc_by_statut" time="0.252" /><testcase classname="backend.tests.test_audit_internal_module.TestNonConformites" name="test_filter_nc_by_type" time="0.231" /><testcase classname="backend.tests.test_audit_internal_module.TestNonConformites" name="test_update_non_conformite_status" time="0.580" /><testcase classname="backend.tests.test_audit_internal_module.TestNonConformites" name="test_update_non_conformite_resolution" time="0.485" /><testcase classname="backend.tests.test_audit_internal_module.TestAuditDashboard" name="test_get_dashboard" time="1.176" /><testcase classname="backend.tests.test_audit_internal_module.TestAuditDashboard" name="test_dashboard_with_session_id" time="0.784" /><testcase classname="backend.tests.test_audit_internal_module.TestAuditResultats" name="test_get_resultats" time="1.344" /><testcase classname="backend.tests.test_audit_internal_module.TestRevueDirection" name="test_create_revue_direction" time="0.478"><error message="failed on setup with &quot;AssertionError: Login failed: {&quot;detail&quot;:&quot;Trop de tentatives (6/5). Bloque pour 5 minutes.&quot;,&quot;retry_after&quot;:300}&#10;assert 429 == 200&#10; +  where 429 = &lt;Response [429]&gt;.status_code&quot;">backend/tests/test_audit_internal_module.py:31: in auth_token
    assert response.status_code == 200, f"Login failed: {response.text}"
E   AssertionError: Login failed: {"detail":"Trop de tentatives (6/5). Bloque pour 5 minutes.","retry_after":300}
E   assert 429 == 200
E    +  where 429 = &lt;Response [429]&gt;.status_code</error></testcase><testcase classname="backend.tests.test_audit_internal_module.TestRevueDirection" name="test_list_revues_direction" time="0.000"><error message="failed on setup with &quot;AssertionError: Login failed: {&quot;detail&quot;:&quot;Trop de tentatives (6/5). Bloque pour 5 minutes.&quot;,&quot;retry_after&quot;:300}&#10;assert 429 == 200&#10; +  where 429 = &lt;Response [429]&gt;.status_code&quot;">backend/tests/test_audit_internal_module.py:31: in auth_token
    assert response.status_code == 200, f"Login failed: {response.text}"
E   AssertionError: Login failed: {"detail":"Trop de tentatives (6/5). Bloque pour 5 minutes.","retry_after":300}
E   assert 429 == 200
E    +  where 429 = &lt;Response [429]&gt;.status_code</error></testcase><testcase classname="backend.tests.test_audit_internal_module.TestAuditExports" name="test_export_pdf" time="0.139"><error message="failed on setup with &quot;AssertionError: Login failed: {&quot;detail&quot;:&quot;Trop de tentatives. Reessayez dans 299 secondes.&quot;,&quot;retry_after&quot;:299}&#10;assert 429 == 200&#10; +  where 429 = &lt;Response [429]&gt;.status_code&quot;">backend/tests/test_audit_internal_module.py:31: in auth_token
    assert response.status_code == 200, f"Login failed: {response.text}"
E   AssertionError: Login failed: {"detail":"Trop de tentatives. Reessayez dans 299 secondes.","retry_after":299}
E   assert 429 == 200
E    +  where 429 = &lt;Response [429]&gt;.status_code</error></testcase><testcase classname="backend.tests.test_audit_internal_module.TestAuditExports" name="test_export_excel" time="0.000"><error message="failed on setup with &quot;AssertionError: Login failed: {&quot;detail&quot;:&quot;Trop de tentatives. Reessayez dans 299 secondes.&quot;,&quot;retry_after&quot;:299}&#10;assert 429 == 200&#10; +  where 429 = &lt;Response [429]&gt;.status_code&quot;">backend/tests/test_audit_internal_module.py:31: in auth_token
    assert response.status_code == 200, f"Login failed: {response.text}"
E   AssertionError: Login failed: {"detail":"Trop de tentatives. Reessayez dans 299 secondes.","retry_after":299}
E   assert 429 == 200
E    +  where 429 = &lt;Response [429]&gt;.status_code</error></testcase><testcase classname="backend.tests.test_audit_internal_module.TestAuditIntegration" name="test_complete_audit_workflow" time="0.204"><error message="failed on setup with &quot;AssertionError: Login failed: {&quot;detail&quot;:&quot;Trop de tentatives. Reessayez dans 299 secondes.&quot;,&quot;retry_after&quot;:299}&#10;assert 429 == 200&#10; +  where 429 = &lt;Response [429]&gt;.status_code&quot;">backend/tests/test_audit_internal_module.py:31: in auth_token
    assert response.status_code == 200, f"Login failed: {response.text}"
E   AssertionError: Login failed: {"detail":"Trop de tentatives. Reessayez dans 299 secondes.","retry_after":299}
E   assert 429 == 200
E    +  where 429 = &lt;Response [429]&gt;.status_code</error></testcase></testsuite></testsuites>