<?xml version="1.0" encoding="utf-8"?><testsuites name="pytest tests"><testsuite name="pytest" errors="0" failures="1" skipped="0" tests="10" time="10.348" timestamp="2026-04-05T20:05:56.063619+00:00" hostname="agent-env-01b489f5-2574-4eee-a40a-dc8e4d6ceab6"><testcase classname="backend.tests.test_offline_sync_autosync_iteration104.TestAgentLogin" name="test_agent_login_success" time="0.858" /><testcase classname="backend.tests.test_offline_sync_autosync_iteration104.TestSyncUploadEndpoint" name="test_sync_upload_redd_visit" time="0.760" /><testcase classname="backend.tests.test_offline_sync_autosync_iteration104.TestSyncUploadEndpoint" name="test_sync_upload_duplicate_offline_id" time="1.086" /><testcase classname="backend.tests.test_offline_sync_autosync_iteration104.TestSyncUploadEndpoint" name="test_sync_upload_empty_offline_id_not_skipped" time="0.695" /><testcase classname="backend.tests.test_offline_sync_autosync_iteration104.TestSyncStatusEndpoint" name="test_sync_status_returns_data" time="0.670" /><testcase classname="backend.tests.test_offline_sync_autosync_iteration104.TestSyncDownloadEndpoint" name="test_sync_download_returns_zone_data" time="4.246" /><testcase classname="backend.tests.test_offline_sync_autosync_iteration104.TestREDDTrackingEndpoints" name="test_redd_tracking_visit_online" time="0.654" /><testcase classname="backend.tests.test_offline_sync_autosync_iteration104.TestREDDTrackingEndpoints" name="test_redd_tracking_visits_list" time="0.575" /><testcase classname="backend.tests.test_offline_sync_autosync_iteration104.TestREDDTrackingEndpoints" name="test_redd_tracking_stats" time="0.592"><failure message="AssertionError: REDD stats failed: Internal Server Error&#10;assert 500 == 200&#10; +  where 500 = &lt;Response [500]&gt;.status_code">backend/tests/test_offline_sync_autosync_iteration104.py:285: in test_redd_tracking_stats
    assert response.status_code == 200, f"REDD stats failed: {response.text}"
E   AssertionError: REDD stats failed: Internal Server Error
E   assert 500 == 200
E    +  where 500 = &lt;Response [500]&gt;.status_code</failure></testcase><testcase classname="backend.tests.test_offline_sync_autosync_iteration104.TestHealthEndpoint" name="test_health_endpoint" time="0.110" /></testsuite></testsuites>