<?xml version="1.0" encoding="utf-8"?><testsuites name="pytest tests"><testsuite name="pytest" errors="0" failures="0" skipped="0" tests="12" time="26.336" timestamp="2026-03-24T12:23:22.538385+00:00" hostname="agent-env-0cd91f1e-76cc-4bc6-b738-43f5dea1ca39"><testcase classname="backend.tests.test_iteration68_global_fixes.TestLoginFunctionality" name="test_login_bielaghana_cooperative" time="1.241" /><testcase classname="backend.tests.test_iteration68_global_fixes.TestLoginFunctionality" name="test_login_admin_klenakan" time="0.477" /><testcase classname="backend.tests.test_iteration68_global_fixes.TestLoginFunctionality" name="test_login_coop_test_greenlink" time="0.494" /><testcase classname="backend.tests.test_iteration68_global_fixes.TestCooperativeRegistration" name="test_register_cooperative_auto_generates_coop_code" time="0.658" /><testcase classname="backend.tests.test_iteration68_global_fixes.TestAcheteurRegistration" name="test_register_acheteur_phone_only" time="0.600" /><testcase classname="backend.tests.test_iteration68_global_fixes.TestAcheteurRegistration" name="test_register_acheteur_with_empty_email" time="0.609" /><testcase classname="backend.tests.test_iteration68_global_fixes.TestOnboardingAnalytics" name="test_onboarding_endpoint_returns_summary" time="6.964" /><testcase classname="backend.tests.test_iteration68_global_fixes.TestOnboardingAnalytics" name="test_onboarding_endpoint_returns_funnel" time="7.051" /><testcase classname="backend.tests.test_iteration68_global_fixes.TestOnboardingAnalytics" name="test_onboarding_endpoint_returns_cooperatives_array" time="6.993" /><testcase classname="backend.tests.test_iteration68_global_fixes.TestOnboardingAnalytics" name="test_onboarding_endpoint_requires_admin" time="0.836" /><testcase classname="backend.tests.test_iteration68_global_fixes.TestCooperativesPublicEndpoint" name="test_cooperatives_endpoint_returns_list" time="0.167" /><testcase classname="backend.tests.test_iteration68_global_fixes.TestCooperativesPublicEndpoint" name="test_cooperatives_endpoint_is_public" time="0.168" /></testsuite></testsuites>