<?xml version="1.0" encoding="utf-8"?><testsuites name="pytest tests"><testsuite name="pytest" errors="0" failures="0" skipped="0" tests="21" time="83.929" timestamp="2026-04-15T20:28:22.104582+00:00" hostname="agent-env-04fe1580-c704-4def-adda-b7a75e443d0d"><testcase classname="backend.tests.test_simulation_audit.TestSimulationAuditClauses" name="test_get_clauses_returns_17_clauses" time="54.249" /><testcase classname="backend.tests.test_simulation_audit.TestSimulationAuditClauses" name="test_clauses_have_required_fields" time="0.113" /><testcase classname="backend.tests.test_simulation_audit.TestSimulationAuditClauses" name="test_clauses_cover_all_sections" time="0.110" /><testcase classname="backend.tests.test_simulation_audit.TestSimulationAuditClauses" name="test_clauses_have_majeure_and_mineure_types" time="0.112" /><testcase classname="backend.tests.test_simulation_audit.TestSimulationAuditStart" name="test_start_simulation_creates_with_17_evaluations" time="0.224" /><testcase classname="backend.tests.test_simulation_audit.TestSimulationAuditStart" name="test_start_simulation_returns_simulation_id" time="0.210" /><testcase classname="backend.tests.test_simulation_audit.TestSimulationAuditList" name="test_list_simulations_returns_array" time="0.214" /><testcase classname="backend.tests.test_simulation_audit.TestSimulationAuditList" name="test_list_simulations_contains_created_simulation" time="0.494" /><testcase classname="backend.tests.test_simulation_audit.TestSimulationAuditDetail" name="test_get_simulation_detail" time="0.740" /><testcase classname="backend.tests.test_simulation_audit.TestSimulationAuditDetail" name="test_get_nonexistent_simulation_returns_404" time="0.240" /><testcase classname="backend.tests.test_simulation_audit.TestSimulationAuditEvaluate" name="test_evaluate_clause_conforme" time="0.451" /><testcase classname="backend.tests.test_simulation_audit.TestSimulationAuditEvaluate" name="test_evaluate_clause_non_conforme" time="0.488" /><testcase classname="backend.tests.test_simulation_audit.TestSimulationAuditEvaluate" name="test_evaluate_clause_na_excluded_from_score" time="0.740" /><testcase classname="backend.tests.test_simulation_audit.TestSimulationAuditEvaluate" name="test_evaluate_invalid_clause_returns_404" time="0.436" /><testcase classname="backend.tests.test_simulation_audit.TestSimulationAuditComplete" name="test_complete_simulation_favorable" time="4.778" /><testcase classname="backend.tests.test_simulation_audit.TestSimulationAuditComplete" name="test_complete_simulation_favorable_avec_reserves" time="4.752" /><testcase classname="backend.tests.test_simulation_audit.TestSimulationAuditComplete" name="test_complete_simulation_defavorable" time="4.761" /><testcase classname="backend.tests.test_simulation_audit.TestSimulationAuditComplete" name="test_complete_generates_recommandations" time="4.638" /><testcase classname="backend.tests.test_simulation_audit.TestSimulationAuditPDF" name="test_export_pdf_returns_pdf_content" time="4.926" /><testcase classname="backend.tests.test_simulation_audit.TestSimulationAuditPDF" name="test_export_pdf_nonexistent_simulation_returns_404" time="0.200" /><testcase classname="backend.tests.test_simulation_audit.TestSimulationAuditScoreCalculation" name="test_score_recalculated_on_each_evaluation" time="0.961" /></testsuite></testsuites>