<?xml version="1.0" encoding="utf-8"?><testsuites name="pytest tests"><testsuite name="pytest" errors="0" failures="0" skipped="0" tests="11" time="3.294" timestamp="2026-03-24T14:32:35.405965+00:00" hostname="agent-env-56581237-adbe-4414-81a7-96759de9946c"><testcase classname="backend.tests.test_export_navbar_iteration71.TestExportXLSX" name="test_export_xlsx_returns_valid_file" time="1.417" /><testcase classname="backend.tests.test_export_navbar_iteration71.TestExportXLSX" name="test_export_xlsx_with_status_filter" time="0.221" /><testcase classname="backend.tests.test_export_navbar_iteration71.TestExportXLSX" name="test_export_xlsx_with_search_filter" time="0.189" /><testcase classname="backend.tests.test_export_navbar_iteration71.TestExportPDF" name="test_export_pdf_returns_valid_file" time="0.182" /><testcase classname="backend.tests.test_export_navbar_iteration71.TestExportPDF" name="test_export_pdf_with_status_filter" time="0.178" /><testcase classname="backend.tests.test_export_navbar_iteration71.TestExportPDF" name="test_export_pdf_with_search_filter" time="0.177" /><testcase classname="backend.tests.test_export_navbar_iteration71.TestExportValidation" name="test_export_invalid_format_rejected" time="0.111" /><testcase classname="backend.tests.test_export_navbar_iteration71.TestExportValidation" name="test_export_requires_authentication" time="0.148" /><testcase classname="backend.tests.test_export_navbar_iteration71.TestNavbarCoopName" name="test_coop_user_has_coop_name" time="0.420" /><testcase classname="backend.tests.test_export_navbar_iteration71.TestNavbarCoopName" name="test_coop_user_type_is_cooperative" time="0.000" /><testcase classname="backend.tests.test_export_navbar_iteration71.TestExportRouteOrdering" name="test_export_route_not_shadowed" time="0.188" /></testsuite></testsuites>