<?xml version="1.0" encoding="utf-8"?><testsuites name="pytest tests"><testsuite name="pytest" errors="0" failures="0" skipped="1" tests="18" time="7.242" timestamp="2026-04-10T21:03:44.970509+00:00" hostname="agent-env-1a5965f8-f66d-4ef9-8b83-1c6f1551fff6"><testcase classname="tests.test_pdc_v2_module.TestPDCV2Authentication" name="test_cooperative_login" time="2.101" /><testcase classname="tests.test_pdc_v2_module.TestPDCV2Authentication" name="test_agent_login" time="0.000" /><testcase classname="tests.test_pdc_v2_module.TestPDCV2Authentication" name="test_planteur_login" time="0.000" /><testcase classname="tests.test_pdc_v2_module.TestPDCV2Stats" name="test_stats_overview_cooperative" time="0.371" /><testcase classname="tests.test_pdc_v2_module.TestPDCV2Stats" name="test_stats_overview_admin" time="0.389" /><testcase classname="tests.test_pdc_v2_module.TestPDCV2List" name="test_list_pdcs_cooperative" time="0.244" /><testcase classname="tests.test_pdc_v2_module.TestPDCV2List" name="test_list_pdcs_with_search" time="0.252" /><testcase classname="tests.test_pdc_v2_module.TestPDCV2List" name="test_list_pdcs_planteur" time="0.244" /><testcase classname="tests.test_pdc_v2_module.TestPDCV2AvailableMembers" name="test_available_members_cooperative" time="0.226" /><testcase classname="tests.test_pdc_v2_module.TestPDCV2GetExisting" name="test_get_existing_pdc_cooperative" time="0.465" /><testcase classname="tests.test_pdc_v2_module.TestPDCV2RBAC" name="test_planteur_cannot_see_non_validated_pdc" time="0.468" /><testcase classname="tests.test_pdc_v2_module.TestPDCV2StepOperations" name="test_save_step1_cooperative" time="0.516" /><testcase classname="tests.test_pdc_v2_module.TestPDCV2StepOperations" name="test_save_step2_cooperative" time="0.531" /><testcase classname="tests.test_pdc_v2_module.TestPDCV2StepOperations" name="test_agent_cannot_save_step2" time="0.439" /><testcase classname="tests.test_pdc_v2_module.TestPDCV2Delete" name="test_cannot_delete_validated_pdc" time="0.251"><skipped type="pytest.skip" message="No validated PDC to test delete restriction">/app/backend/tests/test_pdc_v2_module.py:416: No validated PDC to test delete restriction</skipped></testcase><testcase classname="tests.test_pdc_v2_module.TestPDCV2InvalidRequests" name="test_create_pdc_without_farmer_id" time="0.210" /><testcase classname="tests.test_pdc_v2_module.TestPDCV2InvalidRequests" name="test_get_invalid_pdc_id" time="0.183" /><testcase classname="tests.test_pdc_v2_module.TestPDCV2InvalidRequests" name="test_get_nonexistent_pdc" time="0.264" /></testsuite></testsuites>