<?xml version="1.0" encoding="utf-8"?><testsuites name="pytest tests"><testsuite name="pytest" errors="0" failures="0" skipped="0" tests="9" time="2.931" timestamp="2026-03-25T15:46:14.237512+00:00" hostname="agent-env-08cf0e0c-dcc5-46de-b282-95f922e92b3c"><testcase classname="backend.tests.test_homepage_ars1000_iteration74.TestUSSDCalculatePremiumAPI" name="test_calculate_premium_basic" time="0.957" /><testcase classname="backend.tests.test_homepage_ars1000_iteration74.TestUSSDCalculatePremiumAPI" name="test_calculate_premium_high_score" time="0.234" /><testcase classname="backend.tests.test_homepage_ars1000_iteration74.TestUSSDCalculatePremiumAPI" name="test_calculate_premium_low_score" time="0.194" /><testcase classname="backend.tests.test_homepage_ars1000_iteration74.TestUSSDCalculatePremiumAPI" name="test_calculate_premium_different_cultures" time="0.591" /><testcase classname="backend.tests.test_homepage_ars1000_iteration74.TestUSSDCarbonCalculatorAPI" name="test_carbon_calculator_start_session" time="0.125" /><testcase classname="backend.tests.test_homepage_ars1000_iteration74.TestUSSDCarbonCalculatorAPI" name="test_carbon_calculator_answer_question" time="0.262" /><testcase classname="backend.tests.test_homepage_ars1000_iteration74.TestHealthEndpoint" name="test_health_check" time="0.135" /><testcase classname="backend.tests.test_homepage_ars1000_iteration74.TestFeaturesAPI" name="test_get_features" time="0.178" /><testcase classname="backend.tests.test_homepage_ars1000_iteration74.TestStepsAPI" name="test_get_steps" time="0.190" /></testsuite></testsuites>