<?xml version="1.0" encoding="utf-8"?><testsuites name="pytest tests"><testsuite name="pytest" errors="0" failures="2" skipped="0" tests="24" time="10.533" timestamp="2026-02-27T02:44:44.503934+00:00" hostname="agent-env-5c2c27d7-3d1a-4b36-93fd-9edbce9d8702"><testcase classname="tests.test_greenlink_api.TestAuthEndpoints" name="test_login_farmer_email" time="1.456" /><testcase classname="tests.test_greenlink_api.TestAuthEndpoints" name="test_login_buyer_email" time="0.333" /><testcase classname="tests.test_greenlink_api.TestAuthEndpoints" name="test_login_rse_email" time="0.349" /><testcase classname="tests.test_greenlink_api.TestAuthEndpoints" name="test_login_supplier_email" time="0.342" /><testcase classname="tests.test_greenlink_api.TestAuthEndpoints" name="test_login_invalid_credentials" time="0.118" /><testcase classname="tests.test_greenlink_api.TestAuthEndpoints" name="test_register_new_user_producteur" time="0.345" /><testcase classname="tests.test_greenlink_api.TestAuthEndpoints" name="test_register_new_user_acheteur" time="0.338" /><testcase classname="tests.test_greenlink_api.TestAuthEndpoints" name="test_register_with_phone" time="0.338" /><testcase classname="tests.test_greenlink_api.TestFarmerDashboardAPI" name="test_get_farmer_dashboard" time="0.406" /><testcase classname="tests.test_greenlink_api.TestFarmerDashboardAPI" name="test_get_my_parcels" time="0.379" /><testcase classname="tests.test_greenlink_api.TestFarmerDashboardAPI" name="test_declare_parcel" time="0.395"><failure message="AssertionError: Parcel declaration failed: {&quot;detail&quot;:[{&quot;type&quot;:&quot;missing&quot;,&quot;loc&quot;:[&quot;body&quot;,&quot;farmer_name&quot;],&quot;msg&quot;:&quot;Field required&quot;,&quot;input&quot;:{&quot;location&quot;:&quot;Bouaflé Test&quot;,&quot;region&quot;:&quot;Marahoué&quot;,&quot;area_hectares&quot;:2.5,&quot;trees_count&quot;:350,&quot;crop_type&quot;:&quot;cacao&quot;,&quot;farming_practices&quot;:[&quot;agroforesterie&quot;,&quot;compost&quot;]},&quot;url&quot;:&quot;https://errors.pydantic.dev/2.12/v/missing&quot;},{&quot;type&quot;:&quot;missing&quot;,&quot;loc&quot;:[&quot;body&quot;,&quot;phone_number&quot;],&quot;msg&quot;:&quot;Field required&quot;,&quot;input&quot;:{&quot;location&quot;:&quot;Bouaflé Test&quot;,&quot;region&quot;:&quot;Marahoué&quot;,&quot;area_hectares&quot;:2.5,&quot;trees_count&quot;:350,&quot;crop_type&quot;:&quot;cacao&quot;,&quot;farming_practices&quot;:[&quot;agroforesterie&quot;,&quot;compost&quot;]},&quot;url&quot;:&quot;https://errors.pydantic.dev/2.12/v/missing&quot;}]}&#10;assert 422 == 200&#10; +  where 422 = &lt;Response [422]&gt;.status_code">tests/test_greenlink_api.py:187: in test_declare_parcel
    assert response.status_code == 200, f"Parcel declaration failed: {response.text}"
E   AssertionError: Parcel declaration failed: {"detail":[{"type":"missing","loc":["body","farmer_name"],"msg":"Field required","input":{"location":"Bouaflé Test","region":"Marahoué","area_hectares":2.5,"trees_count":350,"crop_type":"cacao","farming_practices":["agroforesterie","compost"]},"url":"https://errors.pydantic.dev/2.12/v/missing"},{"type":"missing","loc":["body","phone_number"],"msg":"Field required","input":{"location":"Bouaflé Test","region":"Marahoué","area_hectares":2.5,"trees_count":350,"crop_type":"cacao","farming_practices":["agroforesterie","compost"]},"url":"https://errors.pydantic.dev/2.12/v/missing"}]}
E   assert 422 == 200
E    +  where 422 = &lt;Response [422]&gt;.status_code</failure></testcase><testcase classname="tests.test_greenlink_api.TestBuyerDashboardAPI" name="test_get_buyer_dashboard" time="0.410" /><testcase classname="tests.test_greenlink_api.TestBuyerDashboardAPI" name="test_get_buyer_orders" time="0.415" /><testcase classname="tests.test_greenlink_api.TestBuyerDashboardAPI" name="test_create_buyer_order" time="0.398"><failure message="AssertionError: Order creation failed: {&quot;detail&quot;:[{&quot;type&quot;:&quot;missing&quot;,&quot;loc&quot;:[&quot;body&quot;,&quot;delivery_date&quot;],&quot;msg&quot;:&quot;Field required&quot;,&quot;input&quot;:{&quot;crop_type&quot;:&quot;cacao&quot;,&quot;quantity_needed_kg&quot;:5000,&quot;delivery_location&quot;:&quot;Abidjan Port&quot;,&quot;max_price_per_kg&quot;:1500,&quot;carbon_requirement&quot;:true,&quot;min_carbon_score&quot;:7.0,&quot;delivery_deadline&quot;:&quot;2026-03-15&quot;},&quot;url&quot;:&quot;https://errors.pydantic.dev/2.12/v/missing&quot;}]}&#10;assert 422 == 200&#10; +  where 422 = &lt;Response [422]&gt;.status_code">tests/test_greenlink_api.py:243: in test_create_buyer_order
    assert response.status_code == 200, f"Order creation failed: {response.text}"
E   AssertionError: Order creation failed: {"detail":[{"type":"missing","loc":["body","delivery_date"],"msg":"Field required","input":{"crop_type":"cacao","quantity_needed_kg":5000,"delivery_location":"Abidjan Port","max_price_per_kg":1500,"carbon_requirement":true,"min_carbon_score":7.0,"delivery_deadline":"2026-03-15"},"url":"https://errors.pydantic.dev/2.12/v/missing"}]}
E   assert 422 == 200
E    +  where 422 = &lt;Response [422]&gt;.status_code</failure></testcase><testcase classname="tests.test_greenlink_api.TestRSEDashboardAPI" name="test_get_rse_impact_dashboard" time="0.451" /><testcase classname="tests.test_greenlink_api.TestRSEDashboardAPI" name="test_get_carbon_credits_marketplace" time="0.452" /><testcase classname="tests.test_greenlink_api.TestSupplierMarketplaceAPI" name="test_get_supplier_dashboard_stats" time="0.417" /><testcase classname="tests.test_greenlink_api.TestSupplierMarketplaceAPI" name="test_get_my_products" time="0.395" /><testcase classname="tests.test_greenlink_api.TestSupplierMarketplaceAPI" name="test_create_product" time="0.395" /><testcase classname="tests.test_greenlink_api.TestSupplierMarketplaceAPI" name="test_get_public_products" time="0.443" /><testcase classname="tests.test_greenlink_api.TestSupplierMarketplaceAPI" name="test_get_my_orders" time="0.445" /><testcase classname="tests.test_greenlink_api.TestSupplierMarketplaceAPI" name="test_get_notifications" time="0.421" /><testcase classname="tests.test_greenlink_api.TestCrossProfileAPIs" name="test_farmer_cannot_access_supplier_dashboard" time="0.430" /><testcase classname="tests.test_greenlink_api.TestCrossProfileAPIs" name="test_buyer_cannot_create_product" time="0.501" /></testsuite></testsuites>