<?xml version="1.0" encoding="utf-8"?><testsuites name="pytest tests"><testsuite name="pytest" errors="0" failures="0" skipped="0" tests="11" time="2.588" timestamp="2026-04-12T15:20:48.237395+00:00" hostname="agent-env-d0ac6cac-d43a-444e-86c5-5724eaeb78fc"><testcase classname="backend.tests.test_pdc_v2_fiches_harmonisation.TestPDCv2FichesHarmonisation" name="test_get_pdc_bamba_ibrahim" time="1.049" /><testcase classname="backend.tests.test_pdc_v2_fiches_harmonisation.TestPDCv2FichesHarmonisation" name="test_pdc_step1_has_required_data" time="0.147" /><testcase classname="backend.tests.test_pdc_v2_fiches_harmonisation.TestPDCv2FichesHarmonisation" name="test_pdc_step3_fiche6_structure" time="0.150" /><testcase classname="backend.tests.test_pdc_v2_fiches_harmonisation.TestPDCv2FichesHarmonisation" name="test_pdc_step3_fiche7_structure" time="0.147" /><testcase classname="backend.tests.test_pdc_v2_fiches_harmonisation.TestPDCv2FichesHarmonisation" name="test_pdc_step3_fiche8_structure" time="0.147" /><testcase classname="backend.tests.test_pdc_v2_fiches_harmonisation.TestPDCv2FichesHarmonisation" name="test_save_step3_with_fiche7_new_fields" time="0.514" /><testcase classname="backend.tests.test_pdc_v2_fiches_harmonisation.TestPDCv2FichesHarmonisation" name="test_pdf_generation_includes_fiche7_columns" time="0.223" /><testcase classname="backend.tests.test_pdc_v2_fiches_harmonisation.TestPDCv2FichesHarmonisation" name="test_step1_data_for_step3_autofill" time="0.145" /><testcase classname="backend.tests.test_pdc_v2_fiches_harmonisation.TestPDCv2FichesDefaults" name="test_fiche6_default_axes_count" time="0.000" /><testcase classname="backend.tests.test_pdc_v2_fiches_harmonisation.TestPDCv2FichesDefaults" name="test_fiche7_columns_include_new_fields" time="0.000" /><testcase classname="backend.tests.test_pdc_v2_fiches_harmonisation.TestPDCv2FichesDefaults" name="test_fiche8_default_categories" time="0.000" /></testsuite></testsuites>