<?xml version="1.0" encoding="utf-8"?><testsuites name="pytest tests"><testsuite name="pytest" errors="0" failures="0" skipped="0" tests="13" time="10.607" timestamp="2026-03-24T02:18:32.733669+00:00" hostname="agent-env-38cdf65b-6bdd-4d7e-8970-617763dc37f0"><testcase classname="backend.tests.test_rse_formula_iteration63.TestRSEFormulaConfig" name="test_config_returns_repartition_structure" time="1.535" /><testcase classname="backend.tests.test_rse_formula_iteration63.TestRSEFormulaConfig" name="test_config_returns_taux_par_hectare" time="0.226" /><testcase classname="backend.tests.test_rse_formula_iteration63.TestRSEFormulaConfig" name="test_config_returns_formula_string" time="0.226" /><testcase classname="backend.tests.test_rse_formula_iteration63.TestRSERateChange" name="test_update_rate_success" time="1.492" /><testcase classname="backend.tests.test_rse_formula_iteration63.TestRSERateChange" name="test_update_rate_invalid_value" time="0.369" /><testcase classname="backend.tests.test_rse_formula_iteration63.TestRSEStatsBreakdown" name="test_stats_returns_full_rse_breakdown" time="1.042" /><testcase classname="backend.tests.test_rse_formula_iteration63.TestRSEStatsBreakdown" name="test_stats_taux_actuel_matches_config" time="0.823" /><testcase classname="backend.tests.test_rse_formula_iteration63.TestAdminRequestsRSEVisibility" name="test_admin_requests_show_rse_fields" time="0.768" /><testcase classname="backend.tests.test_rse_formula_iteration63.TestFarmerRequestsConfidentiality" name="test_farmer_requests_hide_rse_details" time="0.810" /><testcase classname="backend.tests.test_rse_formula_iteration63.TestCooperativeRequestsConfidentiality" name="test_coop_admin_requests_hide_rse_details" time="0.802" /><testcase classname="backend.tests.test_rse_formula_iteration63.TestCooperativeRequestsConfidentiality" name="test_coop_members_hide_rate_per_hectare" time="1.105" /><testcase classname="backend.tests.test_rse_formula_iteration63.TestUSSDPaymentRequestRSE" name="test_ussd_payment_request_stores_rse_fields" time="0.580" /><testcase classname="backend.tests.test_rse_formula_iteration63.TestRSEMathVerification" name="test_rse_formula_math" time="0.747" /></testsuite></testsuites>