<?xml version="1.0" encoding="utf-8"?><testsuites name="pytest tests"><testsuite name="pytest" errors="0" failures="0" skipped="0" tests="13" time="16.085" timestamp="2026-03-19T19:43:12.784555+00:00" hostname="agent-env-edf3e8a7-90c7-4f2c-b074-e44cee6ec837"><testcase classname="backend.tests.test_ssrte_enriched_form_iteration46.TestSSRTEEnrichedFormBackend" name="test_login_cooperative" time="1.691" /><testcase classname="backend.tests.test_ssrte_enriched_form_iteration46.TestSSRTEEnrichedFormBackend" name="test_login_admin" time="0.477" /><testcase classname="backend.tests.test_ssrte_enriched_form_iteration46.TestSSRTEEnrichedFormBackend" name="test_ssrte_visit_endpoint_exists" time="1.163" /><testcase classname="backend.tests.test_ssrte_enriched_form_iteration46.TestSSRTEEnrichedFormBackend" name="test_ssrte_visit_with_minimal_enriched_fields" time="0.812" /><testcase classname="backend.tests.test_ssrte_enriched_form_iteration46.TestSSRTEEnrichedFormBackend" name="test_ssrte_visit_all_conditions_vie_values" time="2.191" /><testcase classname="backend.tests.test_ssrte_enriched_form_iteration46.TestSSRTEEnrichedFormBackend" name="test_ssrte_visit_child_detail_fields" time="1.132" /><testcase classname="backend.tests.test_ssrte_enriched_form_iteration46.TestSSRTEEnrichedFormBackend" name="test_ssrte_visit_distance_ecole_field" time="2.563" /><testcase classname="backend.tests.test_ssrte_enriched_form_iteration46.TestSSRTEEnrichedFormBackend" name="test_ssrte_visit_observations_field" time="0.846" /><testcase classname="backend.tests.test_ssrte_enriched_form_iteration46.TestSSRTEEnrichedFormBackend" name="test_ssrte_visit_eau_electricite_booleans" time="1.853" /><testcase classname="backend.tests.test_ssrte_enriched_form_iteration46.TestSSRTEEnrichedFormBackend" name="test_ssrte_visits_list_endpoint" time="0.723" /><testcase classname="backend.tests.test_ssrte_enriched_form_iteration46.TestSSRTEEnrichedFormBackend" name="test_taille_menage_required_validation" time="0.804" /><testcase classname="backend.tests.test_ssrte_enriched_form_iteration46.TestSSRTEWithRealFarmer" name="test_get_cooperative_members" time="0.688" /><testcase classname="backend.tests.test_ssrte_enriched_form_iteration46.TestSSRTEWithRealFarmer" name="test_create_ssrte_visit_with_real_farmer_if_available" time="1.073" /></testsuite></testsuites>