<?xml version="1.0" encoding="utf-8"?><testsuites name="pytest tests"><testsuite name="pytest" errors="0" failures="0" skipped="0" tests="9" time="4.787" timestamp="2026-04-05T18:34:37.697589+00:00" hostname="agent-env-d26bd957-7f51-478d-9cf1-8f2bfb38fa35"><testcase classname="backend.tests.test_offline_sync_fixes_iteration103.TestSSRTESyncStoresAllFields" name="test_ssrte_sync_stores_complete_data" time="1.323" /><testcase classname="backend.tests.test_offline_sync_fixes_iteration103.TestREDDSyncCorrectCollection" name="test_redd_sync_stores_in_correct_collection" time="0.990" /><testcase classname="backend.tests.test_offline_sync_fixes_iteration103.TestEmptyOfflineIdDedup" name="test_empty_offline_id_does_not_skip" time="0.536" /><testcase classname="backend.tests.test_offline_sync_fixes_iteration103.TestMyFarmersREDDCompletion" name="test_my_farmers_redd_status_from_correct_collection" time="0.681" /><testcase classname="backend.tests.test_offline_sync_fixes_iteration103.TestFamilyDataFromSyncedSSRTE" name="test_family_data_includes_synced_ssrte_fields" time="0.184" /><testcase classname="backend.tests.test_offline_sync_fixes_iteration103.TestAgentTabsStillWork" name="test_agent_dashboard_endpoint" time="0.258" /><testcase classname="backend.tests.test_offline_sync_fixes_iteration103.TestAgentTabsStillWork" name="test_my_visits_endpoint" time="0.205" /><testcase classname="backend.tests.test_offline_sync_fixes_iteration103.TestAgentTabsStillWork" name="test_parcels_to_verify_endpoint" time="0.305" /><testcase classname="backend.tests.test_offline_sync_fixes_iteration103.TestAgentTabsStillWork" name="test_sync_status_endpoint" time="0.233" /></testsuite></testsuites>