<?xml version="1.0" encoding="utf-8"?><testsuites name="pytest tests"><testsuite name="pytest" errors="0" failures="0" skipped="0" tests="20" time="9.447" timestamp="2026-03-22T16:27:56.338530+00:00" hostname="agent-env-e58c04ac-04da-4b12-976d-54e0ff71c022"><testcase classname="backend.tests.test_carbon_my_score_iteration58.TestCarbonMyScoreAuthentication" name="test_my_score_requires_authentication" time="0.238" /><testcase classname="backend.tests.test_carbon_my_score_iteration58.TestCarbonMyScoreAuthentication" name="test_my_score_with_invalid_token" time="0.112" /><testcase classname="backend.tests.test_carbon_my_score_iteration58.TestCarbonMyScoreFarmerWithParcels" name="test_my_score_returns_200" time="1.506" /><testcase classname="backend.tests.test_carbon_my_score_iteration58.TestCarbonMyScoreFarmerWithParcels" name="test_my_score_returns_breakdown_object" time="0.343" /><testcase classname="backend.tests.test_carbon_my_score_iteration58.TestCarbonMyScoreFarmerWithParcels" name="test_my_score_returns_recommendations_array" time="0.357" /><testcase classname="backend.tests.test_carbon_my_score_iteration58.TestCarbonMyScoreFarmerWithParcels" name="test_my_score_returns_parcels_with_carbon_fields" time="0.382" /><testcase classname="backend.tests.test_carbon_my_score_iteration58.TestCarbonMyScoreFarmerWithParcels" name="test_my_score_returns_aggregated_stats" time="0.364" /><testcase classname="backend.tests.test_carbon_my_score_iteration58.TestCarbonMyScoreFarmerWithParcels" name="test_my_score_returns_core_fields" time="0.352" /><testcase classname="backend.tests.test_carbon_my_score_iteration58.TestCarbonMyScoreFarmerWithParcels" name="test_my_score_recommendations_sorted_by_potential_gain" time="0.349" /><testcase classname="backend.tests.test_carbon_my_score_iteration58.TestCarbonMyScoreFarmerWithParcels" name="test_my_score_breakdown_components_within_range" time="0.350" /><testcase classname="backend.tests.test_carbon_my_score_iteration58.TestCarbonMyScoreEmptyState" name="test_my_score_empty_state_returns_200" time="0.796" /><testcase classname="backend.tests.test_carbon_my_score_iteration58.TestCarbonMyScoreEmptyState" name="test_my_score_empty_state_breakdown" time="0.304" /><testcase classname="backend.tests.test_carbon_my_score_iteration58.TestCarbonMyScoreEmptyState" name="test_my_score_empty_state_recommendations" time="0.287" /><testcase classname="backend.tests.test_carbon_my_score_iteration58.TestCarbonMyScoreEmptyState" name="test_my_score_empty_state_parcels" time="0.636" /><testcase classname="backend.tests.test_carbon_my_score_iteration58.TestCarbonMyScoreEmptyState" name="test_my_score_empty_state_stats" time="0.278" /><testcase classname="backend.tests.test_carbon_my_score_iteration58.TestCarbonMyScorePhoneNormalization" name="test_my_score_resolves_parcels_via_phone_link" time="0.811" /><testcase classname="backend.tests.test_carbon_my_score_iteration58.TestCarbonMyScorePhoneNormalization" name="test_my_score_parcels_have_valid_ids" time="0.341" /><testcase classname="backend.tests.test_carbon_my_score_iteration58.TestCarbonMyScoreDataIntegrity" name="test_my_score_total_trees_matches_parcels_sum" time="0.849" /><testcase classname="backend.tests.test_carbon_my_score_iteration58.TestCarbonMyScoreDataIntegrity" name="test_my_score_parcels_count_matches_array_length" time="0.338" /><testcase classname="backend.tests.test_carbon_my_score_iteration58.TestCarbonMyScoreDataIntegrity" name="test_my_score_practices_count_matches_list_length" time="0.361" /></testsuite></testsuites>