<?xml version="1.0" encoding="utf-8"?><testsuites name="pytest tests"><testsuite name="pytest" errors="0" failures="0" skipped="0" tests="27" time="17.983" timestamp="2026-03-21T04:16:33.481474+00:00" hostname="agent-env-ff7c9f37-8394-462f-98a8-4ea619d5317c"><testcase classname="backend.tests.test_dashboard_stats_iteration50.TestAuthentication" name="test_admin_login" time="1.121" /><testcase classname="backend.tests.test_dashboard_stats_iteration50.TestAuthentication" name="test_cooperative_login" time="0.460" /><testcase classname="backend.tests.test_dashboard_stats_iteration50.TestAuthentication" name="test_agent_login" time="0.492" /><testcase classname="backend.tests.test_dashboard_stats_iteration50.TestAuthentication" name="test_farmer_login" time="0.483" /><testcase classname="backend.tests.test_dashboard_stats_iteration50.TestCooperativeDashboard" name="test_coop_dashboard" time="1.368" /><testcase classname="backend.tests.test_dashboard_stats_iteration50.TestCooperativeDashboard" name="test_coop_members" time="0.468" /><testcase classname="backend.tests.test_dashboard_stats_iteration50.TestCooperativeDashboard" name="test_coop_parcels_all" time="0.540" /><testcase classname="backend.tests.test_dashboard_stats_iteration50.TestCooperativeDashboard" name="test_coop_parcels_pending" time="0.483" /><testcase classname="backend.tests.test_dashboard_stats_iteration50.TestCooperativeDashboard" name="test_coop_agents_progress" time="0.683" /><testcase classname="backend.tests.test_dashboard_stats_iteration50.TestCooperativeDashboard" name="test_coop_stats_villages" time="0.235" /><testcase classname="backend.tests.test_dashboard_stats_iteration50.TestCooperativeDashboard" name="test_coop_reports_eudr" time="0.482" /><testcase classname="backend.tests.test_dashboard_stats_iteration50.TestCooperativeDashboard" name="test_coop_carbon_premiums_members" time="0.614" /><testcase classname="backend.tests.test_dashboard_stats_iteration50.TestCooperativeDashboard" name="test_coop_carbon_premiums_summary" time="0.484" /><testcase classname="backend.tests.test_dashboard_stats_iteration50.TestAdminDashboard" name="test_admin_stats" time="0.933" /><testcase classname="backend.tests.test_dashboard_stats_iteration50.TestAdminDashboard" name="test_admin_realtime_dashboard" time="1.510" /><testcase classname="backend.tests.test_dashboard_stats_iteration50.TestAdminDashboard" name="test_admin_analytics_dashboard" time="1.021" /><testcase classname="backend.tests.test_dashboard_stats_iteration50.TestAdminDashboard" name="test_admin_analytics_production" time="0.306" /><testcase classname="backend.tests.test_dashboard_stats_iteration50.TestAdminDashboard" name="test_admin_analytics_social_impact" time="0.347" /><testcase classname="backend.tests.test_dashboard_stats_iteration50.TestAdminDashboard" name="test_admin_analytics_carbon" time="0.353" /><testcase classname="backend.tests.test_dashboard_stats_iteration50.TestAdminDashboard" name="test_admin_analytics_trade" time="0.302" /><testcase classname="backend.tests.test_dashboard_stats_iteration50.TestAdminDashboard" name="test_admin_analytics_eudr" time="0.290" /><testcase classname="backend.tests.test_dashboard_stats_iteration50.TestFarmerDashboard" name="test_farmer_dashboard" time="0.833" /><testcase classname="backend.tests.test_dashboard_stats_iteration50.TestFieldAgentDashboard" name="test_agent_dashboard" time="0.869" /><testcase classname="backend.tests.test_dashboard_stats_iteration50.TestSSRTEDashboard" name="test_ssrte_stats_overview_agent" time="0.980" /><testcase classname="backend.tests.test_dashboard_stats_iteration50.TestSSRTEDashboard" name="test_ssrte_dashboard_coop" time="0.846" /><testcase classname="backend.tests.test_dashboard_stats_iteration50.TestICIData" name="test_ici_metrics_calculate" time="0.916" /><testcase classname="backend.tests.test_dashboard_stats_iteration50.TestICIData" name="test_ici_alerts" time="0.472" /></testsuite></testsuites>