<?xml version="1.0" encoding="utf-8"?><testsuites name="pytest tests"><testsuite name="pytest" errors="0" failures="0" skipped="0" tests="27" time="4.886" timestamp="2026-02-27T23:42:46.552686+00:00" hostname="agent-env-ddf71831-f4ad-44da-977b-bc6db867ce98"><testcase classname="backend.tests.test_admin_analytics.TestAdminAuthValidation" name="test_dashboard_requires_auth" time="0.137" /><testcase classname="backend.tests.test_admin_analytics.TestAdminAuthValidation" name="test_dashboard_requires_admin_role" time="0.508" /><testcase classname="backend.tests.test_admin_analytics.TestStrategicDashboard" name="test_dashboard_success" time="0.146" /><testcase classname="backend.tests.test_admin_analytics.TestStrategicDashboard" name="test_dashboard_production_section" time="0.112" /><testcase classname="backend.tests.test_admin_analytics.TestStrategicDashboard" name="test_dashboard_sustainability_section" time="0.129" /><testcase classname="backend.tests.test_admin_analytics.TestStrategicDashboard" name="test_dashboard_eudr_compliance_section" time="0.143" /><testcase classname="backend.tests.test_admin_analytics.TestStrategicDashboard" name="test_dashboard_social_impact_section" time="0.118" /><testcase classname="backend.tests.test_admin_analytics.TestStrategicDashboard" name="test_dashboard_market_section" time="0.113" /><testcase classname="backend.tests.test_admin_analytics.TestStrategicDashboard" name="test_dashboard_macroeconomic_section" time="0.145" /><testcase classname="backend.tests.test_admin_analytics.TestStrategicDashboard" name="test_dashboard_cooperatives_section" time="0.246" /><testcase classname="backend.tests.test_admin_analytics.TestStrategicDashboard" name="test_dashboard_period_filter" time="0.519" /><testcase classname="backend.tests.test_admin_analytics.TestProductionReport" name="test_production_report_success" time="0.114" /><testcase classname="backend.tests.test_admin_analytics.TestProductionReport" name="test_production_report_requires_auth" time="0.120" /><testcase classname="backend.tests.test_admin_analytics.TestCarbonReport" name="test_carbon_report_success" time="0.166" /><testcase classname="backend.tests.test_admin_analytics.TestCarbonReport" name="test_carbon_report_requires_auth" time="0.109" /><testcase classname="backend.tests.test_admin_analytics.TestSocialImpactReport" name="test_social_impact_report_success" time="0.124" /><testcase classname="backend.tests.test_admin_analytics.TestSocialImpactReport" name="test_social_impact_report_requires_auth" time="0.100" /><testcase classname="backend.tests.test_admin_analytics.TestTradeReport" name="test_trade_report_success" time="0.193" /><testcase classname="backend.tests.test_admin_analytics.TestTradeReport" name="test_trade_report_requires_auth" time="0.100" /><testcase classname="backend.tests.test_admin_analytics.TestEUDRComplianceReport" name="test_eudr_report_success" time="0.117" /><testcase classname="backend.tests.test_admin_analytics.TestEUDRComplianceReport" name="test_eudr_report_requires_auth" time="0.115" /><testcase classname="backend.tests.test_admin_analytics.TestRegionalAnalytics" name="test_regions_analytics_success" time="0.124" /><testcase classname="backend.tests.test_admin_analytics.TestRegionalAnalytics" name="test_regions_analytics_requires_auth" time="0.131" /><testcase classname="backend.tests.test_admin_analytics.TestCSVExport" name="test_csv_export_success" time="0.548" /><testcase classname="backend.tests.test_admin_analytics.TestCSVExport" name="test_csv_export_requires_auth" time="0.152" /><testcase classname="backend.tests.test_admin_analytics.TestDataIntegrity" name="test_dashboard_data_consistency" time="0.133" /><testcase classname="backend.tests.test_admin_analytics.TestDataIntegrity" name="test_seeded_data_present" time="0.124" /></testsuite></testsuites>