<?xml version="1.0" encoding="utf-8"?><testsuites name="pytest tests"><testsuite name="pytest" errors="0" failures="0" skipped="0" tests="13" time="9.587" timestamp="2026-03-24T12:04:09.712172+00:00" hostname="agent-env-0cd91f1e-76cc-4bc6-b738-43f5dea1ca39"><testcase classname="backend.tests.test_coop_code_autogen_iteration67.TestCooperativeCodeAutoGeneration" name="test_register_cooperative_autogenerates_coop_code" time="1.572" /><testcase classname="backend.tests.test_coop_code_autogen_iteration67.TestCooperativeCodeAutoGeneration" name="test_register_cooperative_response_includes_coop_name" time="0.697" /><testcase classname="backend.tests.test_coop_code_autogen_iteration67.TestCooperativeCodeAutoGeneration" name="test_register_cooperative_with_department_dalo_generates_dal_prefix" time="0.678" /><testcase classname="backend.tests.test_coop_code_autogen_iteration67.TestCooperativeCodeAutoGeneration" name="test_register_cooperative_without_department_uses_coop_name_prefix" time="0.721" /><testcase classname="backend.tests.test_coop_code_autogen_iteration67.TestCooperativeCodeAutoGeneration" name="test_register_cooperative_with_headquarters_region_as_fallback" time="0.719" /><testcase classname="backend.tests.test_coop_code_autogen_iteration67.TestNonCooperativeRegistration" name="test_register_acheteur_still_works" time="0.600" /><testcase classname="backend.tests.test_coop_code_autogen_iteration67.TestNonCooperativeRegistration" name="test_register_producteur_still_works" time="0.603" /><testcase classname="backend.tests.test_coop_code_autogen_iteration67.TestNonCooperativeRegistration" name="test_register_fournisseur_still_works" time="0.666" /><testcase classname="backend.tests.test_coop_code_autogen_iteration67.TestNonCooperativeRegistration" name="test_register_entreprise_rse_still_works" time="0.601" /><testcase classname="backend.tests.test_coop_code_autogen_iteration67.TestCooperativesListEndpoint" name="test_get_cooperatives_returns_list" time="0.260" /><testcase classname="backend.tests.test_coop_code_autogen_iteration67.TestCooperativesListEndpoint" name="test_get_cooperatives_returns_code_name_region" time="0.856" /><testcase classname="backend.tests.test_coop_code_autogen_iteration67.TestCooperativesListEndpoint" name="test_get_cooperatives_is_public_no_auth_required" time="0.170" /><testcase classname="backend.tests.test_coop_code_autogen_iteration67.TestCoopCodeSequencing" name="test_coop_code_sequence_increments" time="1.372" /></testsuite></testsuites>