<?xml version="1.0" encoding="utf-8"?><testsuites name="pytest tests"><testsuite name="pytest" errors="0" failures="0" skipped="0" tests="7" time="4.780" timestamp="2026-04-10T23:02:11.412735+00:00" hostname="agent-env-2252290b-1230-4dad-8424-bb85f45cb35f"><testcase classname="backend.tests.test_pdc_v2_workflow.TestPDCv2WorkflowPermissions" name="test_cooperative_cannot_modify_step1_after_submission" time="1.426" /><testcase classname="backend.tests.test_pdc_v2_workflow.TestPDCv2WorkflowPermissions" name="test_cooperative_can_read_pdc_any_step" time="0.229" /><testcase classname="backend.tests.test_pdc_v2_workflow.TestPDCv2WorkflowPermissions" name="test_cooperative_can_save_step2" time="0.511" /><testcase classname="backend.tests.test_pdc_v2_workflow.TestPDCv2WorkflowPermissions" name="test_cooperative_can_save_step3" time="0.540" /><testcase classname="backend.tests.test_pdc_v2_workflow.TestPDCv2WorkflowPermissions" name="test_farmer_cannot_see_pdc_before_validation" time="0.969" /><testcase classname="backend.tests.test_pdc_v2_workflow.TestPDCv2WorkflowIntegration" name="test_pdc_list_endpoint" time="0.655" /><testcase classname="backend.tests.test_pdc_v2_workflow.TestPDCv2WorkflowIntegration" name="test_pdc_stats_endpoint" time="0.384" /></testsuite></testsuites>