<?xml version="1.0" encoding="utf-8"?><testsuites name="pytest tests"><testsuite name="pytest" errors="4" failures="1" skipped="0" tests="16" time="7.551" timestamp="2026-03-01T14:12:21.123359+00:00" hostname="agent-env-bf2d7071-056a-4245-a5ca-41c1c28df1f5"><testcase classname="tests.test_carbon_premiums_ussd.TestCooperativeAuth" name="test_cooperative_login" time="1.435"><failure message="AssertionError: Token not in response&#10;assert 'token' in {'access_token': 'eyJhbGciOiJIUzI1NiIsInR5cCI6IkpXVCJ9.eyJzdWIiOiI2OWE0NDJmN2QzYjRmNmRlNmZhOTdmMjEiLCJleHAiOjE3NzI0NjA3NDJ9.p0t-6tMkpmcKBDQfdfN9PD601opjp7-GFuSDw1sAqes', 'token_type': 'bearer', 'user': {'_id': '69a442f7d3b4f6de6fa97f21', 'carbon_goals': None, 'certifications': None, 'commission_rate': None, ...}}">tests/test_carbon_premiums_ussd.py:39: in test_cooperative_login
    assert "token" in data, "Token not in response"
E   AssertionError: Token not in response
E   assert 'token' in {'access_token': 'eyJhbGciOiJIUzI1NiIsInR5cCI6IkpXVCJ9.eyJzdWIiOiI2OWE0NDJmN2QzYjRmNmRlNmZhOTdmMjEiLCJleHAiOjE3NzI0NjA3NDJ9.p0t-6tMkpmcKBDQfdfN9PD601opjp7-GFuSDw1sAqes', 'token_type': 'bearer', 'user': {'_id': '69a442f7d3b4f6de6fa97f21', 'carbon_goals': None, 'certifications': None, 'commission_rate': None, ...}}</failure></testcase><testcase classname="tests.test_carbon_premiums_ussd.TestCarbonPremiumsAPI" name="test_get_members_carbon_premiums" time="0.504"><error message="failed on setup with &quot;KeyError: 'token'&quot;">tests/test_carbon_premiums_ussd.py:52: in auth_headers
    token = response.json()["token"]
            ^^^^^^^^^^^^^^^^^^^^^^^^
E   KeyError: 'token'</error></testcase><testcase classname="tests.test_carbon_premiums_ussd.TestCarbonPremiumsAPI" name="test_export_csv" time="0.746"><error message="failed on setup with &quot;KeyError: 'token'&quot;">tests/test_carbon_premiums_ussd.py:52: in auth_headers
    token = response.json()["token"]
            ^^^^^^^^^^^^^^^^^^^^^^^^
E   KeyError: 'token'</error></testcase><testcase classname="tests.test_carbon_premiums_ussd.TestCarbonPremiumsAPI" name="test_payment_history" time="0.592"><error message="failed on setup with &quot;KeyError: 'token'&quot;">tests/test_carbon_premiums_ussd.py:52: in auth_headers
    token = response.json()["token"]
            ^^^^^^^^^^^^^^^^^^^^^^^^
E   KeyError: 'token'</error></testcase><testcase classname="tests.test_carbon_premiums_ussd.TestCarbonPremiumsAPI" name="test_process_payment" time="0.551"><error message="failed on setup with &quot;KeyError: 'token'&quot;">tests/test_carbon_premiums_ussd.py:52: in auth_headers
    token = response.json()["token"]
            ^^^^^^^^^^^^^^^^^^^^^^^^
E   KeyError: 'token'</error></testcase><testcase classname="tests.test_carbon_premiums_ussd.TestUSSDAPI" name="test_ussd_test_endpoint" time="0.451" /><testcase classname="tests.test_carbon_premiums_ussd.TestUSSDAPI" name="test_ussd_callback_main_menu" time="0.284" /><testcase classname="tests.test_carbon_premiums_ussd.TestUSSDAPI" name="test_ussd_callback_option1_parcels" time="0.300" /><testcase classname="tests.test_carbon_premiums_ussd.TestUSSDAPI" name="test_ussd_callback_option2_premiums" time="0.422" /><testcase classname="tests.test_carbon_premiums_ussd.TestUSSDAPI" name="test_ussd_callback_option3_history" time="0.315" /><testcase classname="tests.test_carbon_premiums_ussd.TestUSSDAPI" name="test_ussd_callback_option4_harvest" time="0.242" /><testcase classname="tests.test_carbon_premiums_ussd.TestUSSDAPI" name="test_ussd_callback_option5_score" time="0.417" /><testcase classname="tests.test_carbon_premiums_ussd.TestUSSDAPI" name="test_ussd_callback_option6_help" time="0.236" /><testcase classname="tests.test_carbon_premiums_ussd.TestHomepageAPI" name="test_features_api" time="0.192" /><testcase classname="tests.test_carbon_premiums_ussd.TestHomepageAPI" name="test_testimonials_api" time="0.194" /><testcase classname="tests.test_carbon_premiums_ussd.TestHomepageAPI" name="test_pricing_plans_api" time="0.171" /></testsuite></testsuites>