<?xml version="1.0" encoding="utf-8"?><testsuites name="pytest tests"><testsuite name="pytest" errors="0" failures="0" skipped="0" tests="9" time="3.009" timestamp="2026-03-17T03:43:10.548438+00:00" hostname="agent-env-cf86c19e-479e-46c1-ab7b-cd004bc722a6"><testcase classname="backend.tests.test_ma_prime_calculator.TestMaPrimeCalculator" name="test_ma_prime_good_practices_high_premium" time="0.928" /><testcase classname="backend.tests.test_ma_prime_calculator.TestMaPrimeCalculator" name="test_ma_prime_poor_practices_low_premium" time="0.192" /><testcase classname="backend.tests.test_ma_prime_calculator.TestMaPrimeCalculator" name="test_ma_prime_good_vs_poor_comparison" time="0.349" /><testcase classname="backend.tests.test_ma_prime_calculator.TestMaPrimeCalculator" name="test_ma_prime_response_does_not_contain_distribution_model" time="0.183" /><testcase classname="backend.tests.test_ma_prime_calculator.TestMaPrimeCalculator" name="test_ma_prime_returns_expected_fields_only" time="0.158" /><testcase classname="backend.tests.test_ma_prime_calculator.TestMaPrimeCalculator" name="test_ma_prime_different_cultures" time="0.510" /><testcase classname="backend.tests.test_ma_prime_calculator.TestMaPrimeCalculator" name="test_ma_prime_validates_required_fields" time="0.107" /><testcase classname="backend.tests.test_ma_prime_calculator.TestMaPrimeCalculator" name="test_ma_prime_public_endpoint_no_auth_required" time="0.177" /><testcase classname="backend.tests.test_ma_prime_calculator.TestMaPrimeCalculator" name="test_ma_prime_conseil_personalized" time="0.347" /></testsuite></testsuites>