<?xml version="1.0" encoding="utf-8"?><testsuites name="pytest tests"><testsuite name="pytest" errors="0" failures="0" skipped="0" tests="15" time="5.135" timestamp="2026-04-09T03:00:29.848482+00:00" hostname="agent-env-c2007288-346b-4b80-96b9-4209479c8ce2"><testcase classname="backend.tests.test_ars1000_pdf_recommandations_iteration117.TestARS1000PDFAndRecommendations" name="test_recommandations_post_raw_data" time="1.135" /><testcase classname="backend.tests.test_ars1000_pdf_recommandations_iteration117.TestARS1000PDFAndRecommendations" name="test_recommandations_post_conformant_data" time="0.197" /><testcase classname="backend.tests.test_ars1000_pdf_recommandations_iteration117.TestARS1000PDFAndRecommendations" name="test_recommandations_farmer_endpoint" time="0.693" /><testcase classname="backend.tests.test_ars1000_pdf_recommandations_iteration117.TestARS1000PDFAndRecommendations" name="test_recommandations_farmer_not_found" time="0.231" /><testcase classname="backend.tests.test_ars1000_pdf_recommandations_iteration117.TestARS1000PDFAndRecommendations" name="test_pdf_pdc_generation" time="0.287" /><testcase classname="backend.tests.test_ars1000_pdf_recommandations_iteration117.TestARS1000PDFAndRecommendations" name="test_pdf_pdc_invalid_id" time="0.180" /><testcase classname="backend.tests.test_ars1000_pdf_recommandations_iteration117.TestARS1000PDFAndRecommendations" name="test_pdf_pdc_not_found" time="0.230" /><testcase classname="backend.tests.test_ars1000_pdf_recommandations_iteration117.TestARS1000PDFAndRecommendations" name="test_pdf_rapport_essai_generation" time="0.465" /><testcase classname="backend.tests.test_ars1000_pdf_recommandations_iteration117.TestARS1000PDFAndRecommendations" name="test_pdf_rapport_essai_invalid_id" time="0.188" /><testcase classname="backend.tests.test_ars1000_pdf_recommandations_iteration117.TestARS1000PDFAndRecommendations" name="test_pdf_rapport_essai_not_found" time="0.208" /><testcase classname="backend.tests.test_ars1000_pdf_recommandations_iteration117.TestARS1000PDFAndRecommendations" name="test_pdf_tracabilite_generation" time="0.247" /><testcase classname="backend.tests.test_ars1000_pdf_recommandations_iteration117.TestARS1000PDFAndRecommendations" name="test_pdf_tracabilite_invalid_id" time="0.226" /><testcase classname="backend.tests.test_ars1000_pdf_recommandations_iteration117.TestARS1000PDFAndRecommendations" name="test_pdf_tracabilite_not_found" time="0.202" /><testcase classname="backend.tests.test_ars1000_pdf_recommandations_iteration117.TestARS1000PDFAndRecommendations" name="test_pdf_requires_auth" time="0.338" /><testcase classname="backend.tests.test_ars1000_pdf_recommandations_iteration117.TestARS1000PDFAndRecommendations" name="test_recommandations_requires_auth" time="0.224" /></testsuite></testsuites>