<?xml version="1.0" encoding="utf-8"?><testsuites name="pytest tests"><testsuite name="pytest" errors="0" failures="0" skipped="0" tests="24" time="9.351" timestamp="2026-03-17T16:53:17.819898+00:00" hostname="agent-env-24ec953e-2b84-44a8-81c4-7eaf442464e3"><testcase classname="backend.tests.test_orange_integrations.TestSimulationStatusEndpoint" name="test_simulation_status_returns_200" time="0.137" /><testcase classname="backend.tests.test_orange_integrations.TestSimulationStatusEndpoint" name="test_simulation_status_returns_simulation_mode_true" time="0.151" /><testcase classname="backend.tests.test_orange_integrations.TestSimulationStatusEndpoint" name="test_simulation_status_has_message" time="0.133" /><testcase classname="backend.tests.test_orange_integrations.TestIntegrationsStatusEndpoint" name="test_integrations_status_requires_auth" time="0.116" /><testcase classname="backend.tests.test_orange_integrations.TestIntegrationsStatusEndpoint" name="test_integrations_status_rejects_non_admin" time="1.363" /><testcase classname="backend.tests.test_orange_integrations.TestIntegrationsStatusEndpoint" name="test_integrations_status_admin_access" time="0.737" /><testcase classname="backend.tests.test_orange_integrations.TestIntegrationsStatusEndpoint" name="test_integrations_status_returns_all_services" time="0.673" /><testcase classname="backend.tests.test_orange_integrations.TestIntegrationsStatusEndpoint" name="test_orange_money_status_mock_mode" time="0.713" /><testcase classname="backend.tests.test_orange_integrations.TestIntegrationsStatusEndpoint" name="test_orange_sms_status_mock_mode" time="0.700" /><testcase classname="backend.tests.test_orange_integrations.TestIntegrationsStatusEndpoint" name="test_ussd_gateway_status_mock_mode" time="0.810" /><testcase classname="backend.tests.test_orange_integrations.TestIntegrationsStatusEndpoint" name="test_all_configured_is_false" time="0.710" /><testcase classname="backend.tests.test_orange_integrations.TestUSSDCalculatePremiumEndpoint" name="test_calculate_premium_returns_200" time="0.182" /><testcase classname="backend.tests.test_orange_integrations.TestUSSDCalculatePremiumEndpoint" name="test_calculate_premium_returns_score" time="0.178" /><testcase classname="backend.tests.test_orange_integrations.TestUSSDCalculatePremiumEndpoint" name="test_calculate_premium_returns_prime_fcfa_kg" time="0.179" /><testcase classname="backend.tests.test_orange_integrations.TestUSSDCalculatePremiumEndpoint" name="test_calculate_premium_returns_prime_annuelle" time="0.165" /><testcase classname="backend.tests.test_orange_integrations.TestUSSDCalculatePremiumEndpoint" name="test_calculate_premium_eligible_field" time="0.182" /><testcase classname="backend.tests.test_orange_integrations.TestUSSDCalculatePremiumEndpoint" name="test_calculate_premium_different_cultures" time="0.521" /><testcase classname="backend.tests.test_orange_integrations.TestUSSDCallbackEndpoint" name="test_ussd_callback_returns_response" time="0.172" /><testcase classname="backend.tests.test_orange_integrations.TestUSSDCallbackEndpoint" name="test_ussd_callback_returns_session_id" time="0.191" /><testcase classname="backend.tests.test_orange_integrations.TestUSSDCallbackEndpoint" name="test_ussd_callback_returns_text" time="0.186" /><testcase classname="backend.tests.test_orange_integrations.TestUSSDCallbackEndpoint" name="test_ussd_callback_returns_continue_session" time="0.205" /><testcase classname="backend.tests.test_orange_integrations.TestUSSDCallbackEndpoint" name="test_ussd_callback_menu_navigation" time="0.245" /><testcase classname="backend.tests.test_orange_integrations.TestBackendServerStartup" name="test_root_endpoint" time="0.110" /><testcase classname="backend.tests.test_orange_integrations.TestBackendServerStartup" name="test_backend_with_placeholder_credentials" time="0.512" /></testsuite></testsuites>