<?xml version="1.0" encoding="utf-8"?><testsuites name="pytest tests"><testsuite name="pytest" errors="0" failures="0" skipped="0" tests="16" time="9.361" timestamp="2026-03-01T14:12:44.110730+00:00" hostname="agent-env-bf2d7071-056a-4245-a5ca-41c1c28df1f5"><testcase classname="tests.test_carbon_premiums_ussd.TestCooperativeAuth" name="test_cooperative_login" time="0.986" /><testcase classname="tests.test_carbon_premiums_ussd.TestCarbonPremiumsAPI" name="test_get_members_carbon_premiums" time="1.139" /><testcase classname="tests.test_carbon_premiums_ussd.TestCarbonPremiumsAPI" name="test_export_csv" time="1.176" /><testcase classname="tests.test_carbon_premiums_ussd.TestCarbonPremiumsAPI" name="test_payment_history" time="0.625" /><testcase classname="tests.test_carbon_premiums_ussd.TestCarbonPremiumsAPI" name="test_process_payment" time="2.596" /><testcase classname="tests.test_carbon_premiums_ussd.TestUSSDAPI" name="test_ussd_test_endpoint" time="0.212" /><testcase classname="tests.test_carbon_premiums_ussd.TestUSSDAPI" name="test_ussd_callback_main_menu" time="0.210" /><testcase classname="tests.test_carbon_premiums_ussd.TestUSSDAPI" name="test_ussd_callback_option1_parcels" time="0.277" /><testcase classname="tests.test_carbon_premiums_ussd.TestUSSDAPI" name="test_ussd_callback_option2_premiums" time="0.391" /><testcase classname="tests.test_carbon_premiums_ussd.TestUSSDAPI" name="test_ussd_callback_option3_history" time="0.272" /><testcase classname="tests.test_carbon_premiums_ussd.TestUSSDAPI" name="test_ussd_callback_option4_harvest" time="0.233" /><testcase classname="tests.test_carbon_premiums_ussd.TestUSSDAPI" name="test_ussd_callback_option5_score" time="0.426" /><testcase classname="tests.test_carbon_premiums_ussd.TestUSSDAPI" name="test_ussd_callback_option6_help" time="0.201" /><testcase classname="tests.test_carbon_premiums_ussd.TestHomepageAPI" name="test_features_api" time="0.150" /><testcase classname="tests.test_carbon_premiums_ussd.TestHomepageAPI" name="test_testimonials_api" time="0.178" /><testcase classname="tests.test_carbon_premiums_ussd.TestHomepageAPI" name="test_pricing_plans_api" time="0.164" /></testsuite></testsuites>