<?xml version="1.0" encoding="utf-8"?><testsuites name="pytest tests"><testsuite name="pytest" errors="0" failures="0" skipped="0" tests="16" time="5.114" timestamp="2026-02-28T01:17:39.776423+00:00" hostname="agent-env-8c985d7a-61d5-4192-bf33-1fb2887805b9"><testcase classname="backend.tests.test_notifications_api.TestHealthCheck" name="test_backend_health" time="1.132" /><testcase classname="backend.tests.test_notifications_api.TestNotificationPreferences" name="test_get_preferences_returns_defaults" time="0.600" /><testcase classname="backend.tests.test_notifications_api.TestNotificationPreferences" name="test_get_preferences_requires_auth" time="0.113" /><testcase classname="backend.tests.test_notifications_api.TestNotificationPreferences" name="test_update_preferences" time="0.343" /><testcase classname="backend.tests.test_notifications_api.TestDeviceRegistration" name="test_register_device" time="0.228" /><testcase classname="backend.tests.test_notifications_api.TestDeviceRegistration" name="test_register_device_requires_auth" time="0.110" /><testcase classname="backend.tests.test_notifications_api.TestDeviceRegistration" name="test_register_device_updates_existing" time="0.459" /><testcase classname="backend.tests.test_notifications_api.TestNotificationHistory" name="test_get_notification_history" time="0.170" /><testcase classname="backend.tests.test_notifications_api.TestNotificationHistory" name="test_get_notification_history_with_limit" time="0.164" /><testcase classname="backend.tests.test_notifications_api.TestNotificationHistory" name="test_get_notification_history_requires_auth" time="0.180" /><testcase classname="backend.tests.test_notifications_api.TestTestNotification" name="test_send_test_notification" time="0.492" /><testcase classname="backend.tests.test_notifications_api.TestTestNotification" name="test_send_test_notification_requires_auth" time="0.113" /><testcase classname="backend.tests.test_notifications_api.TestWeeklyReminders" name="test_trigger_weekly_reminders_requires_admin" time="0.111" /><testcase classname="backend.tests.test_notifications_api.TestWeeklyReminders" name="test_trigger_weekly_reminders_admin" time="0.547" /><testcase classname="backend.tests.test_notifications_api.TestPendingSMS" name="test_get_pending_sms" time="0.171" /><testcase classname="backend.tests.test_notifications_api.TestPendingSMS" name="test_get_pending_sms_requires_auth" time="0.112" /></testsuite></testsuites>