<?xml version="1.0" encoding="utf-8"?><testsuites name="pytest tests"><testsuite name="pytest" errors="0" failures="1" skipped="0" tests="17" time="16.557" timestamp="2026-03-19T00:53:34.214603+00:00" hostname="agent-env-f908683b-ba17-4a23-84e2-75d5533b9ce5"><testcase classname="backend.tests.test_forgot_password_admin_assignment_iteration41.TestForgotPasswordSimulationCode" name="test_forgot_password_with_phone_returns_simulation_code" time="1.082" /><testcase classname="backend.tests.test_forgot_password_admin_assignment_iteration41.TestForgotPasswordSimulationCode" name="test_forgot_password_with_email_returns_simulation_code" time="0.273" /><testcase classname="backend.tests.test_forgot_password_admin_assignment_iteration41.TestForgotPasswordSimulationCode" name="test_forgot_password_unknown_user_still_returns_sent" time="0.182" /><testcase classname="backend.tests.test_forgot_password_admin_assignment_iteration41.TestPasswordResetFlow" name="test_full_password_reset_flow" time="0.192"><failure message="assert 429 == 200&#10; +  where 429 = &lt;Response [429]&gt;.status_code">backend/tests/test_forgot_password_admin_assignment_iteration41.py:97: in test_full_password_reset_flow
    assert forgot_response.status_code == 200
E   assert 429 == 200
E    +  where 429 = &lt;Response [429]&gt;.status_code</failure></testcase><testcase classname="backend.tests.test_forgot_password_admin_assignment_iteration41.TestPasswordResetFlow" name="test_reset_password_invalid_code_rejected" time="0.167" /><testcase classname="backend.tests.test_forgot_password_admin_assignment_iteration41.TestAdminAgentsList" name="test_admin_agents_endpoint_exists" time="1.186" /><testcase classname="backend.tests.test_forgot_password_admin_assignment_iteration41.TestAdminAgentsList" name="test_admin_agents_response_structure" time="1.202" /><testcase classname="backend.tests.test_forgot_password_admin_assignment_iteration41.TestAdminAllFarmers" name="test_admin_all_farmers_endpoint_exists" time="1.841" /><testcase classname="backend.tests.test_forgot_password_admin_assignment_iteration41.TestAdminAllFarmers" name="test_admin_all_farmers_response_structure" time="1.576" /><testcase classname="backend.tests.test_forgot_password_admin_assignment_iteration41.TestAdminAllFarmers" name="test_admin_all_farmers_search_by_name" time="1.848" /><testcase classname="backend.tests.test_forgot_password_admin_assignment_iteration41.TestAdminAssignFarmersToAgent" name="test_assign_farmers_to_agent_endpoint_exists" time="2.804" /><testcase classname="backend.tests.test_forgot_password_admin_assignment_iteration41.TestAdminAssignFarmersToAgent" name="test_assign_invalid_agent_id_rejected" time="1.721" /><testcase classname="backend.tests.test_forgot_password_admin_assignment_iteration41.TestAdminAssignFarmersToAgent" name="test_assign_empty_farmer_list_rejected" time="1.378" /><testcase classname="backend.tests.test_forgot_password_admin_assignment_iteration41.TestAdminEndpointsRequireAuth" name="test_admin_agents_requires_auth" time="0.153" /><testcase classname="backend.tests.test_forgot_password_admin_assignment_iteration41.TestAdminEndpointsRequireAuth" name="test_admin_all_farmers_requires_auth" time="0.107" /><testcase classname="backend.tests.test_forgot_password_admin_assignment_iteration41.TestAdminEndpointsRequireAuth" name="test_admin_assign_farmers_requires_auth" time="0.108" /><testcase classname="backend.tests.test_forgot_password_admin_assignment_iteration41.TestAdminRequiresSuperAdmin" name="test_field_agent_cannot_access_admin_agents" time="0.594" /></testsuite></testsuites>