<?xml version="1.0" encoding="utf-8"?><testsuites name="pytest tests"><testsuite name="pytest" errors="0" failures="0" skipped="0" tests="19" time="18.349" timestamp="2026-03-30T12:56:37.255765+00:00" hostname="agent-env-2c25da70-c5a3-42f9-8858-0b0639a3bb15"><testcase classname="tests.test_subscription_gating_iteration86.TestSubscriptionGating" name="test_01_set_trial_plan" time="2.231" /><testcase classname="tests.test_subscription_gating_iteration86.TestSubscriptionGating" name="test_02_trial_dashboard_kpis_has_all_features" time="0.909" /><testcase classname="tests.test_subscription_gating_iteration86.TestSubscriptionGating" name="test_03_trial_dashboard_charts_has_all_data" time="1.122" /><testcase classname="tests.test_subscription_gating_iteration86.TestSubscriptionGating" name="test_04_trial_pdf_export_allowed" time="1.523" /><testcase classname="tests.test_subscription_gating_iteration86.TestSubscriptionGating" name="test_05_trial_redd_kpis_present" time="0.923" /><testcase classname="tests.test_subscription_gating_iteration86.TestSubscriptionGating" name="test_06_trial_ssrte_kpis_present" time="0.944" /><testcase classname="tests.test_subscription_gating_iteration86.TestSubscriptionGating" name="test_07_trial_ici_kpis_present" time="0.891" /><testcase classname="tests.test_subscription_gating_iteration86.TestSubscriptionPlansEndpoint" name="test_01_get_plans_public" time="0.110" /><testcase classname="tests.test_subscription_gating_iteration86.TestSubscriptionPlansEndpoint" name="test_02_plans_have_features" time="0.099" /><testcase classname="tests.test_subscription_gating_iteration86.TestStarterPlanGating" name="test_01_verify_starter_features_definition" time="0.103" /><testcase classname="tests.test_subscription_gating_iteration86.TestStarterPlanGating" name="test_02_verify_trial_features_definition" time="0.122" /><testcase classname="tests.test_subscription_gating_iteration86.TestDashboardChartsGating" name="test_01_charts_returns_features" time="1.569" /><testcase classname="tests.test_subscription_gating_iteration86.TestDashboardChartsGating" name="test_02_charts_data_structure" time="1.150" /><testcase classname="tests.test_subscription_gating_iteration86.TestPDFExportGating" name="test_01_pdf_requires_auth" time="0.128" /><testcase classname="tests.test_subscription_gating_iteration86.TestPDFExportGating" name="test_02_pdf_export_with_feature" time="2.115" /><testcase classname="tests.test_subscription_gating_iteration86.TestMySubscriptionEndpoint" name="test_01_my_subscription_requires_auth" time="0.131" /><testcase classname="tests.test_subscription_gating_iteration86.TestMySubscriptionEndpoint" name="test_02_my_subscription_returns_features" time="0.687" /><testcase classname="tests.test_subscription_gating_iteration86.TestFeatureConsistency" name="test_01_features_match_between_kpis_and_charts" time="2.565" /><testcase classname="tests.test_subscription_gating_iteration86.TestFeatureConsistency" name="test_02_subscription_info_in_kpis" time="0.922" /></testsuite></testsuites>