<?xml version="1.0" encoding="utf-8"?><testsuites name="pytest tests"><testsuite name="pytest" errors="0" failures="0" skipped="0" tests="8" time="6.787" timestamp="2026-04-05T01:23:10.248196+00:00" hostname="agent-env-56a42db3-9ca9-4619-be92-36565d5f47c2"><testcase classname="backend.tests.test_cooperative_referral_iteration89.TestCooperativeRegistration" name="test_register_cooperative_creates_referral_code" time="1.030" /><testcase classname="backend.tests.test_cooperative_referral_iteration89.TestCooperativeRegistration" name="test_register_cooperative_with_sponsor_code" time="1.203" /><testcase classname="backend.tests.test_cooperative_referral_iteration89.TestCooperativeReferralMyCode" name="test_my_code_returns_200_for_cooperative" time="1.077" /><testcase classname="backend.tests.test_cooperative_referral_iteration89.TestCooperativeReferralMyCode" name="test_my_code_returns_403_for_non_cooperative" time="0.691" /><testcase classname="backend.tests.test_cooperative_referral_iteration89.TestCooperativeReferralValidate" name="test_validate_valid_referral_code" time="0.685" /><testcase classname="backend.tests.test_cooperative_referral_iteration89.TestCooperativeReferralValidate" name="test_validate_invalid_referral_code" time="0.130" /><testcase classname="backend.tests.test_cooperative_referral_iteration89.TestCooperativeReferralMyAffiliates" name="test_my_affiliates_returns_list" time="1.383" /><testcase classname="backend.tests.test_cooperative_referral_iteration89.TestExistingAdminCooperativeAccess" name="test_admin_login_and_check_user_type" time="0.514" /></testsuite></testsuites>