<?xml version="1.0" encoding="utf-8"?><testsuites name="pytest tests"><testsuite name="pytest" errors="0" failures="0" skipped="0" tests="8" time="6.631" timestamp="2026-04-06T17:59:57.670514+00:00" hostname="agent-env-baa6100b-4909-4c42-9bd2-5ff46dfe6b90"><testcase classname="backend.tests.test_ussd_age_cacaoyers_bugfix.TestUSSDStatelessCarbonCalculator" name="test_stateless_14q_age_cacaoyers_choice1_jeune" time="0.665" /><testcase classname="backend.tests.test_ussd_age_cacaoyers_bugfix.TestUSSDStatelessCarbonCalculator" name="test_stateless_14q_age_cacaoyers_choice2_mature" time="0.196" /><testcase classname="backend.tests.test_ussd_age_cacaoyers_bugfix.TestUSSDStatelessCarbonCalculator" name="test_stateless_14q_age_cacaoyers_choice3_vieux" time="0.173" /><testcase classname="backend.tests.test_ussd_age_cacaoyers_bugfix.TestUSSDStatefulSimpleEstimation" name="test_stateful_simple_full_flow_age_cacaoyers_2" time="2.310" /><testcase classname="backend.tests.test_ussd_age_cacaoyers_bugfix.TestUSSDStatefulDetailedEstimation" name="test_stateful_detailed_full_flow_age_cacaoyers_3" time="2.653" /><testcase classname="backend.tests.test_ussd_age_cacaoyers_bugfix.TestUSSDCalculatePremiumFunction" name="test_calculate_premium_with_all_age_choices" time="0.165" /><testcase classname="backend.tests.test_ussd_age_cacaoyers_bugfix.TestUSSDEdgeCases" name="test_zero_trees" time="0.219" /><testcase classname="backend.tests.test_ussd_age_cacaoyers_bugfix.TestUSSDEdgeCases" name="test_small_hectares" time="0.158" /></testsuite></testsuites>