<?xml version="1.0" encoding="utf-8"?><testsuites name="pytest tests"><testsuite name="pytest" errors="0" failures="0" skipped="0" tests="9" time="7.992" timestamp="2026-03-21T17:03:07.578062+00:00" hostname="agent-env-a8798f41-3163-4f88-81f3-d846241c17db"><testcase classname="backend.tests.test_delivery_fee_system.TestDeliverySettingsAPI" name="test_01_get_delivery_settings_returns_defaults_or_saved" time="1.342" /><testcase classname="backend.tests.test_delivery_fee_system.TestDeliverySettingsAPI" name="test_02_update_delivery_settings_all_models" time="0.649" /><testcase classname="backend.tests.test_delivery_fee_system.TestDeliverySettingsAPI" name="test_03_verify_settings_persisted" time="0.820" /><testcase classname="backend.tests.test_delivery_fee_system.TestDeliverySettingsAPI" name="test_04_delivery_settings_requires_supplier_role" time="1.177" /><testcase classname="backend.tests.test_delivery_fee_system.TestDeliveryFeesCalculation" name="test_05_get_delivery_fees_empty_cart" time="0.643" /><testcase classname="backend.tests.test_delivery_fee_system.TestDeliveryFeesCalculation" name="test_06_get_delivery_fees_with_zone_param" time="0.991" /><testcase classname="backend.tests.test_delivery_fee_system.TestCartWithDeliveryFees" name="test_07_cart_includes_delivery_fees" time="0.661" /><testcase classname="backend.tests.test_delivery_fee_system.TestCartWithDeliveryFees" name="test_08_cart_accepts_zone_parameter" time="0.981" /><testcase classname="backend.tests.test_delivery_fee_system.TestCheckoutWithDeliveryFees" name="test_09_checkout_accepts_json_body" time="0.669" /></testsuite></testsuites>