<?xml version="1.0" encoding="utf-8"?><testsuites name="pytest tests"><testsuite name="pytest" errors="0" failures="0" skipped="0" tests="10" time="8.820" timestamp="2026-03-23T23:58:44.040226+00:00" hostname="agent-env-269cdcf0-211b-4d2c-bb1a-31d2fa0cc8c0"><testcase classname="backend.tests.test_lot_contributors_iteration60.TestLotContributorsCreation" name="test_01_login_cooperative" time="1.286" /><testcase classname="backend.tests.test_lot_contributors_iteration60.TestLotContributorsCreation" name="test_02_get_members_for_selection" time="0.764" /><testcase classname="backend.tests.test_lot_contributors_iteration60.TestLotContributorsCreation" name="test_03_create_lot_with_contributors" time="1.015" /><testcase classname="backend.tests.test_lot_contributors_iteration60.TestLotContributorsCreation" name="test_04_get_lot_contributors" time="0.270" /><testcase classname="backend.tests.test_lot_contributors_iteration60.TestLotContributorsCreation" name="test_05_lot_appears_in_list" time="0.249" /><testcase classname="backend.tests.test_lot_contributors_iteration60.TestLotContributorsCreation" name="test_06_create_lot_without_contributors_fallback" time="0.368" /><testcase classname="backend.tests.test_lot_contributors_iteration60.TestLotContributorsCreation" name="test_07_create_lot_empty_contributors_rejected" time="0.374" /><testcase classname="backend.tests.test_lot_contributors_iteration60.TestLotContributorsValidation" name="test_01_contributor_with_zero_tonnage" time="1.483" /><testcase classname="backend.tests.test_lot_contributors_iteration60.TestLotContributorsValidation" name="test_02_multiple_contributors_same_farmer" time="1.003" /><testcase classname="backend.tests.test_lot_contributors_iteration60.TestLotContributorsEndToEnd" name="test_full_workflow" time="1.932" /></testsuite></testsuites>