<?xml version="1.0" encoding="utf-8"?><testsuites name="pytest tests"><testsuite name="pytest" errors="0" failures="3" skipped="2" tests="10" time="6.823" timestamp="2026-04-10T02:38:32.795660+00:00" hostname="agent-env-634c707a-468c-4558-b785-2f8cc1de02d0"><testcase classname="tests.test_code_refactor_iteration124.TestAuthLogin" name="test_cooperative_login_success" time="3.348" /><testcase classname="tests.test_code_refactor_iteration124.TestAuthLogin" name="test_admin_login_success" time="0.438" /><testcase classname="tests.test_code_refactor_iteration124.TestAuthLogin" name="test_login_invalid_credentials" time="0.206" /><testcase classname="tests.test_code_refactor_iteration124.TestAdminAnalyticsDashboard" name="test_strategic_dashboard_returns_all_sections" time="1.109" /><testcase classname="tests.test_code_refactor_iteration124.TestAdminAnalyticsDashboard" name="test_production_section_structure" time="1.062" /><testcase classname="tests.test_code_refactor_iteration124.TestAdminAnalyticsDashboard" name="test_eudr_compliance_section_structure" time="0.105"><skipped type="pytest.skip" message="Admin login failed: 429">/app/backend/tests/test_code_refactor_iteration124.py:160: Admin login failed: 429</skipped></testcase><testcase classname="tests.test_code_refactor_iteration124.TestAdminAnalyticsDashboard" name="test_dashboard_unauthorized_access" time="0.121"><failure message="AssertionError: Expected 401, got 403&#10;assert 403 == 401&#10; +  where 403 = &lt;Response [403]&gt;.status_code">tests/test_code_refactor_iteration124.py:184: in test_dashboard_unauthorized_access
    assert response.status_code == 401, f"Expected 401, got {response.status_code}"
E   AssertionError: Expected 401, got 403
E   assert 403 == 401
E    +  where 403 = &lt;Response [403]&gt;.status_code</failure></testcase><testcase classname="tests.test_code_refactor_iteration124.TestAdminAnalyticsDashboard" name="test_dashboard_non_admin_access" time="0.111"><skipped type="pytest.skip" message="Cooperative login failed">/app/backend/tests/test_code_refactor_iteration124.py:196: Cooperative login failed</skipped></testcase><testcase classname="tests.test_code_refactor_iteration124.TestAuthMeEndpoint" name="test_auth_me_with_valid_token" time="0.121"><failure message="assert 429 == 200&#10; +  where 429 = &lt;Response [429]&gt;.status_code">tests/test_code_refactor_iteration124.py:221: in test_auth_me_with_valid_token
    assert login_response.status_code == 200
E   assert 429 == 200
E    +  where 429 = &lt;Response [429]&gt;.status_code</failure></testcase><testcase classname="tests.test_code_refactor_iteration124.TestAuthMeEndpoint" name="test_auth_me_without_token" time="0.103"><failure message="AssertionError: Expected 401, got 403&#10;assert 403 == 401&#10; +  where 403 = &lt;Response [403]&gt;.status_code">tests/test_code_refactor_iteration124.py:238: in test_auth_me_without_token
    assert response.status_code == 401, f"Expected 401, got {response.status_code}"
E   AssertionError: Expected 401, got 403
E   assert 403 == 401
E    +  where 403 = &lt;Response [403]&gt;.status_code</failure></testcase></testsuite></testsuites>