<?xml version="1.0" encoding="utf-8"?><testsuites name="pytest tests"><testsuite name="pytest" errors="0" failures="0" skipped="0" tests="23" time="10.805" timestamp="2026-04-15T19:43:37.734593+00:00" hostname="agent-env-04fe1580-c704-4def-adda-b7a75e443d0d"><testcase classname="backend.tests.test_gouvernance_module.TestPostesReference" name="test_get_postes_returns_7_positions" time="1.116" /><testcase classname="backend.tests.test_gouvernance_module.TestPostesReference" name="test_postes_have_required_fields" time="0.086" /><testcase classname="backend.tests.test_gouvernance_module.TestOrganigramme" name="test_get_organigramme" time="0.173" /><testcase classname="backend.tests.test_gouvernance_module.TestOrganigramme" name="test_organigramme_positions_have_pourvu_field" time="0.171" /><testcase classname="backend.tests.test_gouvernance_module.TestOrganigramme" name="test_assign_poste" time="0.329" /><testcase classname="backend.tests.test_gouvernance_module.TestOrganigramme" name="test_assign_invalid_poste_code" time="0.128" /><testcase classname="backend.tests.test_gouvernance_module.TestPolitique" name="test_create_politique" time="0.165" /><testcase classname="backend.tests.test_gouvernance_module.TestPolitique" name="test_get_politiques" time="0.336" /><testcase classname="backend.tests.test_gouvernance_module.TestPolitique" name="test_update_politique" time="0.395" /><testcase classname="backend.tests.test_gouvernance_module.TestPolitique" name="test_diffuser_politique" time="0.795" /><testcase classname="backend.tests.test_gouvernance_module.TestPolitique" name="test_update_nonexistent_politique" time="0.164" /><testcase classname="backend.tests.test_gouvernance_module.TestRevueDirection" name="test_create_revue_direction" time="0.459" /><testcase classname="backend.tests.test_gouvernance_module.TestRevueDirection" name="test_revue_auto_populates_module_data" time="0.394" /><testcase classname="backend.tests.test_gouvernance_module.TestRevueDirection" name="test_get_revues_list" time="0.552" /><testcase classname="backend.tests.test_gouvernance_module.TestRevueDirection" name="test_get_revue_detail" time="0.558" /><testcase classname="backend.tests.test_gouvernance_module.TestRevueDirection" name="test_valider_revue" time="0.736" /><testcase classname="backend.tests.test_gouvernance_module.TestRevueDirection" name="test_get_nonexistent_revue" time="0.167" /><testcase classname="backend.tests.test_gouvernance_module.TestDashboard" name="test_get_dashboard" time="0.466" /><testcase classname="backend.tests.test_gouvernance_module.TestDashboard" name="test_dashboard_alerts_for_vacant_positions" time="0.454" /><testcase classname="backend.tests.test_gouvernance_module.TestPDFExports" name="test_export_revue_pdf" time="0.577" /><testcase classname="backend.tests.test_gouvernance_module.TestPDFExports" name="test_export_organigramme_pdf" time="0.170" /><testcase classname="backend.tests.test_gouvernance_module.TestPDFExports" name="test_export_nonexistent_revue_pdf" time="0.165" /><testcase classname="backend.tests.test_gouvernance_module.TestIntegration" name="test_full_gouvernance_workflow" time="2.139" /></testsuite></testsuites>