<?xml version="1.0" encoding="utf-8"?><testsuites name="pytest tests"><testsuite name="pytest" errors="0" failures="0" skipped="0" tests="12" time="15.171" timestamp="2026-03-29T22:48:19.484012+00:00" hostname="agent-env-ca6a0f1a-9073-4a2b-aedf-c8806bb97b8d"><testcase classname="backend.tests.test_dashboard_kpis_iteration82.TestDashboardKPIs" name="test_login_success" time="1.848" /><testcase classname="backend.tests.test_dashboard_kpis_iteration82.TestDashboardKPIs" name="test_dashboard_kpis_endpoint_returns_200" time="1.226" /><testcase classname="backend.tests.test_dashboard_kpis_iteration82.TestDashboardKPIs" name="test_dashboard_kpis_has_subscription_info" time="1.229" /><testcase classname="backend.tests.test_dashboard_kpis_iteration82.TestDashboardKPIs" name="test_dashboard_kpis_has_features" time="1.242" /><testcase classname="backend.tests.test_dashboard_kpis_iteration82.TestDashboardKPIs" name="test_dashboard_kpis_redd_data_for_trial" time="1.223" /><testcase classname="backend.tests.test_dashboard_kpis_iteration82.TestDashboardKPIs" name="test_dashboard_kpis_ssrte_data_for_trial" time="1.205" /><testcase classname="backend.tests.test_dashboard_kpis_iteration82.TestDashboardKPIs" name="test_dashboard_kpis_ici_data_for_pro" time="1.192" /><testcase classname="backend.tests.test_dashboard_kpis_iteration82.TestDashboardKPIs" name="test_dashboard_kpis_trial_plan_name" time="1.201" /><testcase classname="backend.tests.test_dashboard_kpis_iteration82.TestDashboardKPIs" name="test_dashboard_endpoint_still_works" time="0.770" /><testcase classname="backend.tests.test_dashboard_kpis_iteration82.TestDashboardKPIsDataValues" name="test_redd_values_are_numeric" time="1.531" /><testcase classname="backend.tests.test_dashboard_kpis_iteration82.TestDashboardKPIsDataValues" name="test_ssrte_values_are_numeric" time="1.212" /><testcase classname="backend.tests.test_dashboard_kpis_iteration82.TestDashboardKPIsDataValues" name="test_subscription_days_remaining_is_positive" time="1.216" /></testsuite></testsuites>