<?xml version="1.0" encoding="utf-8"?><testsuites name="pytest tests"><testsuite name="pytest" errors="0" failures="0" skipped="0" tests="19" time="7.949" timestamp="2026-03-17T12:30:09.308215+00:00" hostname="agent-env-471469bd-088a-40ed-9cec-4faf623068f4"><testcase classname="backend.tests.test_iteration26_greenlink.TestAdminLogin" name="test_admin_login_success" time="1.244" /><testcase classname="backend.tests.test_iteration26_greenlink.TestAdminLogin" name="test_admin_login_invalid_password" time="0.363" /><testcase classname="backend.tests.test_iteration26_greenlink.TestUserRegistration" name="test_register_producteur" time="0.483" /><testcase classname="backend.tests.test_iteration26_greenlink.TestUserRegistration" name="test_register_duplicate_phone_fails" time="0.605" /><testcase classname="backend.tests.test_iteration26_greenlink.TestUserLogin" name="test_login_with_phone" time="0.902" /><testcase classname="backend.tests.test_iteration26_greenlink.TestUserLogin" name="test_login_with_email" time="0.902" /><testcase classname="backend.tests.test_iteration26_greenlink.TestMarketplaceProducts" name="test_seed_demo_products" time="0.120" /><testcase classname="backend.tests.test_iteration26_greenlink.TestMarketplaceProducts" name="test_get_marketplace_products" time="0.130" /><testcase classname="backend.tests.test_iteration26_greenlink.TestMarketplaceProducts" name="test_marketplace_products_count" time="0.245" /><testcase classname="backend.tests.test_iteration26_greenlink.TestMarketplaceProducts" name="test_marketplace_products_structure" time="0.129" /><testcase classname="backend.tests.test_iteration26_greenlink.TestMarketplaceProducts" name="test_marketplace_filter_by_category" time="0.123" /><testcase classname="backend.tests.test_iteration26_greenlink.TestCarbonPremiumCalculator" name="test_ma_prime_good_practices" time="0.121" /><testcase classname="backend.tests.test_iteration26_greenlink.TestCarbonPremiumCalculator" name="test_ma_prime_poor_practices" time="0.124" /><testcase classname="backend.tests.test_iteration26_greenlink.TestCarbonPremiumCalculator" name="test_ma_prime_no_distribution_exposed" time="0.123" /><testcase classname="backend.tests.test_iteration26_greenlink.TestCarbonCreditsSubmission" name="test_submit_carbon_credits" time="0.670" /><testcase classname="backend.tests.test_iteration26_greenlink.TestCarbonCreditsSubmission" name="test_get_pending_listings_as_admin" time="0.653" /><testcase classname="backend.tests.test_iteration26_greenlink.TestCarbonCreditsSubmission" name="test_pending_listings_rejected_for_non_admin" time="0.118" /><testcase classname="backend.tests.test_iteration26_greenlink.TestAPIHealthCheck" name="test_api_root" time="0.057" /><testcase classname="backend.tests.test_iteration26_greenlink.TestAPIHealthCheck" name="test_api_status" time="0.751" /></testsuite></testsuites>