<?xml version="1.0" encoding="utf-8"?><testsuites name="pytest tests"><testsuite name="pytest" errors="0" failures="1" skipped="0" tests="13" time="9.440" timestamp="2026-03-17T03:09:22.367198+00:00" hostname="agent-env-cf86c19e-479e-46c1-ab7b-cd004bc722a6"><testcase classname="backend.tests.test_carbon_listings_api.TestCarbonListingsAuth" name="test_admin_login" time="1.202" /><testcase classname="backend.tests.test_carbon_listings_api.TestCarbonListingsAuth" name="test_cooperative_login" time="0.509" /><testcase classname="backend.tests.test_carbon_listings_api.TestCarbonListingsSubmit" name="test_submit_carbon_listing_success" time="0.791" /><testcase classname="backend.tests.test_carbon_listings_api.TestCarbonListingsSubmit" name="test_submit_carbon_listing_validation" time="0.167" /><testcase classname="backend.tests.test_carbon_listings_api.TestCarbonListingsSubmit" name="test_submit_without_auth" time="0.147"><failure message="AssertionError: Expected 401, got 403&#10;assert 403 == 401&#10; +  where 403 = &lt;Response [403]&gt;.status_code">backend/tests/test_carbon_listings_api.py:172: in test_submit_without_auth
    assert response.status_code == 401, f"Expected 401, got {response.status_code}"
E   AssertionError: Expected 401, got 403
E   assert 403 == 401
E    +  where 403 = &lt;Response [403]&gt;.status_code</failure></testcase><testcase classname="backend.tests.test_carbon_listings_api.TestCarbonListingsAdmin" name="test_get_pending_listings_admin" time="0.746" /><testcase classname="backend.tests.test_carbon_listings_api.TestCarbonListingsAdmin" name="test_get_pending_listings_non_admin" time="0.652" /><testcase classname="backend.tests.test_carbon_listings_api.TestCarbonListingsAdmin" name="test_get_all_listings_admin" time="0.221" /><testcase classname="backend.tests.test_carbon_listings_api.TestCarbonListingsStats" name="test_get_stats_public" time="0.348" /><testcase classname="backend.tests.test_carbon_listings_api.TestCarbonListingsApprovalWorkflow" name="test_full_approval_workflow" time="2.143" /><testcase classname="backend.tests.test_carbon_listings_api.TestCarbonListingsReject" name="test_reject_listing" time="1.643" /><testcase classname="backend.tests.test_carbon_listings_api.TestCarbonMarketplace" name="test_get_carbon_credits_public" time="0.157" /><testcase classname="backend.tests.test_carbon_listings_api.TestQRCodeRemoval" name="test_qrcode_route_removed" time="0.584" /></testsuite></testsuites>