<?xml version="1.0" encoding="utf-8"?><testsuites name="pytest tests"><testsuite name="pytest" errors="0" failures="1" skipped="0" tests="12" time="9.841" timestamp="2026-03-18T03:03:20.862339+00:00" hostname="agent-env-9896cf1c-4419-4831-9429-160ab9449893"><testcase classname="tests.test_email_notifications_iteration37.TestEmailNotifications" name="test_01_admin_login_success" time="1.266" /><testcase classname="tests.test_email_notifications_iteration37.TestEmailNotifications" name="test_02_submit_quote_for_testing" time="1.444" /><testcase classname="tests.test_email_notifications_iteration37.TestEmailNotifications" name="test_03_get_pending_quotes" time="0.504" /><testcase classname="tests.test_email_notifications_iteration37.TestEmailNotifications" name="test_04_approve_quote_triggers_email" time="1.079" /><testcase classname="tests.test_email_notifications_iteration37.TestEmailNotifications" name="test_05_reject_quote_triggers_email" time="0.826" /><testcase classname="tests.test_email_notifications_iteration37.TestEmailNotifications" name="test_06_suspend_account_triggers_email" time="1.873" /><testcase classname="tests.test_email_notifications_iteration37.TestEmailNotifications" name="test_07_activate_account_triggers_email" time="1.162" /><testcase classname="tests.test_email_notifications_iteration37.TestPricingPlansAPI" name="test_pricing_plans_endpoint" time="0.185"><failure message="AssertionError: Missing plan: Producteurs&#10;assert 'Producteurs' in []">tests/test_email_notifications_iteration37.py:303: in test_pricing_plans_endpoint
    assert name in plan_names, f"Missing plan: {name}"
E   AssertionError: Missing plan: Producteurs
E   assert 'Producteurs' in []</failure></testcase><testcase classname="tests.test_email_notifications_iteration37.TestPricingPlansAPI" name="test_free_plans_have_correct_price" time="0.189" /><testcase classname="tests.test_email_notifications_iteration37.TestPricingPlansAPI" name="test_paid_plans_have_devis_pricing" time="0.185" /><testcase classname="tests.test_email_notifications_iteration37.TestSubscriptionEndpoints" name="test_my_subscription_shows_trial_info" time="0.735" /><testcase classname="tests.test_email_notifications_iteration37.TestSubscriptionEndpoints" name="test_my_quotes_endpoint" time="0.291" /></testsuite></testsuites>