<?xml version="1.0" encoding="utf-8"?><testsuites name="pytest tests"><testsuite name="pytest" errors="0" failures="0" skipped="0" tests="11" time="6.731" timestamp="2026-03-18T01:09:12.116676+00:00" hostname="agent-env-9d3a350e-1e23-421d-abba-8d03c2db9b61"><testcase classname="backend.tests.test_ici_profile.TestICIProfileEndpoints" name="test_get_ici_profile_as_cooperative" time="1.702" /><testcase classname="backend.tests.test_ici_profile.TestICIProfileEndpoints" name="test_get_ici_profile_as_field_agent" time="0.826" /><testcase classname="backend.tests.test_ici_profile.TestICIProfileEndpoints" name="test_post_ici_profile_with_children_details" time="0.528" /><testcase classname="backend.tests.test_ici_profile.TestICIProfileEndpoints" name="test_post_ici_profile_as_field_agent" time="0.507" /><testcase classname="backend.tests.test_ici_profile.TestICIProfileEndpoints" name="test_get_ici_profile_returns_liste_enfants" time="0.294" /><testcase classname="backend.tests.test_ici_profile.TestICIProfileEndpoints" name="test_ici_profile_risk_score_calculation" time="0.822" /><testcase classname="backend.tests.test_ici_profile.TestICIProfileEndpoints" name="test_ici_profile_unauthorized_without_token" time="0.131" /><testcase classname="backend.tests.test_ici_profile.TestICIProfileEndpoints" name="test_ici_profile_farmer_not_found" time="0.288" /><testcase classname="backend.tests.test_ici_profile.TestICIChildDetailModel" name="test_child_detail_sexe_values" time="0.483" /><testcase classname="backend.tests.test_ici_profile.TestICIChildDetailModel" name="test_child_age_validation" time="0.225" /><testcase classname="backend.tests.test_ici_profile.TestICIProfileRetrievalWithTestData" name="test_verify_test_data_children" time="0.802" /></testsuite></testsuites>