<?xml version="1.0" encoding="utf-8"?><testsuites name="pytest tests"><testsuite name="pytest" errors="0" failures="0" skipped="3" tests="18" time="21.415" timestamp="2026-03-18T02:49:17.802636+00:00" hostname="agent-env-9896cf1c-4419-4831-9429-160ab9449893"><testcase classname="backend.tests.test_devis_subscription_api.TestAuthSetup" name="test_admin_login" time="1.257" /><testcase classname="backend.tests.test_devis_subscription_api.TestAuthSetup" name="test_supplier_login" time="0.506" /><testcase classname="backend.tests.test_devis_subscription_api.TestSupplierSubscription" name="test_get_my_subscription" time="0.741" /><testcase classname="backend.tests.test_devis_subscription_api.TestSupplierSubscription" name="test_get_trial_status" time="0.782" /><testcase classname="backend.tests.test_devis_subscription_api.TestSupplierSubscription" name="test_subscription_plans" time="0.626" /><testcase classname="backend.tests.test_devis_subscription_api.TestQuoteSubmission" name="test_get_my_quotes" time="0.750" /><testcase classname="backend.tests.test_devis_subscription_api.TestQuoteSubmission" name="test_submit_quote_form" time="1.168" /><testcase classname="backend.tests.test_devis_subscription_api.TestAdminQuoteManagement" name="test_list_all_quotes_with_stats" time="1.005" /><testcase classname="backend.tests.test_devis_subscription_api.TestAdminQuoteManagement" name="test_filter_quotes_by_status" time="1.989" /><testcase classname="backend.tests.test_devis_subscription_api.TestAdminQuoteManagement" name="test_list_devis_accounts" time="1.507" /><testcase classname="backend.tests.test_devis_subscription_api.TestAdminQuoteActions" name="test_approve_quote_endpoint_structure" time="1.511" /><testcase classname="backend.tests.test_devis_subscription_api.TestAdminQuoteActions" name="test_reject_quote_endpoint_structure" time="1.260" /><testcase classname="backend.tests.test_devis_subscription_api.TestAdminAccountActions" name="test_activate_account_endpoint" time="1.975" /><testcase classname="backend.tests.test_devis_subscription_api.TestAdminAccountActions" name="test_suspend_account_endpoint" time="3.257" /><testcase classname="backend.tests.test_devis_subscription_api.TestAdminAccountActions" name="test_delete_account_endpoint" time="1.967" /><testcase classname="backend.tests.test_devis_subscription_api.TestNonAdminAccessControl" name="test_supplier_cannot_list_admin_quotes" time="0.430"><skipped type="pytest.skip" message="Supplier authentication failed">/app/backend/tests/test_devis_subscription_api.py:444: Supplier authentication failed</skipped></testcase><testcase classname="backend.tests.test_devis_subscription_api.TestNonAdminAccessControl" name="test_supplier_cannot_list_devis_accounts" time="0.144"><skipped type="pytest.skip" message="Supplier authentication failed">/app/backend/tests/test_devis_subscription_api.py:451: Supplier authentication failed</skipped></testcase><testcase classname="backend.tests.test_devis_subscription_api.TestNonAdminAccessControl" name="test_supplier_cannot_modify_accounts" time="0.452"><skipped type="pytest.skip" message="Supplier authentication failed">/app/backend/tests/test_devis_subscription_api.py:458: Supplier authentication failed</skipped></testcase></testsuite></testsuites>