<?xml version="1.0" encoding="utf-8"?><testsuites name="pytest tests"><testsuite name="pytest" errors="0" failures="0" skipped="0" tests="5" time="4.734" timestamp="2026-04-06T15:33:15.534577+00:00" hostname="agent-env-ba7e477a-ff4e-4d8b-afe2-08bbe755d25f"><testcase classname="tests.test_security_privilege_escalation" name="test_cannot_escalate_via_profile_update" time="1.041" /><testcase classname="tests.test_security_privilege_escalation" name="test_cannot_inject_forbidden_fields" time="0.586" /><testcase classname="tests.test_security_privilege_escalation" name="test_admin_endpoints_require_admin_role" time="0.234" /><testcase classname="tests.test_security_privilege_escalation" name="test_change_password_flow" time="2.035" /><testcase classname="tests.test_security_privilege_escalation" name="test_change_password_validations" time="0.710" /></testsuite></testsuites>