<?xml version="1.0" encoding="utf-8"?><testsuites name="pytest tests"><testsuite name="pytest" errors="0" failures="0" skipped="0" tests="15" time="7.538" timestamp="2026-03-24T11:16:28.328064+00:00" hostname="agent-env-0cd91f1e-76cc-4bc6-b738-43f5dea1ca39"><testcase classname="backend.tests.test_ussd_menu_overhaul_iteration64.TestUSSDWelcomeMenu" name="test_welcome_menu_initial" time="0.126" /><testcase classname="backend.tests.test_ussd_menu_overhaul_iteration64.TestUSSDRecognition" name="test_existing_farmer_recognition" time="0.276" /><testcase classname="backend.tests.test_ussd_menu_overhaul_iteration64.TestUSSDRegistrationFlow" name="test_registration_flow_complete" time="0.823" /><testcase classname="backend.tests.test_ussd_menu_overhaul_iteration64.TestUSSDSimpleEstimation" name="test_simple_estimation_flow" time="1.093" /><testcase classname="backend.tests.test_ussd_menu_overhaul_iteration64.TestUSSDDetailedEstimation" name="test_detailed_estimation_flow" time="1.511" /><testcase classname="backend.tests.test_ussd_menu_overhaul_iteration64.TestUSSDEstimationResultOptions" name="test_estimation_result_options" time="1.041" /><testcase classname="backend.tests.test_ussd_menu_overhaul_iteration64.TestWebRegistration" name="test_web_registration_success" time="0.344" /><testcase classname="backend.tests.test_ussd_menu_overhaul_iteration64.TestWebRegistration" name="test_web_registration_duplicate_phone" time="0.689" /><testcase classname="backend.tests.test_ussd_menu_overhaul_iteration64.TestWebRegistration" name="test_web_registration_invalid_pin" time="0.416" /><testcase classname="backend.tests.test_ussd_menu_overhaul_iteration64.TestGetRegistrations" name="test_get_registrations" time="0.221" /><testcase classname="backend.tests.test_ussd_menu_overhaul_iteration64.TestGetRegistrations" name="test_get_registrations_with_limit" time="0.230" /><testcase classname="backend.tests.test_ussd_menu_overhaul_iteration64.TestHomepageCalculator" name="test_calculate_premium_basic" time="0.184" /><testcase classname="backend.tests.test_ussd_menu_overhaul_iteration64.TestHomepageCalculator" name="test_calculate_premium_with_all_practices" time="0.159" /><testcase classname="backend.tests.test_ussd_menu_overhaul_iteration64.TestHomepageCalculator" name="test_calculate_premium_low_score" time="0.156" /><testcase classname="backend.tests.test_ussd_menu_overhaul_iteration64.TestUSSDHelpOption" name="test_help_option" time="0.215" /></testsuite></testsuites>