<?xml version="1.0" encoding="utf-8"?><testsuites name="pytest tests"><testsuite name="pytest" errors="0" failures="0" skipped="0" tests="19" time="13.944" timestamp="2026-03-21T01:58:57.832196+00:00" hostname="agent-env-7fd0667f-beeb-468d-a35e-86e3f59e64db"><testcase classname="backend.tests.test_ici_form_bugs_iteration48.TestAuthenticationEndpoints" name="test_field_agent_login_with_phone" time="1.232" /><testcase classname="backend.tests.test_ici_form_bugs_iteration48.TestAuthenticationEndpoints" name="test_cooperative_login_with_email" time="0.479" /><testcase classname="backend.tests.test_ici_form_bugs_iteration48.TestBug4CompletionCounter" name="test_my_farmers_returns_farmers" time="1.149" /><testcase classname="backend.tests.test_ici_form_bugs_iteration48.TestBug4CompletionCounter" name="test_completion_counter_shows_5_5_for_koffi" time="0.703" /><testcase classname="backend.tests.test_ici_form_bugs_iteration48.TestBug4CompletionCounter" name="test_completion_counter_shows_5_5_for_kinda" time="0.685" /><testcase classname="backend.tests.test_ici_form_bugs_iteration48.TestBug4CompletionCounter" name="test_forms_status_structure" time="0.693" /><testcase classname="backend.tests.test_ici_form_bugs_iteration48.TestBug2TailleMenage" name="test_ici_profile_accepts_taille_menage" time="1.220" /><testcase classname="backend.tests.test_ici_form_bugs_iteration48.TestBug2TailleMenage" name="test_ici_profile_rejects_taille_menage_zero" time="0.249" /><testcase classname="backend.tests.test_ici_form_bugs_iteration48.TestBug2TailleMenage" name="test_ici_profile_get_returns_taille_menage" time="1.033" /><testcase classname="backend.tests.test_ici_form_bugs_iteration48.TestBug3CrossFormSync" name="test_ssrte_visit_syncs_taille_menage_to_ici" time="1.415" /><testcase classname="backend.tests.test_ici_form_bugs_iteration48.TestBug3CrossFormSync" name="test_ici_profile_prefills_from_ssrte_when_no_profile" time="0.240" /><testcase classname="backend.tests.test_ici_form_bugs_iteration48.TestBug5AutoUpdateCompletion" name="test_farmer_with_5_5_has_all_forms_complete_flag" time="0.686" /><testcase classname="backend.tests.test_ici_form_bugs_iteration48.TestBug5AutoUpdateCompletion" name="test_completion_triggers_on_ici_save" time="0.821" /><testcase classname="backend.tests.test_ici_form_bugs_iteration48.TestSSRTEVisitEndpoint" name="test_ssrte_visit_post_success" time="0.862" /><testcase classname="backend.tests.test_ici_form_bugs_iteration48.TestSSRTEVisitEndpoint" name="test_ssrte_visit_with_children_details" time="0.717" /><testcase classname="backend.tests.test_ici_form_bugs_iteration48.TestICIProfileEndpoints" name="test_ici_profile_get_existing" time="0.243" /><testcase classname="backend.tests.test_ici_form_bugs_iteration48.TestICIProfileEndpoints" name="test_ici_profile_post_with_household_children" time="0.738" /><testcase classname="backend.tests.test_ici_form_bugs_iteration48.TestFieldAgentDashboard" name="test_field_agent_dashboard_access" time="0.404" /><testcase classname="backend.tests.test_ici_form_bugs_iteration48.TestFieldAgentDashboard" name="test_field_agent_my_visits" time="0.297" /></testsuite></testsuites>