<?xml version="1.0" encoding="utf-8"?><testsuites name="pytest tests"><testsuite name="pytest" errors="0" failures="0" skipped="0" tests="7" time="9.331" timestamp="2026-03-21T14:08:06.273229+00:00" hostname="agent-env-5674eac0-6888-4b35-8d83-c2c0b21589fd"><testcase classname="backend.tests.test_push_notifications_iteration53.TestPushNotificationsFeature" name="test_01_cooperative_login" time="1.345" /><testcase classname="backend.tests.test_push_notifications_iteration53.TestPushNotificationsFeature" name="test_02_get_unread_count" time="0.636" /><testcase classname="backend.tests.test_push_notifications_iteration53.TestPushNotificationsFeature" name="test_03_get_notification_history" time="0.670" /><testcase classname="backend.tests.test_push_notifications_iteration53.TestPushNotificationsFeature" name="test_04_create_parcel_triggers_notification" time="2.429" /><testcase classname="backend.tests.test_push_notifications_iteration53.TestPushNotificationsFeature" name="test_05_mark_notification_read" time="1.067" /><testcase classname="backend.tests.test_push_notifications_iteration53.TestPushNotificationsFeature" name="test_06_mark_all_notifications_read" time="0.839" /><testcase classname="backend.tests.test_push_notifications_iteration53.TestPushNotificationsFeature" name="test_07_notification_structure_validation" time="2.268" /></testsuite></testsuites>