<?xml version="1.0" encoding="utf-8"?><testsuites name="pytest tests"><testsuite name="pytest" errors="0" failures="0" skipped="0" tests="17" time="6.545" timestamp="2026-03-03T13:11:28.941314+00:00" hostname="agent-env-551c598f-5c0e-4bea-8239-d67855ceae76"><testcase classname="tests.test_messaging_api.TestMessagingAuth" name="test_admin_login_success" time="0.488" /><testcase classname="tests.test_messaging_api.TestMessagingAuth" name="test_coop_login_success" time="0.464" /><testcase classname="tests.test_messaging_api.TestMessagingStatsAPI" name="test_stats_admin" time="0.882" /><testcase classname="tests.test_messaging_api.TestMessagingStatsAPI" name="test_stats_coop" time="0.887" /><testcase classname="tests.test_messaging_api.TestMessagingStatsAPI" name="test_stats_unauthorized" time="0.101" /><testcase classname="tests.test_messaging_api.TestMessagingConversationsAPI" name="test_list_conversations_admin" time="0.457" /><testcase classname="tests.test_messaging_api.TestMessagingConversationsAPI" name="test_list_conversations_coop" time="0.511" /><testcase classname="tests.test_messaging_api.TestMessagingConversationsAPI" name="test_list_conversations_archived" time="0.227" /><testcase classname="tests.test_messaging_api.TestMessagingConversationsAPI" name="test_list_conversations_unauthorized" time="0.110" /><testcase classname="tests.test_messaging_api.TestMessagingBlockedUsersAPI" name="test_list_blocked_users" time="0.218" /><testcase classname="tests.test_messaging_api.TestMessagingBlockedUsersAPI" name="test_block_user_self_error" time="0.580" /><testcase classname="tests.test_messaging_api.TestMessagingConversationCreation" name="test_create_conversation_without_listing" time="0.252" /><testcase classname="tests.test_messaging_api.TestMessagingConversationCreation" name="test_create_conversation_self_message_error" time="0.401" /><testcase classname="tests.test_messaging_api.TestMessagingConversationDetail" name="test_get_nonexistent_conversation" time="0.222" /><testcase classname="tests.test_messaging_api.TestMessagingConversationDetail" name="test_get_messages_nonexistent_conversation" time="0.218" /><testcase classname="tests.test_messaging_api.TestMessagingReportAPI" name="test_report_invalid_message" time="0.246" /><testcase classname="tests.test_messaging_api.TestMessagingDeleteAPI" name="test_delete_nonexistent_message" time="0.218" /></testsuite></testsuites>