<?xml version="1.0" encoding="utf-8"?><testsuites name="pytest tests"><testsuite name="pytest" errors="0" failures="0" skipped="3" tests="22" time="9.055" timestamp="2026-04-09T03:45:28.576830+00:00" hostname="agent-env-c2007288-346b-4b80-96b9-4209479c8ce2"><testcase classname="backend.tests.test_ars1000_recoltes_registres_iteration119.TestHarvestDeclarations" name="test_farmer_create_declaration" time="1.162" /><testcase classname="backend.tests.test_ars1000_recoltes_registres_iteration119.TestHarvestDeclarations" name="test_farmer_list_declarations" time="0.281" /><testcase classname="backend.tests.test_ars1000_recoltes_registres_iteration119.TestHarvestDeclarations" name="test_coop_list_declarations" time="0.695" /><testcase classname="backend.tests.test_ars1000_recoltes_registres_iteration119.TestHarvestDeclarations" name="test_coop_validate_declaration" time="0.687" /><testcase classname="backend.tests.test_ars1000_recoltes_registres_iteration119.TestHarvestDeclarations" name="test_coop_reject_declaration" time="0.719" /><testcase classname="backend.tests.test_ars1000_recoltes_registres_iteration119.TestHarvestDeclarations" name="test_cannot_validate_already_processed" time="0.765" /><testcase classname="backend.tests.test_ars1000_recoltes_registres_iteration119.TestHarvestDeclarations" name="test_farmer_cannot_validate" time="0.169" /><testcase classname="backend.tests.test_ars1000_recoltes_registres_iteration119.TestReclamationStatusManagement" name="test_add_reclamation" time="0.620" /><testcase classname="backend.tests.test_ars1000_recoltes_registres_iteration119.TestReclamationStatusManagement" name="test_update_reclamation_status_en_cours" time="0.255" /><testcase classname="backend.tests.test_ars1000_recoltes_registres_iteration119.TestReclamationStatusManagement" name="test_update_reclamation_status_resolue" time="0.243" /><testcase classname="backend.tests.test_ars1000_recoltes_registres_iteration119.TestReclamationStatusManagement" name="test_update_reclamation_invalid_status" time="0.173" /><testcase classname="backend.tests.test_ars1000_recoltes_registres_iteration119.TestReclamationStatusManagement" name="test_delete_reclamation" time="0.417" /><testcase classname="backend.tests.test_ars1000_recoltes_registres_iteration119.TestRisqueStatusManagement" name="test_add_risque" time="0.636" /><testcase classname="backend.tests.test_ars1000_recoltes_registres_iteration119.TestRisqueStatusManagement" name="test_update_risque_status_en_traitement" time="0.225" /><testcase classname="backend.tests.test_ars1000_recoltes_registres_iteration119.TestRisqueStatusManagement" name="test_update_risque_status_attenue" time="0.218" /><testcase classname="backend.tests.test_ars1000_recoltes_registres_iteration119.TestRisqueStatusManagement" name="test_update_risque_invalid_status" time="0.176" /><testcase classname="backend.tests.test_ars1000_recoltes_registres_iteration119.TestRisqueStatusManagement" name="test_delete_risque" time="0.455" /><testcase classname="backend.tests.test_ars1000_recoltes_registres_iteration119.TestImpartialiteDeclarations" name="test_add_impartialite_declaration" time="0.660" /><testcase classname="backend.tests.test_ars1000_recoltes_registres_iteration119.TestImpartialiteDeclarations" name="test_list_impartialite_declarations" time="0.197" /><testcase classname="backend.tests.test_ars1000_recoltes_registres_iteration119.TestImpartialiteDeclarations" name="test_farmer_cannot_add_impartialite" time="0.101"><skipped type="pytest.skip" message="Farmer authentication failed">/app/backend/tests/test_ars1000_recoltes_registres_iteration119.py:559: Farmer authentication failed</skipped></testcase><testcase classname="backend.tests.test_ars1000_recoltes_registres_iteration119.TestGradeCalculation" name="test_grade_a_excellent_quality" time="0.105"><skipped type="pytest.skip" message="Farmer authentication failed">/app/backend/tests/test_ars1000_recoltes_registres_iteration119.py:586: Farmer authentication failed</skipped></testcase><testcase classname="backend.tests.test_ars1000_recoltes_registres_iteration119.TestGradeCalculation" name="test_grade_d_poor_quality" time="0.000"><skipped type="pytest.skip" message="Farmer authentication failed">/app/backend/tests/test_ars1000_recoltes_registres_iteration119.py:614: Farmer authentication failed</skipped></testcase></testsuite></testsuites>