<?xml version="1.0" encoding="utf-8"?><testsuites name="pytest tests"><testsuite name="pytest" errors="0" failures="0" skipped="0" tests="12" time="14.369" timestamp="2026-03-24T14:11:44.301861+00:00" hostname="agent-env-56581237-adbe-4414-81a7-96759de9946c"><testcase classname="backend.tests.test_farmer_registration_iteration70.TestFarmerRegistrationIteration70" name="test_create_member_without_pin_returns_error" time="1.409" /><testcase classname="backend.tests.test_farmer_registration_iteration70.TestFarmerRegistrationIteration70" name="test_create_member_with_invalid_pin_returns_error" time="1.018" /><testcase classname="backend.tests.test_farmer_registration_iteration70.TestFarmerRegistrationIteration70" name="test_create_member_with_valid_pin_and_hectares" time="1.079" /><testcase classname="backend.tests.test_farmer_registration_iteration70.TestFarmerRegistrationIteration70" name="test_ussd_registrations_entry_created" time="1.072" /><testcase classname="backend.tests.test_farmer_registration_iteration70.TestFarmerRegistrationIteration70" name="test_get_activation_stats" time="0.776" /><testcase classname="backend.tests.test_farmer_registration_iteration70.TestFarmerRegistrationIteration70" name="test_activation_stats_includes_pending_list" time="0.731" /><testcase classname="backend.tests.test_farmer_registration_iteration70.TestFarmerRegistrationIteration70" name="test_send_activation_reminder" time="1.267" /><testcase classname="backend.tests.test_farmer_registration_iteration70.TestFarmerRegistrationIteration70" name="test_send_reminder_to_nonexistent_member_returns_404" time="0.743" /><testcase classname="backend.tests.test_farmer_registration_iteration70.TestFarmerRegistrationIteration70" name="test_send_reminder_to_already_activated_member_returns_400" time="1.028" /><testcase classname="backend.tests.test_farmer_registration_iteration70.TestFarmerRegistrationIteration70" name="test_member_activation_gets_code_planteur" time="1.857" /><testcase classname="backend.tests.test_farmer_registration_iteration70.TestFarmerRegistrationIteration70" name="test_ussd_recognizes_coop_created_farmer" time="1.299" /><testcase classname="backend.tests.test_farmer_registration_iteration70.TestMembersListWithActivationInfo" name="test_members_list_includes_pin_configured" time="2.010" /></testsuite></testsuites>