<?xml version="1.0" encoding="utf-8"?><testsuites name="pytest tests"><testsuite name="pytest" errors="0" failures="0" skipped="0" tests="16" time="12.991" timestamp="2026-03-18T04:10:06.944526+00:00" hostname="agent-env-f908683b-ba17-4a23-84e2-75d5533b9ce5"><testcase classname="tests.test_rse_dashboard_carbon_iteration39.TestRSEDashboardStats" name="test_rse_dashboard_stats_requires_auth" time="0.129" /><testcase classname="tests.test_rse_dashboard_carbon_iteration39.TestRSEDashboardStats" name="test_rse_dashboard_stats_returns_all_sections" time="2.441" /><testcase classname="tests.test_rse_dashboard_carbon_iteration39.TestRSEDashboardStats" name="test_eudr_compliance_fields" time="1.305" /><testcase classname="tests.test_rse_dashboard_carbon_iteration39.TestRSEDashboardStats" name="test_child_labor_monitoring_fields" time="1.312" /><testcase classname="tests.test_rse_dashboard_carbon_iteration39.TestRSEDashboardStats" name="test_esg_score_fields" time="1.314" /><testcase classname="tests.test_rse_dashboard_carbon_iteration39.TestRSEDashboardStats" name="test_traceability_fields" time="1.317" /><testcase classname="tests.test_rse_dashboard_carbon_iteration39.TestRSEDashboardStats" name="test_carbon_market_fields" time="1.290" /><testcase classname="tests.test_rse_dashboard_carbon_iteration39.TestRSEDashboardStats" name="test_my_impact_fields" time="1.294" /><testcase classname="tests.test_rse_dashboard_carbon_iteration39.TestCarbonListingsSubmit" name="test_submit_requires_auth" time="0.152" /><testcase classname="tests.test_rse_dashboard_carbon_iteration39.TestCarbonListingsSubmit" name="test_submit_basic_carbon_listing" time="0.785" /><testcase classname="tests.test_rse_dashboard_carbon_iteration39.TestCarbonListingsSubmit" name="test_submit_with_new_esg_fields" time="0.312" /><testcase classname="tests.test_rse_dashboard_carbon_iteration39.TestCarbonListingsSubmit" name="test_submit_validates_required_fields" time="0.170" /><testcase classname="tests.test_rse_dashboard_carbon_iteration39.TestCarbonListingsSubmit" name="test_my_listings_returns_submissions" time="0.253" /><testcase classname="tests.test_rse_dashboard_carbon_iteration39.TestCarbonListingsStats" name="test_stats_endpoint" time="0.441" /><testcase classname="tests.test_rse_dashboard_carbon_iteration39.TestCarbonListingsStats" name="test_carbon_price_endpoint" time="0.181" /><testcase classname="tests.test_rse_dashboard_carbon_iteration39.TestSimulatePremium" name="test_simulate_premium" time="0.180" /></testsuite></testsuites>