<?xml version="1.0" encoding="utf-8"?><testsuites name="pytest tests"><testsuite name="pytest" errors="0" failures="0" skipped="0" tests="11" time="7.467" timestamp="2026-03-18T02:33:20.537190+00:00" hostname="agent-env-9896cf1c-4419-4831-9429-160ab9449893"><testcase classname="backend.tests.test_form_completion_tracking.TestFormCompletionTracking" name="test_my_farmers_endpoint_returns_200" time="1.734" /><testcase classname="backend.tests.test_form_completion_tracking.TestFormCompletionTracking" name="test_my_farmers_response_structure" time="0.626" /><testcase classname="backend.tests.test_form_completion_tracking.TestFormCompletionTracking" name="test_farmer_has_forms_status_field" time="0.606" /><testcase classname="backend.tests.test_form_completion_tracking.TestFormCompletionTracking" name="test_farmer_has_completion_field" time="0.599" /><testcase classname="backend.tests.test_form_completion_tracking.TestFormCompletionTracking" name="test_ici_completion_status_correct" time="0.599" /><testcase classname="backend.tests.test_form_completion_tracking.TestFormCompletionTracking" name="test_completion_percentage_for_balde_ibo" time="0.604" /><testcase classname="backend.tests.test_form_completion_tracking.TestFormCompletionTracking" name="test_completion_percentage_for_koffi" time="0.636" /><testcase classname="backend.tests.test_form_completion_tracking.TestFormCompletionTracking" name="test_register_completion_based_on_status" time="0.637" /><testcase classname="backend.tests.test_form_completion_tracking.TestFormCompletionTracking" name="test_forms_have_correct_labels" time="0.612" /><testcase classname="backend.tests.test_form_completion_tracking.TestFormCompletionTracking" name="test_ssrte_and_photos_have_count_field" time="0.598" /><testcase classname="backend.tests.test_form_completion_tracking.TestFormCompletionTracking" name="test_unauthorized_access_rejected" time="0.147" /></testsuite></testsuites>