<?xml version="1.0" encoding="utf-8"?><testsuites name="pytest tests"><testsuite name="pytest" errors="0" failures="0" skipped="0" tests="10" time="2.458" timestamp="2026-03-17T14:23:47.163435+00:00" hostname="agent-env-471469bd-088a-40ed-9cec-4faf623068f4"><testcase classname="tests.test_ussd_carbon_calculator.TestUSSDCarbonCalculatorAPI" name="test_initial_session_returns_q1" time="0.286" /><testcase classname="tests.test_ussd_carbon_calculator.TestUSSDCarbonCalculatorAPI" name="test_full_flow_returns_result" time="0.150" /><testcase classname="tests.test_ussd_carbon_calculator.TestUSSDCarbonCalculatorAPI" name="test_partial_flow_returns_next_question" time="0.140" /><testcase classname="tests.test_ussd_carbon_calculator.TestUSSDCarbonCalculatorAPI" name="test_invalid_answer_returns_error_and_repeats" time="0.127" /><testcase classname="tests.test_ussd_carbon_calculator.TestUSSDCarbonCalculatorAPI" name="test_invalid_choice_in_middle" time="0.134" /><testcase classname="tests.test_ussd_carbon_calculator.TestUSSDCarbonCalculatorAPI" name="test_cafe_culture_flow" time="0.145" /><testcase classname="tests.test_ussd_carbon_calculator.TestUSSDCarbonCalculatorAPI" name="test_anacarde_culture_flow" time="0.165" /><testcase classname="tests.test_ussd_carbon_calculator.TestUSSDCarbonCalculatorAPI" name="test_low_score_not_eligible" time="0.165" /><testcase classname="tests.test_ussd_carbon_calculator.TestUSSDCarbonCalculatorAPI" name="test_single_answer_returns_q2" time="0.130" /><testcase classname="tests.test_ussd_carbon_calculator.TestUSSDCarbonCalculatorAPI" name="test_step_progression" time="0.944" /></testsuite></testsuites>