<?xml version="1.0" encoding="utf-8"?><testsuites name="pytest tests"><testsuite name="pytest" errors="0" failures="3" skipped="7" tests="20" time="25.288" timestamp="2026-02-28T05:07:52.209766+00:00" hostname="agent-env-c7b855e2-b907-4bc7-8348-d794c6bd81a2"><testcase classname="tests.test_billing_api.TestBillingAuth" name="test_billing_dashboard_requires_auth" time="0.171"><failure message="AssertionError: Expected 401, got 403&#10;assert 403 == 401&#10; +  where 403 = &lt;Response [403]&gt;.status_code">tests/test_billing_api.py:29: in test_billing_dashboard_requires_auth
    assert response.status_code == 401, f"Expected 401, got {response.status_code}"
E   AssertionError: Expected 401, got 403
E   assert 403 == 401
E    +  where 403 = &lt;Response [403]&gt;.status_code</failure></testcase><testcase classname="tests.test_billing_api.TestBillingAuth" name="test_billing_invoices_requires_auth" time="0.107"><failure message="AssertionError: Expected 401, got 403&#10;assert 403 == 401&#10; +  where 403 = &lt;Response [403]&gt;.status_code">tests/test_billing_api.py:35: in test_billing_invoices_requires_auth
    assert response.status_code == 401, f"Expected 401, got {response.status_code}"
E   AssertionError: Expected 401, got 403
E   assert 403 == 401
E    +  where 403 = &lt;Response [403]&gt;.status_code</failure></testcase><testcase classname="tests.test_billing_api.TestBillingAuth" name="test_billing_distributions_requires_auth" time="0.128"><failure message="AssertionError: Expected 401, got 403&#10;assert 403 == 401&#10; +  where 403 = &lt;Response [403]&gt;.status_code">tests/test_billing_api.py:41: in test_billing_distributions_requires_auth
    assert response.status_code == 401, f"Expected 401, got {response.status_code}"
E   AssertionError: Expected 401, got 403
E   assert 403 == 401
E    +  where 403 = &lt;Response [403]&gt;.status_code</failure></testcase><testcase classname="tests.test_billing_api.TestBillingDashboard" name="test_get_billing_dashboard_success" time="2.228" /><testcase classname="tests.test_billing_api.TestBillingDashboard" name="test_dashboard_data_types" time="1.617" /><testcase classname="tests.test_billing_api.TestInvoicesAPI" name="test_get_invoices_list" time="1.577" /><testcase classname="tests.test_billing_api.TestInvoicesAPI" name="test_get_invoices_with_status_filter" time="1.545" /><testcase classname="tests.test_billing_api.TestInvoicesAPI" name="test_create_invoice_success" time="1.593" /><testcase classname="tests.test_billing_api.TestInvoicesAPI" name="test_create_invoice_validation" time="1.487" /><testcase classname="tests.test_billing_api.TestInvoiceSendAPI" name="test_send_invoice_success" time="1.924" /><testcase classname="tests.test_billing_api.TestInvoiceSendAPI" name="test_send_invoice_not_found" time="1.776" /><testcase classname="tests.test_billing_api.TestPaymentsAPI" name="test_record_payment_success" time="1.110"><skipped type="pytest.skip" message="Admin login failed: 429">/app/backend/tests/test_billing_api.py:333: Admin login failed: 429</skipped></testcase><testcase classname="tests.test_billing_api.TestPaymentsAPI" name="test_record_full_payment" time="1.107"><skipped type="pytest.skip" message="Admin login failed: 429">/app/backend/tests/test_billing_api.py:364: Admin login failed: 429</skipped></testcase><testcase classname="tests.test_billing_api.TestPaymentsAPI" name="test_record_payment_invalid_invoice" time="1.144"><skipped type="pytest.skip" message="Admin login failed: 429">/app/backend/tests/test_billing_api.py:388: Admin login failed: 429</skipped></testcase><testcase classname="tests.test_billing_api.TestPaymentsAPI" name="test_get_payment_history" time="1.118"><skipped type="pytest.skip" message="Admin login failed: 429">/app/backend/tests/test_billing_api.py:402: Admin login failed: 429</skipped></testcase><testcase classname="tests.test_billing_api.TestDistributionsAPI" name="test_get_distributions_list" time="1.531" /><testcase classname="tests.test_billing_api.TestDistributionsAPI" name="test_get_distributions_with_status_filter" time="1.536" /><testcase classname="tests.test_billing_api.TestDistributionsAPI" name="test_get_distribution_detail_not_found" time="1.137"><skipped type="pytest.skip" message="Admin login failed: 429">/app/backend/tests/test_billing_api.py:469: Admin login failed: 429</skipped></testcase><testcase classname="tests.test_billing_api.TestBillingAccessControl" name="test_non_admin_cannot_access_billing" time="1.110"><skipped type="pytest.skip" message="Cooperative user login failed - skipping access control test">/app/backend/tests/test_billing_api.py:497: Cooperative user login failed - skipping access control test</skipped></testcase><testcase classname="tests.test_billing_api.TestPaymentMethods" name="test_payment_methods" time="1.114"><skipped type="pytest.skip" message="Admin login failed">/app/backend/tests/test_billing_api.py:560: Admin login failed</skipped></testcase></testsuite></testsuites>