<?xml version="1.0" encoding="utf-8"?><testsuites name="pytest tests"><testsuite name="pytest" errors="0" failures="0" skipped="0" tests="12" time="4.562" timestamp="2026-04-07T04:16:20.383986+00:00" hostname="agent-env-154a663e-880e-4cf2-92c9-122a35e7d9c3"><testcase classname="backend.tests.test_farmer_parcel_form_iteration112.TestFarmerLogin" name="test_farmer_login_success" time="0.686" /><testcase classname="backend.tests.test_farmer_parcel_form_iteration112.TestParcelCreationWithNewFields" name="test_create_parcel_with_strata_fields" time="0.207" /><testcase classname="backend.tests.test_farmer_parcel_form_iteration112.TestParcelCreationWithNewFields" name="test_create_parcel_accepts_village_field" time="0.206" /><testcase classname="backend.tests.test_farmer_parcel_form_iteration112.TestParcelCreationWithNewFields" name="test_create_parcel_accepts_certification_field" time="0.207" /><testcase classname="backend.tests.test_farmer_parcel_form_iteration112.TestParcelCreationWithNewFields" name="test_create_parcel_accepts_notes_field" time="0.206" /><testcase classname="backend.tests.test_farmer_parcel_form_iteration112.TestParcelCreationWithNewFields" name="test_create_parcel_accepts_couverture_ombragee_field" time="0.206" /><testcase classname="backend.tests.test_farmer_parcel_form_iteration112.TestCarbonScoreCalculation" name="test_carbon_score_uses_full_engine" time="0.206" /><testcase classname="backend.tests.test_farmer_parcel_form_iteration112.TestCarbonScoreCalculation" name="test_carbon_score_includes_strata_weighting" time="0.451" /><testcase classname="backend.tests.test_farmer_parcel_form_iteration112.TestMyParcelsEndpoint" name="test_my_parcels_returns_new_fields" time="0.167" /><testcase classname="backend.tests.test_farmer_parcel_form_iteration112.TestAgentTerrainForm" name="test_agent_terrain_can_still_create_parcels" time="0.528" /><testcase classname="backend.tests.test_farmer_parcel_form_iteration112.TestCooperativeAddParcel" name="test_cooperative_can_still_add_parcels" time="1.424" /><testcase classname="backend.tests.test_farmer_parcel_form_iteration112.TestAutoCalculationFormula" name="test_couverture_auto_calculation_formula" time="0.003" /></testsuite></testsuites>