<?xml version="1.0" encoding="utf-8"?><testsuites name="pytest tests"><testsuite name="pytest" errors="0" failures="0" skipped="0" tests="19" time="17.016" timestamp="2026-03-19T19:00:49.543889+00:00" hostname="agent-env-de39e374-916e-4141-9dd8-924edc1c4943"><testcase classname="backend.tests.test_pdf_csv_exports_iteration45.TestCooperativeEUDRPDF" name="test_eudr_pdf_endpoint_returns_pdf" time="1.605" /><testcase classname="backend.tests.test_pdf_csv_exports_iteration45.TestCooperativeCarbonPDF" name="test_carbon_pdf_endpoint_returns_pdf" time="0.416" /><testcase classname="backend.tests.test_pdf_csv_exports_iteration45.TestCarbonPremiumsExports" name="test_carbon_premiums_report_pdf" time="0.240" /><testcase classname="backend.tests.test_pdf_csv_exports_iteration45.TestCarbonPremiumsExports" name="test_carbon_premiums_export_csv" time="0.224" /><testcase classname="backend.tests.test_pdf_csv_exports_iteration45.TestFarmerCardsPDF" name="test_farmer_cards_pdf_with_members" time="7.181" /><testcase classname="backend.tests.test_pdf_csv_exports_iteration45.TestICIPDFReports" name="test_ici_summary_report_pdf" time="1.242" /><testcase classname="backend.tests.test_pdf_csv_exports_iteration45.TestICIPDFReports" name="test_ici_cooperative_report_pdf" time="0.481" /><testcase classname="backend.tests.test_pdf_csv_exports_iteration45.TestICIPDFReports" name="test_ici_weekly_report_pdf" time="0.393" /><testcase classname="backend.tests.test_pdf_csv_exports_iteration45.TestICIExportCSV" name="test_ici_alerts_csv" time="0.253" /><testcase classname="backend.tests.test_pdf_csv_exports_iteration45.TestICIExportCSV" name="test_ici_ssrte_visits_csv" time="0.269" /><testcase classname="backend.tests.test_pdf_csv_exports_iteration45.TestICIExportCSV" name="test_ici_profiles_csv" time="0.258" /><testcase classname="backend.tests.test_pdf_csv_exports_iteration45.TestSSRTEReports" name="test_ssrte_report_pdf" time="0.985" /><testcase classname="backend.tests.test_pdf_csv_exports_iteration45.TestSSRTEReports" name="test_ssrte_report_csv" time="0.248" /><testcase classname="backend.tests.test_pdf_csv_exports_iteration45.TestPDFReportsEndpoints" name="test_pdf_reports_ici_complete" time="0.979" /><testcase classname="backend.tests.test_pdf_csv_exports_iteration45.TestPDFReportsEndpoints" name="test_pdf_reports_ici_alerts" time="0.365" /><testcase classname="backend.tests.test_pdf_csv_exports_iteration45.TestPDFReportsEndpoints" name="test_pdf_reports_ici_ssrte" time="0.253" /><testcase classname="backend.tests.test_pdf_csv_exports_iteration45.TestLoginRegression" name="test_login_cooperative_email" time="0.502" /><testcase classname="backend.tests.test_pdf_csv_exports_iteration45.TestLoginRegression" name="test_login_cooperative_phone" time="0.542" /><testcase classname="backend.tests.test_pdf_csv_exports_iteration45.TestLoginRegression" name="test_login_admin" time="0.485" /></testsuite></testsuites>