<?xml version="1.0" encoding="utf-8"?><testsuites name="pytest tests"><testsuite name="pytest" errors="0" failures="0" skipped="0" tests="18" time="9.540" timestamp="2026-04-05T13:35:56.953252+00:00" hostname="agent-env-56a42db3-9ca9-4619-be92-36565d5f47c2"><testcase classname="tests.test_mobile_shell_iteration92.TestHealthAndBasics" name="test_health_endpoint" time="0.120" /><testcase classname="tests.test_mobile_shell_iteration92.TestHealthAndBasics" name="test_root_endpoint" time="0.099" /><testcase classname="tests.test_mobile_shell_iteration92.TestAuthentication" name="test_admin_login" time="0.454" /><testcase classname="tests.test_mobile_shell_iteration92.TestFieldAgentDashboard" name="test_field_agent_dashboard_returns_200" time="0.587" /><testcase classname="tests.test_mobile_shell_iteration92.TestFieldAgentDashboard" name="test_field_agent_dashboard_structure" time="0.164" /><testcase classname="tests.test_mobile_shell_iteration92.TestFieldAgentDashboard" name="test_field_agent_dashboard_unauthorized" time="0.104" /><testcase classname="tests.test_mobile_shell_iteration92.TestFieldAgentMyFarmers" name="test_my_farmers_returns_200" time="0.617" /><testcase classname="tests.test_mobile_shell_iteration92.TestFieldAgentMyFarmers" name="test_my_farmers_structure" time="0.226" /><testcase classname="tests.test_mobile_shell_iteration92.TestFieldAgentMyFarmers" name="test_my_farmers_unauthorized" time="0.136" /><testcase classname="tests.test_mobile_shell_iteration92.TestAgentSearch" name="test_agent_search_returns_200" time="0.721" /><testcase classname="tests.test_mobile_shell_iteration92.TestAgentSearch" name="test_agent_search_invalid_phone" time="0.172" /><testcase classname="tests.test_mobile_shell_iteration92.TestAgentSearch" name="test_agent_search_unauthorized" time="0.105" /><testcase classname="tests.test_mobile_shell_iteration92.TestAgentSearch" name="test_agent_search_missing_phone" time="0.135" /><testcase classname="tests.test_mobile_shell_iteration92.TestFieldAgentLeaderboard" name="test_leaderboard_returns_200" time="0.580" /><testcase classname="tests.test_mobile_shell_iteration92.TestFieldAgentMyVisits" name="test_my_visits_returns_200" time="0.625" /><testcase classname="tests.test_mobile_shell_iteration92.TestAgentSyncEndpoints" name="test_sync_download_returns_200" time="3.667" /><testcase classname="tests.test_mobile_shell_iteration92.TestAgentSyncEndpoints" name="test_sync_status_returns_200" time="0.256" /><testcase classname="tests.test_mobile_shell_iteration92.TestAgentDashboardStats" name="test_dashboard_stats_returns_200" time="0.696" /></testsuite></testsuites>