<?xml version="1.0" encoding="utf-8"?><testsuites name="pytest tests"><testsuite name="pytest" errors="0" failures="0" skipped="0" tests="6" time="5.200" timestamp="2026-03-19T15:12:47.400321+00:00" hostname="agent-env-de39e374-916e-4141-9dd8-924edc1c4943"><testcase classname="backend.tests.test_forgot_password_resend_iteration43.TestForgotPasswordResendIntegration" name="test_forgot_password_with_email_traore_eric" time="2.427" /><testcase classname="backend.tests.test_forgot_password_resend_iteration43.TestForgotPasswordResendIntegration" name="test_forgot_password_with_phone_agent" time="0.176" /><testcase classname="backend.tests.test_forgot_password_resend_iteration43.TestForgotPasswordResendIntegration" name="test_forgot_password_nonexistent_user" time="0.115" /><testcase classname="backend.tests.test_forgot_password_resend_iteration43.TestLoginRegression" name="test_login_phone_account_greenlink2024" time="0.465" /><testcase classname="backend.tests.test_forgot_password_resend_iteration43.TestLoginRegression" name="test_login_email_account_admin" time="0.469" /><testcase classname="backend.tests.test_forgot_password_resend_iteration43.TestForgotPasswordWithExistingEmailUser" name="test_forgot_password_admin_email" time="1.490" /></testsuite></testsuites>