<?xml version="1.0" encoding="utf-8"?><testsuites name="pytest tests"><testsuite name="pytest" errors="0" failures="0" skipped="0" tests="13" time="11.025" timestamp="2026-03-17T21:29:22.123304+00:00" hostname="agent-env-9d3a350e-1e23-421d-abba-8d03c2db9b61"><testcase classname="backend.tests.test_farmer_attribution.TestCooperativeAuth" name="test_coop_login_success" time="1.310" /><testcase classname="backend.tests.test_farmer_attribution.TestAgentAuth" name="test_agent_login_success" time="0.505" /><testcase classname="backend.tests.test_farmer_attribution.TestGetAgentsWithAssignedCount" name="test_get_agents_returns_assigned_farmers_count" time="0.781" /><testcase classname="backend.tests.test_farmer_attribution.TestGetAgentsWithAssignedCount" name="test_get_agents_returns_assigned_farmers_list" time="0.238" /><testcase classname="backend.tests.test_farmer_attribution.TestAssignFarmers" name="test_assign_farmer_to_agent" time="0.996" /><testcase classname="backend.tests.test_farmer_attribution.TestAssignFarmers" name="test_assign_empty_list_fails" time="0.249" /><testcase classname="backend.tests.test_farmer_attribution.TestAssignFarmers" name="test_assign_invalid_agent_id" time="0.221" /><testcase classname="backend.tests.test_farmer_attribution.TestGetAssignedFarmers" name="test_get_assigned_farmers" time="1.315" /><testcase classname="backend.tests.test_farmer_attribution.TestGetAssignedFarmers" name="test_get_assigned_farmers_invalid_agent" time="0.207" /><testcase classname="backend.tests.test_farmer_attribution.TestUnassignFarmers" name="test_unassign_farmer" time="1.470" /><testcase classname="backend.tests.test_farmer_attribution.TestUnassignFarmers" name="test_unassign_empty_list_fails" time="0.261" /><testcase classname="backend.tests.test_farmer_attribution.TestFieldAgentMyFarmers" name="test_my_farmers_returns_assigned_farmers" time="1.777" /><testcase classname="backend.tests.test_farmer_attribution.TestReassignment" name="test_reassignment_logic" time="1.562" /></testsuite></testsuites>