<?xml version="1.0" encoding="utf-8"?><testsuites name="pytest tests"><testsuite name="pytest" errors="0" failures="0" skipped="0" tests="20" time="5.687" timestamp="2026-04-11T17:34:58.618674+00:00" hostname="agent-env-d0ac6cac-d43a-444e-86c5-5724eaeb78fc"><testcase classname="backend.tests.test_ars1000_shade_score.TestAuth" name="test_cooperative_login" time="0.498" /><testcase classname="backend.tests.test_ars1000_shade_score.TestShadeScoreEndpoint" name="test_shade_score_endpoint_exists" time="0.626" /><testcase classname="backend.tests.test_ars1000_shade_score.TestShadeScoreEndpoint" name="test_shade_score_returns_score" time="0.208" /><testcase classname="backend.tests.test_ars1000_shade_score.TestShadeScoreEndpoint" name="test_shade_score_returns_conformity" time="0.207" /><testcase classname="backend.tests.test_ars1000_shade_score.TestShadeScoreEndpoint" name="test_shade_score_returns_density" time="0.244" /><testcase classname="backend.tests.test_ars1000_shade_score.TestShadeScoreEndpoint" name="test_shade_score_returns_species_count" time="0.223" /><testcase classname="backend.tests.test_ars1000_shade_score.TestShadeScoreEndpoint" name="test_shade_score_returns_strata" time="0.211" /><testcase classname="backend.tests.test_ars1000_shade_score.TestShadeScoreEndpoint" name="test_shade_score_returns_details" time="0.208" /><testcase classname="backend.tests.test_ars1000_shade_score.TestShadeScoreEndpoint" name="test_shade_score_returns_prime_impact" time="0.239" /><testcase classname="backend.tests.test_ars1000_shade_score.TestShadeScoreEndpoint" name="test_shade_score_test_pdc_is_conforme" time="0.209" /><testcase classname="backend.tests.test_ars1000_shade_score.TestCarbonScoreSimulate" name="test_simulate_accepts_shade_score" time="0.109" /><testcase classname="backend.tests.test_ars1000_shade_score.TestCarbonScoreSimulate" name="test_simulate_shade_bonus_in_details" time="0.105" /><testcase classname="backend.tests.test_ars1000_shade_score.TestCarbonScoreSimulate" name="test_simulate_shade_coefficient_030" time="0.112" /><testcase classname="backend.tests.test_ars1000_shade_score.TestCarbonScoreSimulate" name="test_simulate_shade_max_bonus_1pt" time="0.126" /><testcase classname="backend.tests.test_ars1000_shade_score.TestCarbonScoreSimulate" name="test_simulate_accepts_nombre_especes_ombrage" time="0.133" /><testcase classname="backend.tests.test_ars1000_shade_score.TestCarbonScoreDecomposition" name="test_decomposition_includes_shade_criterion" time="0.106" /><testcase classname="backend.tests.test_ars1000_shade_score.TestAgentsProgress7Forms" name="test_agents_progress_returns_7_forms" time="0.506" /><testcase classname="backend.tests.test_ars1000_shade_score.TestAgentsProgress7Forms" name="test_agents_progress_total_is_7" time="0.507" /><testcase classname="backend.tests.test_ars1000_shade_score.TestFarmerCompletionCheck" name="test_completion_check_includes_pdc" time="0.502" /><testcase classname="backend.tests.test_ars1000_shade_score.TestFarmerCompletionCheck" name="test_completion_check_includes_redd" time="0.529" /></testsuite></testsuites>