<?xml version="1.0" encoding="utf-8"?><testsuites name="pytest tests"><testsuite name="pytest" errors="0" failures="0" skipped="1" tests="7" time="4.522" timestamp="2026-04-10T22:17:00.101964+00:00" hostname="agent-env-2252290b-1230-4dad-8424-bb85f45cb35f"><testcase classname="tests.test_pdc_v2_migration.TestOldPDCRemoved" name="test_old_pdc_endpoint_returns_404" time="0.301" /><testcase classname="tests.test_pdc_v2_migration.TestPDCV2CooperativeAccess" name="test_pdc_v2_list_works" time="1.156" /><testcase classname="tests.test_pdc_v2_migration.TestPDCV2CooperativeAccess" name="test_pdc_v2_stats_works" time="0.872" /><testcase classname="tests.test_pdc_v2_migration.TestPDCV2CooperativeAccess" name="test_pdc_v2_members_available" time="0.659" /><testcase classname="tests.test_pdc_v2_migration.TestPDCV2AgentTerrainAccess" name="test_agent_can_access_pdc_v2_list" time="0.657" /><testcase classname="tests.test_pdc_v2_migration.TestPDCV2PlanteurAccess" name="test_planteur_can_access_pdc_v2_list" time="0.693" /><testcase classname="tests.test_pdc_v2_migration.TestCooperativePDCV2Page" name="test_cooperative_pdc_v2_api_accessible" time="0.125"><skipped type="pytest.skip" message="Cooperative login failed: 429">/app/backend/tests/test_pdc_v2_migration.py:131: Cooperative login failed: 429</skipped></testcase></testsuite></testsuites>