<?xml version="1.0" encoding="utf-8"?><testsuites name="pytest tests"><testsuite name="pytest" errors="0" failures="8" skipped="0" tests="27" time="4.912" timestamp="2026-02-27T23:42:19.504724+00:00" hostname="agent-env-ddf71831-f4ad-44da-977b-bc6db867ce98"><testcase classname="backend.tests.test_admin_analytics.TestAdminAuthValidation" name="test_dashboard_requires_auth" time="0.239"><failure message="AssertionError: Expected 401, got 403&#10;assert 403 == 401&#10; +  where 403 = &lt;Response [403]&gt;.status_code">backend/tests/test_admin_analytics.py:59: in test_dashboard_requires_auth
    assert response.status_code == 401, f"Expected 401, got {response.status_code}"
E   AssertionError: Expected 401, got 403
E   assert 403 == 401
E    +  where 403 = &lt;Response [403]&gt;.status_code</failure></testcase><testcase classname="backend.tests.test_admin_analytics.TestAdminAuthValidation" name="test_dashboard_requires_admin_role" time="0.511" /><testcase classname="backend.tests.test_admin_analytics.TestStrategicDashboard" name="test_dashboard_success" time="0.177" /><testcase classname="backend.tests.test_admin_analytics.TestStrategicDashboard" name="test_dashboard_production_section" time="0.118" /><testcase classname="backend.tests.test_admin_analytics.TestStrategicDashboard" name="test_dashboard_sustainability_section" time="0.134" /><testcase classname="backend.tests.test_admin_analytics.TestStrategicDashboard" name="test_dashboard_eudr_compliance_section" time="0.149" /><testcase classname="backend.tests.test_admin_analytics.TestStrategicDashboard" name="test_dashboard_social_impact_section" time="0.123" /><testcase classname="backend.tests.test_admin_analytics.TestStrategicDashboard" name="test_dashboard_market_section" time="0.125" /><testcase classname="backend.tests.test_admin_analytics.TestStrategicDashboard" name="test_dashboard_macroeconomic_section" time="0.113" /><testcase classname="backend.tests.test_admin_analytics.TestStrategicDashboard" name="test_dashboard_cooperatives_section" time="0.111" /><testcase classname="backend.tests.test_admin_analytics.TestStrategicDashboard" name="test_dashboard_period_filter" time="0.474" /><testcase classname="backend.tests.test_admin_analytics.TestProductionReport" name="test_production_report_success" time="0.114" /><testcase classname="backend.tests.test_admin_analytics.TestProductionReport" name="test_production_report_requires_auth" time="0.118"><failure message="assert 403 == 401&#10; +  where 403 = &lt;Response [403]&gt;.status_code">backend/tests/test_admin_analytics.py:232: in test_production_report_requires_auth
    assert response.status_code == 401
E   assert 403 == 401
E    +  where 403 = &lt;Response [403]&gt;.status_code</failure></testcase><testcase classname="backend.tests.test_admin_analytics.TestCarbonReport" name="test_carbon_report_success" time="0.149" /><testcase classname="backend.tests.test_admin_analytics.TestCarbonReport" name="test_carbon_report_requires_auth" time="0.129"><failure message="assert 403 == 401&#10; +  where 403 = &lt;Response [403]&gt;.status_code">backend/tests/test_admin_analytics.py:260: in test_carbon_report_requires_auth
    assert response.status_code == 401
E   assert 403 == 401
E    +  where 403 = &lt;Response [403]&gt;.status_code</failure></testcase><testcase classname="backend.tests.test_admin_analytics.TestSocialImpactReport" name="test_social_impact_report_success" time="0.111" /><testcase classname="backend.tests.test_admin_analytics.TestSocialImpactReport" name="test_social_impact_report_requires_auth" time="0.128"><failure message="assert 403 == 401&#10; +  where 403 = &lt;Response [403]&gt;.status_code">backend/tests/test_admin_analytics.py:289: in test_social_impact_report_requires_auth
    assert response.status_code == 401
E   assert 403 == 401
E    +  where 403 = &lt;Response [403]&gt;.status_code</failure></testcase><testcase classname="backend.tests.test_admin_analytics.TestTradeReport" name="test_trade_report_success" time="0.166" /><testcase classname="backend.tests.test_admin_analytics.TestTradeReport" name="test_trade_report_requires_auth" time="0.128"><failure message="assert 403 == 401&#10; +  where 403 = &lt;Response [403]&gt;.status_code">backend/tests/test_admin_analytics.py:318: in test_trade_report_requires_auth
    assert response.status_code == 401
E   assert 403 == 401
E    +  where 403 = &lt;Response [403]&gt;.status_code</failure></testcase><testcase classname="backend.tests.test_admin_analytics.TestEUDRComplianceReport" name="test_eudr_report_success" time="0.121" /><testcase classname="backend.tests.test_admin_analytics.TestEUDRComplianceReport" name="test_eudr_report_requires_auth" time="0.104"><failure message="assert 403 == 401&#10; +  where 403 = &lt;Response [403]&gt;.status_code">backend/tests/test_admin_analytics.py:348: in test_eudr_report_requires_auth
    assert response.status_code == 401
E   assert 403 == 401
E    +  where 403 = &lt;Response [403]&gt;.status_code</failure></testcase><testcase classname="backend.tests.test_admin_analytics.TestRegionalAnalytics" name="test_regions_analytics_success" time="0.121" /><testcase classname="backend.tests.test_admin_analytics.TestRegionalAnalytics" name="test_regions_analytics_requires_auth" time="0.108"><failure message="assert 403 == 401&#10; +  where 403 = &lt;Response [403]&gt;.status_code">backend/tests/test_admin_analytics.py:371: in test_regions_analytics_requires_auth
    assert response.status_code == 401
E   assert 403 == 401
E    +  where 403 = &lt;Response [403]&gt;.status_code</failure></testcase><testcase classname="backend.tests.test_admin_analytics.TestCSVExport" name="test_csv_export_success" time="0.556" /><testcase classname="backend.tests.test_admin_analytics.TestCSVExport" name="test_csv_export_requires_auth" time="0.128"><failure message="assert 403 == 401&#10; +  where 403 = &lt;Response [403]&gt;.status_code">backend/tests/test_admin_analytics.py:401: in test_csv_export_requires_auth
    assert response.status_code == 401
E   assert 403 == 401
E    +  where 403 = &lt;Response [403]&gt;.status_code</failure></testcase><testcase classname="backend.tests.test_admin_analytics.TestDataIntegrity" name="test_dashboard_data_consistency" time="0.124" /><testcase classname="backend.tests.test_admin_analytics.TestDataIntegrity" name="test_seeded_data_present" time="0.123" /></testsuite></testsuites>