<?xml version="1.0" encoding="utf-8"?><testsuites name="pytest tests"><testsuite name="pytest" errors="0" failures="0" skipped="0" tests="24" time="13.365" timestamp="2026-02-27T02:45:18.191536+00:00" hostname="agent-env-5c2c27d7-3d1a-4b36-93fd-9edbce9d8702"><testcase classname="tests.test_greenlink_api.TestAuthEndpoints" name="test_login_farmer_email" time="0.431" /><testcase classname="tests.test_greenlink_api.TestAuthEndpoints" name="test_login_buyer_email" time="0.342" /><testcase classname="tests.test_greenlink_api.TestAuthEndpoints" name="test_login_rse_email" time="0.338" /><testcase classname="tests.test_greenlink_api.TestAuthEndpoints" name="test_login_supplier_email" time="0.351" /><testcase classname="tests.test_greenlink_api.TestAuthEndpoints" name="test_login_invalid_credentials" time="0.148" /><testcase classname="tests.test_greenlink_api.TestAuthEndpoints" name="test_register_new_user_producteur" time="0.325" /><testcase classname="tests.test_greenlink_api.TestAuthEndpoints" name="test_register_new_user_acheteur" time="0.331" /><testcase classname="tests.test_greenlink_api.TestAuthEndpoints" name="test_register_with_phone" time="0.608" /><testcase classname="tests.test_greenlink_api.TestFarmerDashboardAPI" name="test_get_farmer_dashboard" time="0.384" /><testcase classname="tests.test_greenlink_api.TestFarmerDashboardAPI" name="test_get_my_parcels" time="0.475" /><testcase classname="tests.test_greenlink_api.TestFarmerDashboardAPI" name="test_declare_parcel" time="0.412" /><testcase classname="tests.test_greenlink_api.TestBuyerDashboardAPI" name="test_get_buyer_dashboard" time="0.476" /><testcase classname="tests.test_greenlink_api.TestBuyerDashboardAPI" name="test_get_buyer_orders" time="0.468" /><testcase classname="tests.test_greenlink_api.TestBuyerDashboardAPI" name="test_create_buyer_order" time="0.454" /><testcase classname="tests.test_greenlink_api.TestRSEDashboardAPI" name="test_get_rse_impact_dashboard" time="0.415" /><testcase classname="tests.test_greenlink_api.TestRSEDashboardAPI" name="test_get_carbon_credits_marketplace" time="3.688" /><testcase classname="tests.test_greenlink_api.TestSupplierMarketplaceAPI" name="test_get_supplier_dashboard_stats" time="0.463" /><testcase classname="tests.test_greenlink_api.TestSupplierMarketplaceAPI" name="test_get_my_products" time="0.444" /><testcase classname="tests.test_greenlink_api.TestSupplierMarketplaceAPI" name="test_create_product" time="0.434" /><testcase classname="tests.test_greenlink_api.TestSupplierMarketplaceAPI" name="test_get_public_products" time="0.479" /><testcase classname="tests.test_greenlink_api.TestSupplierMarketplaceAPI" name="test_get_my_orders" time="0.396" /><testcase classname="tests.test_greenlink_api.TestSupplierMarketplaceAPI" name="test_get_notifications" time="0.576" /><testcase classname="tests.test_greenlink_api.TestCrossProfileAPIs" name="test_farmer_cannot_access_supplier_dashboard" time="0.422" /><testcase classname="tests.test_greenlink_api.TestCrossProfileAPIs" name="test_buyer_cannot_create_product" time="0.420" /></testsuite></testsuites>