<?xml version="1.0" encoding="utf-8"?><testsuites name="pytest tests"><testsuite name="pytest" errors="0" failures="0" skipped="3" tests="19" time="5.407" timestamp="2026-04-09T02:40:52.375494+00:00" hostname="agent-env-4a066583-f826-4cdf-bf95-769944319254"><testcase classname="backend.tests.test_agroforesterie_modules_iteration116.TestPublicSpeciesEndpoints" name="test_get_all_species" time="0.200" /><testcase classname="backend.tests.test_agroforesterie_modules_iteration116.TestPublicSpeciesEndpoints" name="test_filter_by_strate_3" time="0.108" /><testcase classname="backend.tests.test_agroforesterie_modules_iteration116.TestPublicSpeciesEndpoints" name="test_filter_by_strate_2" time="0.108" /><testcase classname="backend.tests.test_agroforesterie_modules_iteration116.TestPublicSpeciesEndpoints" name="test_filter_by_strate_1" time="0.134" /><testcase classname="backend.tests.test_agroforesterie_modules_iteration116.TestPublicSpeciesEndpoints" name="test_filter_by_usage_alimentation" time="0.105" /><testcase classname="backend.tests.test_agroforesterie_modules_iteration116.TestPublicSpeciesEndpoints" name="test_filter_by_usage_bois" time="0.119" /><testcase classname="backend.tests.test_agroforesterie_modules_iteration116.TestPublicSpeciesEndpoints" name="test_search_by_name_iroko" time="0.114" /><testcase classname="backend.tests.test_agroforesterie_modules_iteration116.TestPublicSpeciesEndpoints" name="test_search_by_scientific_name" time="0.133" /><testcase classname="backend.tests.test_agroforesterie_modules_iteration116.TestPublicSpeciesEndpoints" name="test_include_banned_species" time="0.135" /><testcase classname="backend.tests.test_agroforesterie_modules_iteration116.TestPublicSpeciesEndpoints" name="test_get_banned_species_only" time="0.119" /><testcase classname="backend.tests.test_agroforesterie_modules_iteration116.TestNurseryCalendar" name="test_get_nursery_calendar" time="0.109" /><testcase classname="backend.tests.test_agroforesterie_modules_iteration116.TestProtectedDiagnosticEndpoints" name="test_post_diagnostic" time="1.083" /><testcase classname="backend.tests.test_agroforesterie_modules_iteration116.TestProtectedDiagnosticEndpoints" name="test_post_diagnostic_non_conformant" time="0.595" /><testcase classname="backend.tests.test_agroforesterie_modules_iteration116.TestProtectedDiagnosticEndpoints" name="test_get_cooperative_diagnostic" time="0.613" /><testcase classname="backend.tests.test_agroforesterie_modules_iteration116.TestProtectionEnvironnementale" name="test_post_protection_cours_eau" time="0.615" /><testcase classname="backend.tests.test_agroforesterie_modules_iteration116.TestProtectionEnvironnementale" name="test_post_protection_non_conforme" time="0.668" /><testcase classname="backend.tests.test_agroforesterie_modules_iteration116.TestProtectionEnvironnementale" name="test_post_protection_reforestation" time="0.111"><skipped type="pytest.skip" message="Could not authenticate cooperative">/app/backend/tests/test_agroforesterie_modules_iteration116.py:373: Could not authenticate cooperative</skipped></testcase><testcase classname="backend.tests.test_agroforesterie_modules_iteration116.TestProtectionEnvironnementale" name="test_get_protection_env_list" time="0.126"><skipped type="pytest.skip" message="Could not authenticate cooperative">/app/backend/tests/test_agroforesterie_modules_iteration116.py:391: Could not authenticate cooperative</skipped></testcase><testcase classname="backend.tests.test_agroforesterie_modules_iteration116.TestDiagnosticWithBannedSpecies" name="test_diagnostic_with_banned_species" time="0.101"><skipped type="pytest.skip" message="Could not authenticate cooperative">/app/backend/tests/test_agroforesterie_modules_iteration116.py:427: Could not authenticate cooperative</skipped></testcase></testsuite></testsuites>