<?xml version="1.0" encoding="utf-8"?><testsuites name="pytest tests"><testsuite name="pytest" errors="0" failures="0" skipped="0" tests="14" time="18.008" timestamp="2026-03-19T20:01:14.061849+00:00" hostname="agent-env-edf3e8a7-90c7-4f2c-b074-e44cee6ec837"><testcase classname="backend.tests.test_ssrte_analytics_iteration47.TestAuthAndSetup" name="test_admin_login" time="1.228" /><testcase classname="backend.tests.test_ssrte_analytics_iteration47.TestSSRTEDashboardEndpoint" name="test_dashboard_admin_access_returns_data" time="1.328" /><testcase classname="backend.tests.test_ssrte_analytics_iteration47.TestSSRTEDashboardEndpoint" name="test_dashboard_missing_living_conditions_bug" time="1.279" /><testcase classname="backend.tests.test_ssrte_analytics_iteration47.TestSSRTEDashboardEndpoint" name="test_dashboard_coop_access_bug" time="1.338" /><testcase classname="backend.tests.test_ssrte_analytics_iteration47.TestSSRTEDashboardEndpoint" name="test_dashboard_no_auth_denied" time="0.139" /><testcase classname="backend.tests.test_ssrte_analytics_iteration47.TestSSRTELeaderboardEndpoint" name="test_leaderboard_admin_access" time="0.872" /><testcase classname="backend.tests.test_ssrte_analytics_iteration47.TestSSRTELeaderboardEndpoint" name="test_leaderboard_coop_access_bug" time="0.873" /><testcase classname="backend.tests.test_ssrte_analytics_iteration47.TestCooperativeSSRTERouteRemoved" name="test_coop_ssrte_api_visits_should_work" time="0.806" /><testcase classname="backend.tests.test_ssrte_analytics_iteration47.TestCooperativeSSRTERouteRemoved" name="test_coop_ssrte_stats_should_work" time="1.284" /><testcase classname="backend.tests.test_ssrte_analytics_iteration47.TestSSRTEDashboardPeriodFilters" name="test_dashboard_period_filter[7d]" time="3.255" /><testcase classname="backend.tests.test_ssrte_analytics_iteration47.TestSSRTEDashboardPeriodFilters" name="test_dashboard_period_filter[30d]" time="1.346" /><testcase classname="backend.tests.test_ssrte_analytics_iteration47.TestSSRTEDashboardPeriodFilters" name="test_dashboard_period_filter[90d]" time="1.303" /><testcase classname="backend.tests.test_ssrte_analytics_iteration47.TestSSRTEDashboardPeriodFilters" name="test_dashboard_period_filter[1y]" time="1.563" /><testcase classname="backend.tests.test_ssrte_analytics_iteration47.TestSSRTEDashboardPeriodFilters" name="test_dashboard_period_filter[all]" time="1.321" /></testsuite></testsuites>