<?xml version="1.0" encoding="utf-8"?><testsuites name="pytest tests"><testsuite name="pytest" errors="0" failures="0" skipped="0" tests="17" time="11.379" timestamp="2026-03-02T22:03:12.090724+00:00" hostname="agent-env-0add58ea-8bb9-4200-bcac-2d5ae8ada8fb"><testcase classname="tests.test_ssrte_api.TestSSRTEAuth" name="test_admin_login_success" time="1.186" /><testcase classname="tests.test_ssrte_api.TestSSRTEAuth" name="test_coop_login_success" time="0.475" /><testcase classname="tests.test_ssrte_api.TestSSRTEStatsAPI" name="test_stats_overview_admin" time="1.273" /><testcase classname="tests.test_ssrte_api.TestSSRTEStatsAPI" name="test_stats_overview_coop" time="1.206" /><testcase classname="tests.test_ssrte_api.TestSSRTEStatsAPI" name="test_stats_overview_unauthorized" time="0.113" /><testcase classname="tests.test_ssrte_api.TestSSRTEVisitsAPI" name="test_list_visits_admin" time="0.754" /><testcase classname="tests.test_ssrte_api.TestSSRTEVisitsAPI" name="test_list_visits_coop" time="0.723" /><testcase classname="tests.test_ssrte_api.TestSSRTEVisitsAPI" name="test_create_visit_success" time="0.616" /><testcase classname="tests.test_ssrte_api.TestSSRTEVisitsAPI" name="test_create_high_risk_visit" time="0.361" /><testcase classname="tests.test_ssrte_api.TestSSRTEVisitsAPI" name="test_create_visit_missing_member" time="0.210" /><testcase classname="tests.test_ssrte_api.TestSSRTECasesAPI" name="test_list_cases_admin" time="0.694" /><testcase classname="tests.test_ssrte_api.TestSSRTECasesAPI" name="test_list_cases_coop" time="0.667" /><testcase classname="tests.test_ssrte_api.TestSSRTECasesAPI" name="test_create_case_success" time="0.983" /><testcase classname="tests.test_ssrte_api.TestSSRTECasesAPI" name="test_create_critical_case" time="0.365" /><testcase classname="tests.test_ssrte_api.TestSSRTECasesAPI" name="test_create_case_invalid_visit" time="0.217" /><testcase classname="tests.test_ssrte_api.TestSSRTEAgentsAPI" name="test_list_agents" time="0.726" /><testcase classname="tests.test_ssrte_api.TestSSRTERemediationsAPI" name="test_list_remediations" time="0.674" /></testsuite></testsuites>