<?xml version="1.0" encoding="utf-8"?><testsuites name="pytest tests"><testsuite name="pytest" errors="0" failures="0" skipped="0" tests="11" time="8.268" timestamp="2026-04-05T13:22:50.329603+00:00" hostname="agent-env-56a42db3-9ca9-4619-be92-36565d5f47c2"><testcase classname="backend.tests.test_offline_mode_iteration91.TestHealthEndpoint" name="test_health_endpoint_returns_200" time="0.185" /><testcase classname="backend.tests.test_offline_mode_iteration91.TestCooperativeDashboard" name="test_dashboard_returns_data" time="1.051" /><testcase classname="backend.tests.test_offline_mode_iteration91.TestCooperativeDashboard" name="test_dashboard_kpis_returns_data" time="0.534" /><testcase classname="backend.tests.test_offline_mode_iteration91.TestCooperativeDashboard" name="test_dashboard_charts_returns_data" time="0.851" /><testcase classname="backend.tests.test_offline_mode_iteration91.TestCooperativeMembers" name="test_members_list_returns_data" time="0.902" /><testcase classname="backend.tests.test_offline_mode_iteration91.TestCooperativeMembers" name="test_members_with_limit_param" time="0.856" /><testcase classname="backend.tests.test_offline_mode_iteration91.TestCooperativeMembers" name="test_members_activation_stats" time="0.165" /><testcase classname="backend.tests.test_offline_mode_iteration91.TestCooperativeLots" name="test_lots_list_returns_data" time="0.163" /><testcase classname="backend.tests.test_offline_mode_iteration91.TestServiceWorkerEndpoint" name="test_service_worker_accessible" time="0.106" /><testcase classname="backend.tests.test_offline_mode_iteration91.TestOfflineQueueEndpoints" name="test_agent_sync_download_endpoint" time="3.196" /><testcase classname="backend.tests.test_offline_mode_iteration91.TestOfflineQueueEndpoints" name="test_agent_sync_upload_endpoint_exists" time="0.185" /></testsuite></testsuites>