<?xml version="1.0" encoding="utf-8"?><testsuites name="pytest tests"><testsuite name="pytest" errors="0" failures="0" skipped="0" tests="8" time="8.863" timestamp="2026-03-18T03:27:05.522346+00:00" hostname="agent-env-9896cf1c-4419-4831-9429-160ab9449893"><testcase classname="backend.tests.test_commission_billing_iteration38.TestAuthEndpoints" name="test_admin_login" time="1.319" /><testcase classname="backend.tests.test_commission_billing_iteration38.TestAuthEndpoints" name="test_fournisseur_login" time="0.513" /><testcase classname="backend.tests.test_commission_billing_iteration38.TestQuoteApprovalWithCommission" name="test_get_admin_quotes_list" time="1.018" /><testcase classname="backend.tests.test_commission_billing_iteration38.TestQuoteApprovalWithCommission" name="test_approved_quote_contains_commission_and_billing" time="1.010" /><testcase classname="backend.tests.test_commission_billing_iteration38.TestFournisseurSubscription" name="test_my_subscription_returns_pricing_fields" time="0.808" /><testcase classname="backend.tests.test_commission_billing_iteration38.TestFournisseurSubscription" name="test_my_quote_returns_commission_and_billing" time="1.834" /><testcase classname="backend.tests.test_commission_billing_iteration38.TestQuoteApprovalEndpoint" name="test_quote_approval_schema_accepts_commission_rate" time="1.540" /><testcase classname="backend.tests.test_commission_billing_iteration38.TestSubscriptionStoragePersistence" name="test_subscription_pricing_persisted" time="0.755" /></testsuite></testsuites>