<?xml version="1.0" encoding="utf-8"?><testsuites name="pytest tests"><testsuite name="pytest" errors="0" failures="0" skipped="0" tests="17" time="9.201" timestamp="2026-04-06T04:24:48.188891+00:00" hostname="agent-env-e6f5354e-6ce3-4339-a5d6-d795e56dce2e"><testcase classname="backend.tests.test_messaging_iteration105.TestMessagingAuth" name="test_login_admin" time="3.685" /><testcase classname="backend.tests.test_messaging_iteration105.TestMessagingAuth" name="test_login_agent" time="0.000" /><testcase classname="backend.tests.test_messaging_iteration105.TestMessagingAuth" name="test_login_farmer" time="0.000" /><testcase classname="backend.tests.test_messaging_iteration105.TestMessagingContacts" name="test_get_contacts_admin" time="0.268" /><testcase classname="backend.tests.test_messaging_iteration105.TestMessagingContacts" name="test_get_contacts_agent" time="0.235" /><testcase classname="backend.tests.test_messaging_iteration105.TestMessagingContacts" name="test_get_contacts_farmer" time="0.298" /><testcase classname="backend.tests.test_messaging_iteration105.TestMessagingContacts" name="test_get_contacts_with_search" time="0.237" /><testcase classname="backend.tests.test_messaging_iteration105.TestMessagingContacts" name="test_contacts_unauthorized" time="0.109" /><testcase classname="backend.tests.test_messaging_iteration105.TestDirectConversations" name="test_create_direct_conversation" time="0.679" /><testcase classname="backend.tests.test_messaging_iteration105.TestDirectConversations" name="test_create_direct_conversation_self" time="0.334" /><testcase classname="backend.tests.test_messaging_iteration105.TestDirectConversations" name="test_create_direct_conversation_invalid_recipient" time="0.204" /><testcase classname="backend.tests.test_messaging_iteration105.TestConversationsList" name="test_get_conversations" time="0.605" /><testcase classname="backend.tests.test_messaging_iteration105.TestConversationsList" name="test_get_conversations_archived" time="0.199" /><testcase classname="backend.tests.test_messaging_iteration105.TestConversationDetail" name="test_get_conversation_detail" time="0.844" /><testcase classname="backend.tests.test_messaging_iteration105.TestConversationDetail" name="test_get_conversation_messages" time="0.903" /><testcase classname="backend.tests.test_messaging_iteration105.TestConversationDetail" name="test_get_conversation_not_found" time="0.202" /><testcase classname="backend.tests.test_messaging_iteration105.TestMessagingStats" name="test_get_stats" time="0.310" /></testsuite></testsuites>