<?xml version="1.0" encoding="utf-8"?><testsuites name="pytest tests"><testsuite name="pytest" errors="0" failures="0" skipped="1" tests="11" time="6.325" timestamp="2026-03-17T03:35:25.888950+00:00" hostname="agent-env-cf86c19e-479e-46c1-ab7b-cd004bc722a6"><testcase classname="backend.tests.test_carbon_pricing_model.TestCarbonListingSubmissionNoPrice" name="test_submit_listing_without_price" time="1.538" /><testcase classname="backend.tests.test_carbon_pricing_model.TestAdminApprovalRequiresPrice" name="test_admin_approval_fails_without_price" time="1.055" /><testcase classname="backend.tests.test_carbon_pricing_model.TestAdminApprovalRequiresPrice" name="test_admin_approval_with_price_returns_distribution" time="0.734" /><testcase classname="backend.tests.test_carbon_pricing_model.TestPremiumSimulation" name="test_simulate_premium_endpoint" time="0.108" /><testcase classname="backend.tests.test_carbon_pricing_model.TestPremiumSimulation" name="test_simulate_premium_uses_default_price" time="0.356" /><testcase classname="backend.tests.test_carbon_pricing_model.TestCarbonPriceManagement" name="test_get_carbon_price_public" time="0.170" /><testcase classname="backend.tests.test_carbon_pricing_model.TestCarbonPriceManagement" name="test_update_carbon_price_admin_only" time="0.653" /><testcase classname="backend.tests.test_carbon_pricing_model.TestCarbonPriceManagement" name="test_update_carbon_price_non_admin_forbidden" time="0.156" /><testcase classname="backend.tests.test_carbon_pricing_model.TestFarmerDashboardDistribution" name="test_farmer_dashboard_has_distribution_model" time="0.555"><skipped type="pytest.skip" message="Cooperative token used - distribution_model only for farmer/producteur users">/app/backend/tests/test_carbon_pricing_model.py:325: Cooperative token used - distribution_model only for farmer/producteur users</skipped></testcase><testcase classname="backend.tests.test_carbon_pricing_model.TestPendingListingPriceStatus" name="test_pending_listings_show_price_to_set" time="0.613" /><testcase classname="backend.tests.test_carbon_pricing_model.TestSpecificPendingListing" name="test_check_specific_pending_listing" time="0.308" /></testsuite></testsuites>