<?xml version="1.0" encoding="utf-8"?><testsuites name="pytest tests"><testsuite name="pytest" errors="0" failures="0" skipped="0" tests="15" time="5.604" timestamp="2026-04-07T03:54:59.310906+00:00" hostname="agent-env-154a663e-880e-4cf2-92c9-122a35e7d9c3"><testcase classname="backend.tests.test_carbon_analytics_iteration111.TestCarbonAnalyticsAPI" name="test_cooperative_carbon_analytics_endpoint_exists" time="1.095" /><testcase classname="backend.tests.test_carbon_analytics_iteration111.TestCarbonAnalyticsAPI" name="test_cooperative_carbon_analytics_has_resume" time="0.272" /><testcase classname="backend.tests.test_carbon_analytics_iteration111.TestCarbonAnalyticsAPI" name="test_cooperative_carbon_analytics_has_distribution" time="0.269" /><testcase classname="backend.tests.test_carbon_analytics_iteration111.TestCarbonAnalyticsAPI" name="test_cooperative_carbon_analytics_has_decomposition_moyenne" time="0.278" /><testcase classname="backend.tests.test_carbon_analytics_iteration111.TestCarbonAnalyticsAPI" name="test_cooperative_carbon_analytics_has_parcelles_array" time="0.280" /><testcase classname="backend.tests.test_carbon_analytics_iteration111.TestCarbonAnalyticsAPI" name="test_cooperative_carbon_analytics_parcels_have_ranks" time="0.270" /><testcase classname="backend.tests.test_carbon_analytics_iteration111.TestCarbonAnalyticsAPI" name="test_cooperative_carbon_analytics_unauthorized_without_token" time="0.102" /><testcase classname="backend.tests.test_carbon_analytics_iteration111.TestCarbonAnalyticsAPI" name="test_farmer_carbon_score_endpoint_exists" time="0.696" /><testcase classname="backend.tests.test_carbon_analytics_iteration111.TestCarbonAnalyticsAPI" name="test_farmer_carbon_score_has_required_fields" time="0.235" /><testcase classname="backend.tests.test_carbon_analytics_iteration111.TestCarbonAnalyticsAPI" name="test_farmer_carbon_score_breakdown_structure" time="0.235" /><testcase classname="backend.tests.test_carbon_analytics_iteration111.TestCarbonAnalyticsAPI" name="test_farmer_carbon_premiums_endpoint" time="0.286" /><testcase classname="backend.tests.test_carbon_analytics_iteration111.TestCarbonAnalyticsDataIntegrity" name="test_distribution_sums_to_total_parcels" time="0.679" /><testcase classname="backend.tests.test_carbon_analytics_iteration111.TestCarbonAnalyticsDataIntegrity" name="test_parcels_count_matches_resume" time="0.279" /><testcase classname="backend.tests.test_carbon_analytics_iteration111.TestCarbonAnalyticsDataIntegrity" name="test_prime_calculations_are_positive" time="0.268" /><testcase classname="backend.tests.test_carbon_analytics_iteration111.TestCarbonAnalyticsDataIntegrity" name="test_scores_are_within_valid_range" time="0.283" /></testsuite></testsuites>