<?xml version="1.0" encoding="utf-8"?><testsuites name="pytest tests"><testsuite name="pytest" errors="0" failures="0" skipped="0" tests="20" time="6.732" timestamp="2026-04-09T02:03:25.196901+00:00" hostname="agent-env-4a066583-f826-4cdf-bf95-769944319254"><testcase classname="backend.tests.test_ars1000_module_iteration114.TestAuthentication" name="test_cooperative_login" time="0.988" /><testcase classname="backend.tests.test_ars1000_module_iteration114.TestAuthentication" name="test_farmer_login" time="0.374" /><testcase classname="backend.tests.test_ars1000_module_iteration114.TestAuthentication" name="test_agent_login" time="0.369" /><testcase classname="backend.tests.test_ars1000_module_iteration114.TestPDCEndpoints" name="test_farmer_get_my_pdc" time="0.508" /><testcase classname="backend.tests.test_ars1000_module_iteration114.TestPDCEndpoints" name="test_cooperative_get_all_pdcs" time="0.545" /><testcase classname="backend.tests.test_ars1000_module_iteration114.TestPDCEndpoints" name="test_cooperative_get_pdc_stats" time="0.286" /><testcase classname="backend.tests.test_ars1000_module_iteration114.TestPDCEndpoints" name="test_farmer_create_pdc" time="0.390" /><testcase classname="backend.tests.test_ars1000_module_iteration114.TestLotsEndpoints" name="test_cooperative_create_lot" time="0.188" /><testcase classname="backend.tests.test_ars1000_module_iteration114.TestLotsEndpoints" name="test_cooperative_get_lots" time="0.191" /><testcase classname="backend.tests.test_ars1000_module_iteration114.TestLotsEndpoints" name="test_cooperative_get_lots_stats" time="0.249" /><testcase classname="backend.tests.test_ars1000_module_iteration114.TestLotsEndpoints" name="test_cooperative_generate_rapport_essai" time="0.362" /><testcase classname="backend.tests.test_ars1000_module_iteration114.TestCertificationEndpoints" name="test_cooperative_get_certification_dashboard" time="0.313" /><testcase classname="backend.tests.test_ars1000_module_iteration114.TestCertificationEndpoints" name="test_cooperative_add_audit" time="0.157" /><testcase classname="backend.tests.test_ars1000_module_iteration114.TestCertificationEndpoints" name="test_cooperative_add_non_conformite" time="0.161" /><testcase classname="backend.tests.test_ars1000_module_iteration114.TestCertificationEndpoints" name="test_cooperative_add_reclamation" time="0.150" /><testcase classname="backend.tests.test_ars1000_module_iteration114.TestCertificationEndpoints" name="test_cooperative_add_risque" time="0.150" /><testcase classname="backend.tests.test_ars1000_module_iteration114.TestAgroforestryEndpoints" name="test_cooperative_add_arbre_ombrage" time="0.150" /><testcase classname="backend.tests.test_ars1000_module_iteration114.TestAgroforestryEndpoints" name="test_cooperative_get_arbres_ombrage" time="0.185" /><testcase classname="backend.tests.test_ars1000_module_iteration114.TestAgroforestryEndpoints" name="test_cooperative_get_arbres_stats" time="0.191" /><testcase classname="backend.tests.test_ars1000_module_iteration114.TestPDCWorkflow" name="test_pdc_submit_workflow" time="0.758" /></testsuite></testsuites>