<?xml version="1.0" encoding="utf-8"?><testsuites name="pytest tests"><testsuite name="pytest" errors="0" failures="0" skipped="0" tests="10" time="2.689" timestamp="2026-03-26T20:11:31.677772+00:00" hostname="agent-env-854c0f3e-e3e6-467b-8a49-59d89e3c876c"><testcase classname="backend.tests.test_ussd_shortcode_fix_iteration75.TestUSSDShortcodeFix" name="test_health_check" time="0.318" /><testcase classname="backend.tests.test_ussd_shortcode_fix_iteration75.TestUSSDShortcodeFix" name="test_ussd_callback_welcome_menu_new_shortcode" time="0.130" /><testcase classname="backend.tests.test_ussd_shortcode_fix_iteration75.TestUSSDShortcodeFix" name="test_ussd_callback_registered_user_flow" time="0.904" /><testcase classname="backend.tests.test_ussd_shortcode_fix_iteration75.TestUSSDShortcodeFix" name="test_ussd_callback_new_registration_flow" time="0.212" /><testcase classname="backend.tests.test_ussd_shortcode_fix_iteration75.TestUSSDShortcodeFix" name="test_ussd_callback_help_info" time="0.257" /><testcase classname="backend.tests.test_ussd_shortcode_fix_iteration75.TestUSSDShortcodeFix" name="test_ussd_carbon_calculator_endpoint" time="0.109" /><testcase classname="backend.tests.test_ussd_shortcode_fix_iteration75.TestUSSDShortcodeFix" name="test_ussd_calculate_premium_endpoint" time="0.180" /><testcase classname="backend.tests.test_ussd_shortcode_fix_iteration75.TestUSSDShortcodeFix" name="test_no_old_shortcode_in_ussd_response" time="0.119" /><testcase classname="backend.tests.test_ussd_shortcode_fix_iteration75.TestUSSDShortcodeFix" name="test_ussd_session_quit" time="0.251" /><testcase classname="backend.tests.test_ussd_shortcode_fix_iteration75.TestUSSDGatewayConfig" name="test_ussd_gateway_status" time="0.140" /></testsuite></testsuites>