<?xml version="1.0" encoding="utf-8"?><testsuites name="pytest tests"><testsuite name="pytest" errors="0" failures="0" skipped="7" tests="20" time="26.202" timestamp="2026-02-28T05:08:29.942619+00:00" hostname="agent-env-c7b855e2-b907-4bc7-8348-d794c6bd81a2"><testcase classname="tests.test_billing_api.TestBillingAuth" name="test_billing_dashboard_requires_auth" time="0.190" /><testcase classname="tests.test_billing_api.TestBillingAuth" name="test_billing_invoices_requires_auth" time="0.112" /><testcase classname="tests.test_billing_api.TestBillingAuth" name="test_billing_distributions_requires_auth" time="0.123" /><testcase classname="tests.test_billing_api.TestBillingDashboard" name="test_get_billing_dashboard_success" time="2.261" /><testcase classname="tests.test_billing_api.TestBillingDashboard" name="test_dashboard_data_types" time="1.611" /><testcase classname="tests.test_billing_api.TestInvoicesAPI" name="test_get_invoices_list" time="1.579" /><testcase classname="tests.test_billing_api.TestInvoicesAPI" name="test_get_invoices_with_status_filter" time="1.550" /><testcase classname="tests.test_billing_api.TestInvoicesAPI" name="test_create_invoice_success" time="1.629" /><testcase classname="tests.test_billing_api.TestInvoicesAPI" name="test_create_invoice_validation" time="1.510" /><testcase classname="tests.test_billing_api.TestInvoiceSendAPI" name="test_send_invoice_success" time="1.979" /><testcase classname="tests.test_billing_api.TestInvoiceSendAPI" name="test_send_invoice_not_found" time="1.778" /><testcase classname="tests.test_billing_api.TestPaymentsAPI" name="test_record_payment_success" time="2.013" /><testcase classname="tests.test_billing_api.TestPaymentsAPI" name="test_record_full_payment" time="1.129"><skipped type="pytest.skip" message="Admin login failed: 429">/app/backend/tests/test_billing_api.py:364: Admin login failed: 429</skipped></testcase><testcase classname="tests.test_billing_api.TestPaymentsAPI" name="test_record_payment_invalid_invoice" time="1.961" /><testcase classname="tests.test_billing_api.TestPaymentsAPI" name="test_get_payment_history" time="1.116"><skipped type="pytest.skip" message="Admin login failed: 429">/app/backend/tests/test_billing_api.py:402: Admin login failed: 429</skipped></testcase><testcase classname="tests.test_billing_api.TestDistributionsAPI" name="test_get_distributions_list" time="1.105"><skipped type="pytest.skip" message="Admin login failed: 429">/app/backend/tests/test_billing_api.py:441: Admin login failed: 429</skipped></testcase><testcase classname="tests.test_billing_api.TestDistributionsAPI" name="test_get_distributions_with_status_filter" time="1.159"><skipped type="pytest.skip" message="Admin login failed: 429">/app/backend/tests/test_billing_api.py:458: Admin login failed: 429</skipped></testcase><testcase classname="tests.test_billing_api.TestDistributionsAPI" name="test_get_distribution_detail_not_found" time="1.103"><skipped type="pytest.skip" message="Admin login failed: 429">/app/backend/tests/test_billing_api.py:469: Admin login failed: 429</skipped></testcase><testcase classname="tests.test_billing_api.TestBillingAccessControl" name="test_non_admin_cannot_access_billing" time="1.104"><skipped type="pytest.skip" message="Cooperative user login failed - skipping access control test">/app/backend/tests/test_billing_api.py:497: Cooperative user login failed - skipping access control test</skipped></testcase><testcase classname="tests.test_billing_api.TestPaymentMethods" name="test_payment_methods" time="1.106"><skipped type="pytest.skip" message="Admin login failed">/app/backend/tests/test_billing_api.py:560: Admin login failed</skipped></testcase></testsuite></testsuites>