<?xml version="1.0" encoding="utf-8"?><testsuites name="pytest tests"><testsuite name="pytest" errors="0" failures="0" skipped="0" tests="12" time="7.403" timestamp="2026-03-26T22:55:38.889220+00:00" hostname="agent-env-854c0f3e-e3e6-467b-8a49-59d89e3c876c"><testcase classname="tests.test_redd_mrv_iteration77.TestREDDPracticesAPI" name="test_get_redd_practices_returns_categories" time="0.202" /><testcase classname="tests.test_redd_mrv_iteration77.TestREDDPracticesAPI" name="test_get_redd_practices_total_count" time="0.116" /><testcase classname="tests.test_redd_mrv_iteration77.TestREDDPracticesAPI" name="test_redd_practices_category_structure" time="0.117" /><testcase classname="tests.test_redd_mrv_iteration77.TestMRVSummaryAPI" name="test_get_mrv_summary_returns_data" time="0.985" /><testcase classname="tests.test_redd_mrv_iteration77.TestMRVSummaryAPI" name="test_mrv_summary_has_practices_adoption" time="0.219" /><testcase classname="tests.test_redd_mrv_iteration77.TestMRVSummaryAPI" name="test_mrv_summary_has_redd_level_distribution" time="0.217" /><testcase classname="tests.test_redd_mrv_iteration77.TestMRVFarmersAPI" name="test_get_mrv_farmers_returns_list" time="0.188" /><testcase classname="tests.test_redd_mrv_iteration77.TestMRVFarmersAPI" name="test_mrv_farmers_have_redd_fields" time="0.193" /><testcase classname="tests.test_redd_mrv_iteration77.TestUSSDDetailedEstimation" name="test_ussd_detailed_estimation_has_12_questions" time="0.495" /><testcase classname="tests.test_redd_mrv_iteration77.TestUSSDDetailedEstimation" name="test_ussd_detailed_estimation_includes_redd_questions" time="1.973" /><testcase classname="tests.test_redd_mrv_iteration77.TestUSSDDetailedEstimation" name="test_ussd_result_includes_redd_level" time="2.092" /><testcase classname="tests.test_redd_mrv_iteration77.TestAuthLogin" name="test_admin_login_returns_token" time="0.522" /></testsuite></testsuites>