<?xml version="1.0" encoding="utf-8"?><testsuites name="pytest tests"><testsuite name="pytest" errors="0" failures="0" skipped="0" tests="15" time="9.482" timestamp="2026-03-30T12:30:06.949445+00:00" hostname="agent-env-ca6a0f1a-9073-4a2b-aedf-c8806bb97b8d"><testcase classname="backend.tests.test_dashboard_pdf_iteration85.TestDashboardPDFExport" name="test_pdf_endpoint_returns_200" time="1.955" /><testcase classname="backend.tests.test_dashboard_pdf_iteration85.TestDashboardPDFExport" name="test_pdf_content_type" time="0.560" /><testcase classname="backend.tests.test_dashboard_pdf_iteration85.TestDashboardPDFExport" name="test_pdf_has_content_disposition" time="0.543" /><testcase classname="backend.tests.test_dashboard_pdf_iteration85.TestDashboardPDFExport" name="test_pdf_file_size_reasonable" time="0.550" /><testcase classname="backend.tests.test_dashboard_pdf_iteration85.TestDashboardPDFExport" name="test_pdf_valid_header" time="0.613" /><testcase classname="backend.tests.test_dashboard_pdf_iteration85.TestDashboardPDFExport" name="test_pdf_requires_auth" time="0.106" /><testcase classname="backend.tests.test_dashboard_pdf_iteration85.TestDashboardPDFExport" name="test_pdf_contains_indicateurs_cles" time="0.593" /><testcase classname="backend.tests.test_dashboard_pdf_iteration85.TestDashboardPDFExport" name="test_pdf_contains_8_kpis" time="0.549" /><testcase classname="backend.tests.test_dashboard_pdf_iteration85.TestDashboardPDFExport" name="test_pdf_contains_redd_levels" time="0.610" /><testcase classname="backend.tests.test_dashboard_pdf_iteration85.TestDashboardPDFExport" name="test_pdf_contains_risk_grid" time="0.553" /><testcase classname="backend.tests.test_dashboard_pdf_iteration85.TestDashboardPDFExport" name="test_pdf_contains_risque_par_zone" time="0.547" /><testcase classname="backend.tests.test_dashboard_pdf_iteration85.TestDashboardPDFExport" name="test_pdf_no_inconnu_zones" time="0.551" /><testcase classname="backend.tests.test_dashboard_pdf_iteration85.TestDashboardPDFExport" name="test_pdf_contains_tendances_mensuelles" time="0.579" /><testcase classname="backend.tests.test_dashboard_pdf_iteration85.TestDashboardPDFExport" name="test_pdf_contains_practices_adoption" time="0.542" /><testcase classname="backend.tests.test_dashboard_pdf_iteration85.TestDashboardPDFExport" name="test_pdf_contains_ici_remediation" time="0.562" /></testsuite></testsuites>