<?xml version="1.0" encoding="utf-8"?><testsuites name="pytest tests"><testsuite name="pytest" errors="0" failures="0" skipped="0" tests="3" time="1.004" timestamp="2026-04-05T18:22:51.673111+00:00" hostname="agent-env-d26bd957-7f51-478d-9cf1-8f2bfb38fa35"><testcase classname="backend.tests.test_family_data_prefill_iteration102.TestFamilyDataEndpoint" name="test_family_data_with_existing_farmer" time="0.538" /><testcase classname="backend.tests.test_family_data_prefill_iteration102.TestFamilyDataEndpoint" name="test_family_data_with_unknown_farmer" time="0.225" /><testcase classname="backend.tests.test_family_data_prefill_iteration102.TestFamilyDataEndpoint" name="test_family_data_children_details" time="0.179" /></testsuite></testsuites>