<?xml version="1.0" encoding="utf-8"?><testsuites name="pytest tests"><testsuite name="pytest" errors="0" failures="0" skipped="0" tests="10" time="10.603" timestamp="2026-03-17T17:31:54.815987+00:00" hostname="agent-env-24ec953e-2b84-44a8-81c4-7eaf442464e3"><testcase classname="backend.tests.test_coop_dashboard_iteration30.TestCooperativeLogin" name="test_bielaghana_login_success" time="1.251" /><testcase classname="backend.tests.test_coop_dashboard_iteration30.TestCooperativeLogin" name="test_gagnoa_login_success" time="0.523" /><testcase classname="backend.tests.test_coop_dashboard_iteration30.TestCooperativeLogin" name="test_agent_terrain_login_success" time="0.524" /><testcase classname="backend.tests.test_coop_dashboard_iteration30.TestCooperativeDashboard" name="test_bielaghana_dashboard_returns_agents_object" time="1.574" /><testcase classname="backend.tests.test_coop_dashboard_iteration30.TestCooperativeDashboard" name="test_bielaghana_dashboard_agents_count" time="1.536" /><testcase classname="backend.tests.test_coop_dashboard_iteration30.TestCooperativeDashboard" name="test_bielaghana_dashboard_members" time="1.661" /><testcase classname="backend.tests.test_coop_dashboard_iteration30.TestCooperativeDashboard" name="test_gagnoa_dashboard_returns_agents_object" time="1.594" /><testcase classname="backend.tests.test_coop_dashboard_iteration30.TestCooperativeDashboard" name="test_gagnoa_dashboard_has_all_stats" time="1.548" /><testcase classname="backend.tests.test_coop_dashboard_iteration30.TestDashboardRequiresAuth" name="test_dashboard_without_auth_fails" time="0.179" /><testcase classname="backend.tests.test_coop_dashboard_iteration30.TestAPIRoot" name="test_root_endpoint" time="0.149" /></testsuite></testsuites>