<?xml version="1.0" encoding="utf-8"?><testsuites name="pytest tests"><testsuite name="pytest" errors="0" failures="0" skipped="0" tests="8" time="4.916" timestamp="2026-03-16T23:15:51.405652+00:00" hostname="agent-env-3a97fef3-cf88-40d7-bad2-730d86e5128f"><testcase classname="backend.tests.test_pwa_iteration19.TestPWAAssets" name="test_manifest_accessible" time="0.141" /><testcase classname="backend.tests.test_pwa_iteration19.TestPWAAssets" name="test_service_worker_accessible" time="0.123" /><testcase classname="backend.tests.test_pwa_iteration19.TestPWAAssets" name="test_pwa_icon_192_accessible" time="0.157" /><testcase classname="backend.tests.test_pwa_iteration19.TestPWAAssets" name="test_pwa_icon_512_accessible" time="0.188" /><testcase classname="backend.tests.test_pwa_iteration19.TestAgentAPIs" name="test_agent_search_requires_auth" time="0.127" /><testcase classname="backend.tests.test_pwa_iteration19.TestAgentAPIs" name="test_agent_search_with_auth" time="1.688" /><testcase classname="backend.tests.test_pwa_iteration19.TestAgentAPIs" name="test_agent_sync_status" time="0.848" /><testcase classname="backend.tests.test_pwa_iteration19.TestAgentAPIs" name="test_agent_sync_download" time="1.585" /></testsuite></testsuites>