<?xml version="1.0" encoding="utf-8"?><testsuites name="pytest tests"><testsuite name="pytest" errors="0" failures="0" skipped="0" tests="14" time="6.316" timestamp="2026-04-11T17:11:17.704650+00:00" hostname="agent-env-d0ac6cac-d43a-444e-86c5-5724eaeb78fc"><testcase classname="tests.test_pdc_autofill_family_data.TestAuth" name="test_agent_login" time="0.961" /><testcase classname="tests.test_pdc_autofill_family_data.TestFamilyDataEndpoint" name="test_family_data_endpoint_exists" time="0.796" /><testcase classname="tests.test_pdc_autofill_family_data.TestFamilyDataEndpoint" name="test_pdc_farmer_returns_pdc_source" time="0.309" /><testcase classname="tests.test_pdc_autofill_family_data.TestFamilyDataEndpoint" name="test_pdc_farmer_has_genre" time="0.303" /><testcase classname="tests.test_pdc_autofill_family_data.TestFamilyDataEndpoint" name="test_pdc_farmer_has_niveau_education" time="0.311" /><testcase classname="tests.test_pdc_autofill_family_data.TestFamilyDataEndpoint" name="test_pdc_farmer_has_taille_menage" time="0.334" /><testcase classname="tests.test_pdc_autofill_family_data.TestFamilyDataEndpoint" name="test_pdc_farmer_has_enfants" time="0.303" /><testcase classname="tests.test_pdc_autofill_family_data.TestFamilyDataEndpoint" name="test_pdc_farmer_has_nombre_enfants" time="0.305" /><testcase classname="tests.test_pdc_autofill_family_data.TestFamilyDataEndpoint" name="test_pdc_farmer_has_geographic_data" time="0.302" /><testcase classname="tests.test_pdc_autofill_family_data.TestFamilyDataEndpoint" name="test_ici_ssrte_farmer_returns_correct_source" time="0.325" /><testcase classname="tests.test_pdc_autofill_family_data.TestFamilyDataEndpoint" name="test_family_data_response_structure" time="0.319" /><testcase classname="tests.test_pdc_autofill_family_data.TestFamilyDataEndpoint" name="test_enfant_structure_from_pdc" time="0.313" /><testcase classname="tests.test_pdc_autofill_family_data.TestICIProfileEndpoint" name="test_ici_profile_endpoint_exists" time="0.679" /><testcase classname="tests.test_pdc_autofill_family_data.TestSSRTEVisitEndpoint" name="test_ssrte_visits_endpoint_exists" time="0.687" /></testsuite></testsuites>