<?xml version="1.0" encoding="utf-8"?><testsuites name="pytest tests"><testsuite name="pytest" errors="0" failures="0" skipped="0" tests="9" time="4.453" timestamp="2026-03-21T13:56:31.113464+00:00" hostname="agent-env-5674eac0-6888-4b35-8d83-c2c0b21589fd"><testcase classname="backend.tests.test_french_keys_iteration52.TestAuthentication" name="test_cooperative_login" time="0.511" /><testcase classname="backend.tests.test_french_keys_iteration52.TestCooperativeDashboardFrenchKeys" name="test_dashboard_parcelles_french_keys" time="0.355" /><testcase classname="backend.tests.test_french_keys_iteration52.TestCooperativeParcelsAllFrenchKeys" name="test_parcels_all_french_keys" time="0.546" /><testcase classname="backend.tests.test_french_keys_iteration52.TestCooperativeMembersFrenchKeys" name="test_members_french_keys" time="0.501" /><testcase classname="backend.tests.test_french_keys_iteration52.TestSSRTEVisitsFrenchKeys" name="test_ssrte_visits_french_keys" time="0.235" /><testcase classname="backend.tests.test_french_keys_iteration52.TestSSRTEAnalyticsRouteCollisionFix" name="test_ssrte_analytics_visits_endpoint" time="0.296" /><testcase classname="backend.tests.test_french_keys_iteration52.TestSSRTEAnalyticsRouteCollisionFix" name="test_ssrte_main_visits_still_works" time="0.263" /><testcase classname="backend.tests.test_french_keys_iteration52.TestMemberParcelsFrenchKeys" name="test_member_parcels_french_keys" time="0.760" /><testcase classname="backend.tests.test_french_keys_iteration52.TestParcelDetailsFrenchKeys" name="test_parcel_details_french_keys" time="0.919" /></testsuite></testsuites>