<?xml version="1.0" encoding="utf-8"?><testsuites name="pytest tests"><testsuite name="pytest" errors="0" failures="0" skipped="0" tests="21" time="14.184" timestamp="2026-04-15T20:11:12.046681+00:00" hostname="agent-env-04fe1580-c704-4def-adda-b7a75e443d0d"><testcase classname="backend.tests.test_ars1000_consolide.TestARS1000ConsolideDashboard" name="test_dashboard_returns_200" time="1.602" /><testcase classname="backend.tests.test_ars1000_consolide.TestARS1000ConsolideDashboard" name="test_dashboard_has_score_global" time="0.679" /><testcase classname="backend.tests.test_ars1000_consolide.TestARS1000ConsolideDashboard" name="test_dashboard_has_readiness_level" time="0.655" /><testcase classname="backend.tests.test_ars1000_consolide.TestARS1000ConsolideDashboard" name="test_dashboard_has_6_modules" time="0.637" /><testcase classname="backend.tests.test_ars1000_consolide.TestARS1000ConsolideDashboard" name="test_each_module_has_required_fields" time="0.649" /><testcase classname="backend.tests.test_ars1000_consolide.TestARS1000ConsolideDashboard" name="test_indicateurs_have_label_valeur_cible" time="0.674" /><testcase classname="backend.tests.test_ars1000_consolide.TestARS1000ConsolideDashboard" name="test_score_global_is_average_of_modules" time="0.643" /><testcase classname="backend.tests.test_ars1000_consolide.TestARS1000ConsolideDashboard" name="test_actions_prioritaires_aggregated" time="0.673" /><testcase classname="backend.tests.test_ars1000_consolide.TestARS1000ConsolideDashboard" name="test_dashboard_has_date_calcul" time="0.638" /><testcase classname="backend.tests.test_ars1000_consolide.TestARS1000ConsolideDashboard" name="test_membres_module_structure" time="0.633" /><testcase classname="backend.tests.test_ars1000_consolide.TestARS1000ConsolideDashboard" name="test_gouvernance_module_structure" time="0.622" /><testcase classname="backend.tests.test_ars1000_consolide.TestARS1000ConsolideDashboard" name="test_formation_module_structure" time="0.658" /><testcase classname="backend.tests.test_ars1000_consolide.TestARS1000ConsolideDashboard" name="test_pdc_module_structure" time="0.639" /><testcase classname="backend.tests.test_ars1000_consolide.TestARS1000ConsolideDashboard" name="test_tracabilite_module_structure" time="0.672" /><testcase classname="backend.tests.test_ars1000_consolide.TestARS1000ConsolideDashboard" name="test_audit_module_structure" time="0.632" /><testcase classname="backend.tests.test_ars1000_consolide.TestARS1000ConsolidePDFExport" name="test_pdf_export_returns_200" time="1.161" /><testcase classname="backend.tests.test_ars1000_consolide.TestARS1000ConsolidePDFExport" name="test_pdf_export_content_type" time="0.649" /><testcase classname="backend.tests.test_ars1000_consolide.TestARS1000ConsolidePDFExport" name="test_pdf_export_content_disposition" time="0.645" /><testcase classname="backend.tests.test_ars1000_consolide.TestARS1000ConsolidePDFExport" name="test_pdf_export_has_content" time="0.654" /><testcase classname="backend.tests.test_ars1000_consolide.TestARS1000ConsolideAuth" name="test_dashboard_requires_auth" time="0.171" /><testcase classname="backend.tests.test_ars1000_consolide.TestARS1000ConsolideAuth" name="test_pdf_export_requires_auth" time="0.104" /></testsuite></testsuites>