<?xml version="1.0" encoding="utf-8"?><testsuites name="pytest tests"><testsuite name="pytest" errors="0" failures="0" skipped="0" tests="21" time="9.040" timestamp="2026-02-27T23:08:06.983812+00:00" hostname="agent-env-ddf71831-f4ad-44da-977b-bc6db867ce98"><testcase classname="backend.tests.test_cooperative_api.TestCooperativeAuth" name="test_coop_login_success" time="0.548" /><testcase classname="backend.tests.test_cooperative_api.TestCooperativeAuth" name="test_coop_login_invalid_credentials" time="0.135" /><testcase classname="backend.tests.test_cooperative_api.TestCooperativeAuth" name="test_coop_profile_fields" time="0.374" /><testcase classname="backend.tests.test_cooperative_api.TestCooperativeDashboard" name="test_dashboard_returns_data" time="0.435" /><testcase classname="backend.tests.test_cooperative_api.TestCooperativeDashboard" name="test_dashboard_coop_info" time="0.441" /><testcase classname="backend.tests.test_cooperative_api.TestCooperativeDashboard" name="test_dashboard_members_section" time="0.442" /><testcase classname="backend.tests.test_cooperative_api.TestCooperativeDashboard" name="test_dashboard_unauthorized" time="0.497" /><testcase classname="backend.tests.test_cooperative_api.TestCooperativeMembers" name="test_get_members_list" time="0.428" /><testcase classname="backend.tests.test_cooperative_api.TestCooperativeMembers" name="test_get_members_with_filters" time="0.478" /><testcase classname="backend.tests.test_cooperative_api.TestCooperativeMembers" name="test_create_member" time="0.506" /><testcase classname="backend.tests.test_cooperative_api.TestCooperativeMembers" name="test_create_duplicate_member_fails" time="0.463" /><testcase classname="backend.tests.test_cooperative_api.TestCooperativeMembers" name="test_get_member_details" time="0.530" /><testcase classname="backend.tests.test_cooperative_api.TestCooperativeMembers" name="test_validate_member" time="0.623" /><testcase classname="backend.tests.test_cooperative_api.TestCooperativeLots" name="test_get_lots_list" time="0.393" /><testcase classname="backend.tests.test_cooperative_api.TestCooperativeLots" name="test_create_lot_requires_eligible_members" time="0.387" /><testcase classname="backend.tests.test_cooperative_api.TestCooperativeDistributions" name="test_get_distributions_history" time="0.427" /><testcase classname="backend.tests.test_cooperative_api.TestCooperativeReports" name="test_eudr_report" time="0.397" /><testcase classname="backend.tests.test_cooperative_api.TestCooperativeReports" name="test_village_stats" time="0.405" /><testcase classname="backend.tests.test_cooperative_api.TestCooperativeAgents" name="test_get_agents_list" time="0.418" /><testcase classname="backend.tests.test_cooperative_api.TestCooperativeAgents" name="test_create_agent" time="0.418" /><testcase classname="backend.tests.test_cooperative_api.TestCooperativeUserTypeRestriction" name="test_non_coop_user_rejected" time="0.123" /></testsuite></testsuites>